Log file open, 08/27/21 21:49:42
LogInit: Display: Running engine for game: BrackeysJamAug2021
LogPlatformFile: Not using cached read wrapper
LogTaskGraph: Started task graph with 5 named threads and 35 total threads with 3 sets of task threads.
LogStats: Stats thread started at 0.579159
LogD3D11RHI: Loaded GFSDK_Aftermath_Lib.x64.dll
LogICUInternationalization: ICU TimeZone Detection - Raw Offset: -5:00, Platform Override: ''
LogPluginManager: Mounting plugin Paper2D
LogPluginManager: Mounting plugin AISupport
LogPluginManager: Mounting plugin LightPropagationVolume
LogPluginManager: Mounting plugin CameraShakePreviewer
LogPluginManager: Mounting plugin ActorLayerUtilities
LogPluginManager: Mounting plugin AnimationSharing
LogPluginManager: Mounting plugin CLionSourceCodeAccess
LogPluginManager: Mounting plugin CodeLiteSourceCodeAccess
LogPluginManager: Mounting plugin GitSourceControl
LogPluginManager: Mounting plugin KDevelopSourceCodeAccess
LogPluginManager: Mounting plugin NullSourceCodeAccess
LogPluginManager: Mounting plugin PerforceSourceControl
LogPluginManager: Mounting plugin PlasticSourceControl
LogPluginManager: Mounting plugin RiderSourceCodeAccess
LogPluginManager: Mounting plugin SubversionSourceControl
LogPluginManager: Mounting plugin UObjectPlugin
LogPluginManager: Mounting plugin VisualStudioCodeSourceCodeAccess
LogPluginManager: Mounting plugin VisualStudioSourceCodeAccess
LogPluginManager: Mounting plugin XCodeSourceCodeAccess
LogPluginManager: Mounting plugin AssetManagerEditor
LogPluginManager: Mounting plugin CryptoKeys
LogPluginManager: Mounting plugin CurveEditorTools
LogPluginManager: Mounting plugin DataValidation
LogPluginManager: Mounting plugin EditorScriptingUtilities
LogPluginManager: Mounting plugin FacialAnimation
LogPluginManager: Mounting plugin GameplayTagsEditor
LogPluginManager: Mounting plugin GeometryMode
LogPluginManager: Mounting plugin MacGraphicsSwitching
LogPluginManager: Mounting plugin MaterialAnalyzer
LogPluginManager: Mounting plugin MobileLauncherProfileWizard
LogPluginManager: Mounting plugin PluginBrowser
LogPluginManager: Mounting plugin SpeedTreeImporter
LogPluginManager: Mounting plugin DatasmithContent
LogPluginManager: Mounting plugin VariantManagerContent
LogPluginManager: Mounting plugin AlembicImporter
LogPluginManager: Mounting plugin AutomationUtils
LogPluginManager: Mounting plugin BackChannel
LogPluginManager: Mounting plugin ChaosCloth
LogPluginManager: Mounting plugin ChaosClothEditor
LogPluginManager: Mounting plugin ChaosEditor
LogPluginManager: Mounting plugin ChaosNiagara
LogPluginManager: Mounting plugin ChaosSolverPlugin
LogPluginManager: Mounting plugin CharacterAI
LogPluginManager: Mounting plugin GeometryCache
LogPluginManager: Mounting plugin GeometryCollectionPlugin
LogPluginManager: Mounting plugin GeometryProcessing
LogPluginManager: Mounting plugin PlanarCut
LogPluginManager: Mounting plugin PlatformCrypto
LogPluginManager: Mounting plugin ProxyLODPlugin
LogPluginManager: Mounting plugin SkeletalReduction
LogPluginManager: Mounting plugin Niagara
LogPluginManager: Mounting plugin MagicLeap
LogPluginManager: Mounting plugin MagicLeapLightEstimation
LogPluginManager: Mounting plugin MagicLeapMedia
LogPluginManager: Mounting plugin MagicLeapPassableWorld
LogPluginManager: Mounting plugin MLSDK
LogPluginManager: Mounting plugin AndroidMedia
LogPluginManager: Mounting plugin AvfMedia
LogPluginManager: Mounting plugin ImgMedia
LogPluginManager: Mounting plugin MediaCompositing
LogPluginManager: Mounting plugin MediaPlayerEditor
LogPluginManager: Mounting plugin WebMMedia
LogPluginManager: Mounting plugin WmfMedia
LogPluginManager: Mounting plugin MeshPainting
LogPluginManager: Mounting plugin TcpMessaging
LogPluginManager: Mounting plugin UdpMessaging
LogPluginManager: Mounting plugin ActorSequence
LogPluginManager: Mounting plugin LevelSequenceEditor
LogPluginManager: Mounting plugin MatineeToLevelSequence
LogPluginManager: Mounting plugin MovieRenderPipeline
LogPluginManager: Mounting plugin TemplateSequence
LogPluginManager: Mounting plugin NetcodeUnitTest
LogPluginManager: Mounting plugin NUTUnrealEngine4
LogPluginManager: Mounting plugin OnlineSubsystemGooglePlay
LogPluginManager: Mounting plugin OnlineSubsystemIOS
LogPluginManager: Mounting plugin OnlineSubsystem
LogPluginManager: Mounting plugin OnlineSubsystemNull
LogPluginManager: Mounting plugin OnlineSubsystemUtils
LogPluginManager: Mounting plugin LauncherChunkInstaller
LogPluginManager: Mounting plugin AndroidDeviceProfileSelector
LogPluginManager: Mounting plugin AndroidMoviePlayer
LogPluginManager: Mounting plugin AndroidPermission
LogPluginManager: Mounting plugin AppleImageUtils
LogPluginManager: Mounting plugin AppleMoviePlayer
LogPluginManager: Mounting plugin ArchVisCharacter
LogPluginManager: Mounting plugin AssetTags
LogPluginManager: Mounting plugin AudioCapture
LogPluginManager: Mounting plugin CableComponent
LogPluginManager: Mounting plugin CustomMeshComponent
LogPluginManager: Mounting plugin EditableMesh
LogPluginManager: Mounting plugin ExampleDeviceProfileSelector
LogPluginManager: Mounting plugin GoogleCloudMessaging
LogPluginManager: Mounting plugin GooglePAD
LogPluginManager: Mounting plugin IOSDeviceProfileSelector
LogPluginManager: Mounting plugin LinuxDeviceProfileSelector
LogPluginManager: Mounting plugin LocationServicesBPLibrary
LogPluginManager: Mounting plugin MobilePatchingUtils
LogPluginManager: Mounting plugin OculusVR
LogPluginManager: Mounting plugin PhysXVehicles
LogPluginManager: Mounting plugin PostSplashScreen
LogPluginManager: Mounting plugin ProceduralMeshComponent
LogPluginManager: Mounting plugin RuntimePhysXCooking
LogPluginManager: Mounting plugin SignificanceManager
LogPluginManager: Mounting plugin SoundFields
LogPluginManager: Mounting plugin SteamVR
LogPluginManager: Mounting plugin Synthesis
LogPluginManager: Mounting plugin WebMMoviePlayer
LogPluginManager: Mounting plugin WindowsMoviePlayer
LogPluginManager: Mounting plugin ScreenshotTools
LogInit: Using libcurl 7.55.1-DEV
LogInit:  - built for x86_64-pc-win32
LogInit:  - supports SSL with OpenSSL/1.1.1
LogInit:  - supports HTTP deflate (compression) using libz 1.2.8
LogInit:  - other features:
LogInit:      CURL_VERSION_SSL
LogInit:      CURL_VERSION_LIBZ
LogInit:      CURL_VERSION_IPV6
LogInit:      CURL_VERSION_ASYNCHDNS
LogInit:      CURL_VERSION_LARGEFILE
LogInit:      CURL_VERSION_IDN
LogInit:  CurlRequestOptions (configurable via config and command line):
LogInit:  - bVerifyPeer = true  - Libcurl will verify peer certificate
LogInit:  - bUseHttpProxy = false  - Libcurl will NOT use HTTP proxy
LogInit:  - bDontReuseConnections = false  - Libcurl will reuse connections
LogInit:  - MaxHostConnections = 16  - Libcurl will limit the number of connections to a host
LogInit:  - LocalHostAddr = Default
LogInit:  - BufferSize = 65536
LogOnline: OSS: Creating online subsystem instance for: NULL
LogInit: WinSock: version 1.1 (2.2), MaxSocks=32767, MaxUdp=65467
LogOnline: OSS: TryLoadSubsystemAndSetDefault: Loaded subsystem for module [NULL]
LogInit: Build: ++UE4+Release-4.25-CL-14469661
LogInit: Engine Version: 4.25.4-14469661+++UE4+Release-4.25
LogInit: Compatible Engine Version: 4.25.0-13144385+++UE4+Release-4.25
LogInit: Net CL: 13144385
LogInit: OS: Windows 10 (Release 2009) (), CPU: Intel(R) Core(TM) i7-10750H CPU @ 2.60GHz, GPU: NVIDIA GeForce RTX 2080 Super
LogInit: Compiled (64-bit): Oct 11 2020 08:10:49
LogInit: Compiled with Visual C++: 19.24.28315.00
LogInit: Build Configuration: Development
LogInit: Branch Name: ++UE4+Release-4.25
LogInit: Command Line: 
LogInit: Base Directory: C:/Program Files/Epic Games/UE_4.25/Engine/Binaries/Win64/
LogInit: Allocator: TBB
LogInit: Installed Engine Build: 1
LogDevObjectVersion: Number of dev versions registered: 26
LogDevObjectVersion:   Dev-Blueprints (B0D832E4-1F89-4F0D-ACCF-7EB736FD4AA2): 10
LogDevObjectVersion:   Dev-Build (E1C64328-A22C-4D53-A36C-8E866417BD8C): 0
LogDevObjectVersion:   Dev-Core (375EC13C-06E4-48FB-B500-84F0262A717E): 4
LogDevObjectVersion:   Dev-Editor (E4B068ED-F494-42E9-A231-DA0B2E46BB41): 38
LogDevObjectVersion:   Dev-Framework (CFFC743F-43B0-4480-9391-14DF171D2073): 37
LogDevObjectVersion:   Dev-Mobile (B02B49B5-BB20-44E9-A304-32B752E40360): 2
LogDevObjectVersion:   Dev-Networking (A4E4105C-59A1-49B5-A7C5-40C4547EDFEE): 0
LogDevObjectVersion:   Dev-Online (39C831C9-5AE6-47DC-9A44-9C173E1C8E7C): 0
LogDevObjectVersion:   Dev-Physics (78F01B33-EBEA-4F98-B9B4-84EACCB95AA2): 4
LogDevObjectVersion:   Dev-Platform (6631380F-2D4D-43E0-8009-CF276956A95A): 0
LogDevObjectVersion:   Dev-Rendering (12F88B9F-8875-4AFC-A67C-D90C383ABD29): 43
LogDevObjectVersion:   Dev-Sequencer (7B5AE74C-D270-4C10-A958-57980B212A5A): 12
LogDevObjectVersion:   Dev-VR (D7296918-1DD6-4BDD-9DE2-64A83CC13884): 3
LogDevObjectVersion:   Dev-LoadTimes (C2A15278-BFE7-4AFE-6C17-90FF531DF755): 1
LogDevObjectVersion:   Private-Geometry (6EACA3D4-40EC-4CC1-B786-8BED09428FC5): 3
LogDevObjectVersion:   Dev-AnimPhys (29E575DD-E0A3-4627-9D10-D276232CDCEA): 17
LogDevObjectVersion:   Dev-Anim (AF43A65D-7FD3-4947-9873-3E8ED9C1BB05): 7
LogDevObjectVersion:   Dev-ReflectionCapture (6B266CEC-1EC7-4B8F-A30B-E4D90942FC07): 1
LogDevObjectVersion:   Dev-Automation (0DF73D61-A23F-47EA-B727-89E90C41499A): 1
LogDevObjectVersion:   FortniteMain (601D1886-AC64-4F84-AA16-D3DE0DEAC7D6): 31
LogDevObjectVersion:   Dev-Enterprise (9DFFBCD6-494F-0158-E221-12823C92A888): 10
LogDevObjectVersion:   Dev-Niagara (F2AED0AC-9AFE-416F-8664-AA7FFA26D6FC): 1
LogDevObjectVersion:   Dev-Destruction (174F1F0B-B4C6-45A5-B13F-2EE8D0FB917D): 10
LogDevObjectVersion:   Dev-Physics-Ext (35F94A83-E258-406C-A318-09F59610247C): 37
LogDevObjectVersion:   Dev-PhysicsMaterial-Chaos (B68FC16E-8B1B-42E2-B453-215C058844FE): 1
LogDevObjectVersion:   Dev-CineCamera (B2E18506-4273-CFC2-A54E-F4BB758BBA07): 1
LogInit: Presizing for max 25165824 objects, including 0 objects not considered by GC, pre-allocating 0 bytes for permanent pool.
LogConfig: Applying CVar settings from Section [/Script/Engine.StreamingSettings] File [D:/source/repos/BrackeysJamAug2021/BrackeysJamAug2021/Saved/Config/Windows/Engine.ini]
LogConfig: Setting CVar [[s.MinBulkDataSizeForAsyncLoading:131072]]
LogConfig: Setting CVar [[s.AsyncLoadingThreadEnabled:0]]
LogConfig: Setting CVar [[s.EventDrivenLoaderEnabled:1]]
LogConfig: Setting CVar [[s.WarnIfTimeLimitExceeded:0]]
LogConfig: Setting CVar [[s.TimeLimitExceededMultiplier:1.5]]
LogConfig: Setting CVar [[s.TimeLimitExceededMinTime:0.005]]
LogConfig: Setting CVar [[s.UseBackgroundLevelStreaming:1]]
LogConfig: Setting CVar [[s.PriorityAsyncLoadingExtraTime:15.0]]
LogConfig: Setting CVar [[s.LevelStreamingActorsUpdateTimeLimit:5.0]]
LogConfig: Setting CVar [[s.PriorityLevelStreamingActorsUpdateExtraTime:5.0]]
LogConfig: Setting CVar [[s.LevelStreamingComponentsRegistrationGranularity:10]]
LogConfig: Setting CVar [[s.UnregisterComponentsTimeLimit:1.0]]
LogConfig: Setting CVar [[s.LevelStreamingComponentsUnregistrationGranularity:5]]
LogConfig: Setting CVar [[s.FlushStreamingOnExit:1]]
LogInit: Object subsystem initialized
LogConfig: Setting CVar [[con.DebugEarlyDefault:1]]
LogConfig: Setting CVar [[r.setres:1280x720]]
[2021.08.28-01.49.43:537][  0]LogConfig: Setting CVar [[r.VSync:0]]
[2021.08.28-01.49.43:537][  0]LogConfig: Setting CVar [[r.RHICmdBypass:0]]
[2021.08.28-01.49.43:538][  0]LogConfig: Applying CVar settings from Section [/Script/Engine.RendererSettings] File [D:/source/repos/BrackeysJamAug2021/BrackeysJamAug2021/Saved/Config/Windows/Engine.ini]
[2021.08.28-01.49.43:538][  0]LogConfig: Setting CVar [[r.GPUCrashDebugging:0]]
[2021.08.28-01.49.43:538][  0]LogConfig: Applying CVar settings from Section [/Script/Engine.RendererOverrideSettings] File [D:/source/repos/BrackeysJamAug2021/BrackeysJamAug2021/Saved/Config/Windows/Engine.ini]
[2021.08.28-01.49.43:538][  0]LogConfig: Applying CVar settings from Section [/Script/Engine.StreamingSettings] File [D:/source/repos/BrackeysJamAug2021/BrackeysJamAug2021/Saved/Config/Windows/Engine.ini]
[2021.08.28-01.49.43:538][  0]LogConfig: Setting CVar [[s.MinBulkDataSizeForAsyncLoading:131072]]
[2021.08.28-01.49.43:538][  0]LogConfig: Setting CVar [[s.AsyncLoadingThreadEnabled:0]]
[2021.08.28-01.49.43:538][  0]LogConfig: Setting CVar [[s.EventDrivenLoaderEnabled:1]]
[2021.08.28-01.49.43:538][  0]LogConfig: Setting CVar [[s.WarnIfTimeLimitExceeded:0]]
[2021.08.28-01.49.43:538][  0]LogConfig: Setting CVar [[s.TimeLimitExceededMultiplier:1.5]]
[2021.08.28-01.49.43:538][  0]LogConfig: Setting CVar [[s.TimeLimitExceededMinTime:0.005]]
[2021.08.28-01.49.43:538][  0]LogConfig: Setting CVar [[s.UseBackgroundLevelStreaming:1]]
[2021.08.28-01.49.43:538][  0]LogConfig: Setting CVar [[s.PriorityAsyncLoadingExtraTime:15.0]]
[2021.08.28-01.49.43:538][  0]LogConfig: Setting CVar [[s.LevelStreamingActorsUpdateTimeLimit:5.0]]
[2021.08.28-01.49.43:538][  0]LogConfig: Setting CVar [[s.PriorityLevelStreamingActorsUpdateExtraTime:5.0]]
[2021.08.28-01.49.43:538][  0]LogConfig: Setting CVar [[s.LevelStreamingComponentsRegistrationGranularity:10]]
[2021.08.28-01.49.43:538][  0]LogConfig: Setting CVar [[s.UnregisterComponentsTimeLimit:1.0]]
[2021.08.28-01.49.43:538][  0]LogConfig: Setting CVar [[s.LevelStreamingComponentsUnregistrationGranularity:5]]
[2021.08.28-01.49.43:538][  0]LogConfig: Setting CVar [[s.FlushStreamingOnExit:1]]
[2021.08.28-01.49.43:538][  0]LogConfig: Applying CVar settings from Section [/Script/Engine.GarbageCollectionSettings] File [D:/source/repos/BrackeysJamAug2021/BrackeysJamAug2021/Saved/Config/Windows/Engine.ini]
[2021.08.28-01.49.43:538][  0]LogConfig: Setting CVar [[gc.MaxObjectsNotConsideredByGC:1]]
[2021.08.28-01.49.43:538][  0]LogConfig: Setting CVar [[gc.SizeOfPermanentObjectPool:0]]
[2021.08.28-01.49.43:538][  0]LogConfig: Setting CVar [[gc.FlushStreamingOnGC:0]]
[2021.08.28-01.49.43:538][  0]LogConfig: Setting CVar [[gc.NumRetriesBeforeForcingGC:10]]
[2021.08.28-01.49.43:538][  0]LogConfig: Setting CVar [[gc.AllowParallelGC:1]]
[2021.08.28-01.49.43:538][  0]LogConfig: Setting CVar [[gc.TimeBetweenPurgingPendingKillObjects:61.1]]
[2021.08.28-01.49.43:538][  0]LogConfig: Setting CVar [[gc.MaxObjectsInEditor:25165824]]
[2021.08.28-01.49.43:538][  0]LogConfig: Setting CVar [[gc.IncrementalBeginDestroyEnabled:1]]
[2021.08.28-01.49.43:538][  0]LogConfig: Setting CVar [[gc.CreateGCClusters:1]]
[2021.08.28-01.49.43:538][  0]LogConfig: Setting CVar [[gc.MinGCClusterSize:5]]
[2021.08.28-01.49.43:538][  0]LogConfig: Setting CVar [[gc.ActorClusteringEnabled:0]]
[2021.08.28-01.49.43:538][  0]LogConfig: Setting CVar [[gc.BlueprintClusteringEnabled:0]]
[2021.08.28-01.49.43:538][  0]LogConfig: Setting CVar [[gc.UseDisregardForGCOnDedicatedServers:0]]
[2021.08.28-01.49.43:538][  0]LogConfig: Applying CVar settings from Section [/Script/Engine.NetworkSettings] File [D:/source/repos/BrackeysJamAug2021/BrackeysJamAug2021/Saved/Config/Windows/Engine.ini]
[2021.08.28-01.49.43:538][  0]LogConfig: Applying CVar settings from Section [/Script/UnrealEd.CookerSettings] File [D:/source/repos/BrackeysJamAug2021/BrackeysJamAug2021/Saved/Config/Windows/Engine.ini]
[2021.08.28-01.49.43:542][  0]LogConfig: Applying CVar settings from Section [ViewDistanceQuality@3] File [D:/source/repos/BrackeysJamAug2021/BrackeysJamAug2021/Saved/Config/Windows/Scalability.ini]
[2021.08.28-01.49.43:542][  0]LogConfig: Setting CVar [[r.SkeletalMeshLODBias:0]]
[2021.08.28-01.49.43:542][  0]LogConfig: Setting CVar [[r.ViewDistanceScale:1.0]]
[2021.08.28-01.49.43:542][  0]LogConfig: Applying CVar settings from Section [AntiAliasingQuality@3] File [D:/source/repos/BrackeysJamAug2021/BrackeysJamAug2021/Saved/Config/Windows/Scalability.ini]
[2021.08.28-01.49.43:542][  0]LogConfig: Setting CVar [[r.PostProcessAAQuality:4]]
[2021.08.28-01.49.43:542][  0]LogConfig: Applying CVar settings from Section [ShadowQuality@3] File [D:/source/repos/BrackeysJamAug2021/BrackeysJamAug2021/Saved/Config/Windows/Scalability.ini]
[2021.08.28-01.49.43:542][  0]LogConfig: Setting CVar [[r.LightFunctionQuality:1]]
[2021.08.28-01.49.43:542][  0]LogConfig: Setting CVar [[r.ShadowQuality:5]]
[2021.08.28-01.49.43:542][  0]LogConfig: Setting CVar [[r.Shadow.CSM.MaxCascades:10]]
[2021.08.28-01.49.43:542][  0]LogConfig: Setting CVar [[r.Shadow.MaxResolution:2048]]
[2021.08.28-01.49.43:542][  0]LogConfig: Setting CVar [[r.Shadow.MaxCSMResolution:2048]]
[2021.08.28-01.49.43:542][  0]LogConfig: Setting CVar [[r.Shadow.RadiusThreshold:0.01]]
[2021.08.28-01.49.43:542][  0]LogConfig: Setting CVar [[r.Shadow.DistanceScale:1.0]]
[2021.08.28-01.49.43:542][  0]LogConfig: Setting CVar [[r.Shadow.CSM.TransitionScale:1.0]]
[2021.08.28-01.49.43:542][  0]LogConfig: Setting CVar [[r.Shadow.PreShadowResolutionFactor:1.0]]
[2021.08.28-01.49.43:542][  0]LogConfig: Setting CVar [[r.DistanceFieldShadowing:1]]
[2021.08.28-01.49.43:542][  0]LogConfig: Setting CVar [[r.DistanceFieldAO:1]]
[2021.08.28-01.49.43:542][  0]LogConfig: Setting CVar [[r.AOQuality:2]]
[2021.08.28-01.49.43:542][  0]LogConfig: Setting CVar [[r.VolumetricFog:1]]
[2021.08.28-01.49.43:542][  0]LogConfig: Setting CVar [[r.VolumetricFog.GridPixelSize:8]]
[2021.08.28-01.49.43:542][  0]LogConfig: Setting CVar [[r.VolumetricFog.GridSizeZ:128]]
[2021.08.28-01.49.43:542][  0]LogConfig: Setting CVar [[r.VolumetricFog.HistoryMissSupersampleCount:4]]
[2021.08.28-01.49.43:542][  0]LogConfig: Setting CVar [[r.LightMaxDrawDistanceScale:1]]
[2021.08.28-01.49.43:542][  0]LogConfig: Setting CVar [[r.CapsuleShadows:1]]
[2021.08.28-01.49.43:543][  0]LogConfig: Applying CVar settings from Section [PostProcessQuality@3] File [D:/source/repos/BrackeysJamAug2021/BrackeysJamAug2021/Saved/Config/Windows/Scalability.ini]
[2021.08.28-01.49.43:543][  0]LogConfig: Setting CVar [[r.MotionBlurQuality:4]]
[2021.08.28-01.49.43:543][  0]LogConfig: Setting CVar [[r.AmbientOcclusionMipLevelFactor:0.4]]
[2021.08.28-01.49.43:543][  0]LogConfig: Setting CVar [[r.AmbientOcclusionMaxQuality:100]]
[2021.08.28-01.49.43:543][  0]LogConfig: Setting CVar [[r.AmbientOcclusionLevels:-1]]
[2021.08.28-01.49.43:543][  0]LogConfig: Setting CVar [[r.AmbientOcclusionRadiusScale:1.0]]
[2021.08.28-01.49.43:543][  0]LogConfig: Setting CVar [[r.DepthOfFieldQuality:2]]
[2021.08.28-01.49.43:543][  0]LogConfig: Setting CVar [[r.RenderTargetPoolMin:400]]
[2021.08.28-01.49.43:543][  0]LogConfig: Setting CVar [[r.LensFlareQuality:2]]
[2021.08.28-01.49.43:543][  0]LogConfig: Setting CVar [[r.SceneColorFringeQuality:1]]
[2021.08.28-01.49.43:543][  0]LogConfig: Setting CVar [[r.EyeAdaptationQuality:2]]
[2021.08.28-01.49.43:543][  0]LogConfig: Setting CVar [[r.BloomQuality:5]]
[2021.08.28-01.49.43:543][  0]LogConfig: Setting CVar [[r.FastBlurThreshold:100]]
[2021.08.28-01.49.43:543][  0]LogConfig: Setting CVar [[r.Upscale.Quality:3]]
[2021.08.28-01.49.43:543][  0]LogConfig: Setting CVar [[r.Tonemapper.GrainQuantization:1]]
[2021.08.28-01.49.43:543][  0]LogConfig: Setting CVar [[r.LightShaftQuality:1]]
[2021.08.28-01.49.43:543][  0]LogConfig: Setting CVar [[r.Filter.SizeScale:1]]
[2021.08.28-01.49.43:543][  0]LogConfig: Setting CVar [[r.Tonemapper.Quality:5]]
[2021.08.28-01.49.43:543][  0]LogConfig: Setting CVar [[r.DOF.Gather.AccumulatorQuality:1        ; higher gathering accumulator quality]]
[2021.08.28-01.49.43:543][  0]LogConfig: Setting CVar [[r.DOF.Gather.PostfilterMethod:1          ; Median3x3 postfilering method]]
[2021.08.28-01.49.43:543][  0]LogConfig: Setting CVar [[r.DOF.Gather.EnableBokehSettings:0       ; no bokeh simulation when gathering]]
[2021.08.28-01.49.43:543][  0]LogConfig: Setting CVar [[r.DOF.Gather.RingCount:4                 ; medium number of samples when gathering]]
[2021.08.28-01.49.43:543][  0]LogConfig: Setting CVar [[r.DOF.Scatter.ForegroundCompositing:1    ; additive foreground scattering]]
[2021.08.28-01.49.43:543][  0]LogConfig: Setting CVar [[r.DOF.Scatter.BackgroundCompositing:2    ; additive background scattering]]
[2021.08.28-01.49.43:543][  0]LogConfig: Setting CVar [[r.DOF.Scatter.EnableBokehSettings:1      ; bokeh simulation when scattering]]
[2021.08.28-01.49.43:543][  0]LogConfig: Setting CVar [[r.DOF.Scatter.MaxSpriteRatio:0.1         ; only a maximum of 10% of scattered bokeh]]
[2021.08.28-01.49.43:543][  0]LogConfig: Setting CVar [[r.DOF.Recombine.Quality:1                ; cheap slight out of focus]]
[2021.08.28-01.49.43:543][  0]LogConfig: Setting CVar [[r.DOF.Recombine.EnableBokehSettings:0    ; no bokeh simulation on slight out of focus]]
[2021.08.28-01.49.43:543][  0]LogConfig: Setting CVar [[r.DOF.TemporalAAQuality:1                ; more stable temporal accumulation]]
[2021.08.28-01.49.43:543][  0]LogConfig: Setting CVar [[r.DOF.Kernel.MaxForegroundRadius:0.025]]
[2021.08.28-01.49.43:543][  0]LogConfig: Setting CVar [[r.DOF.Kernel.MaxBackgroundRadius:0.025]]
[2021.08.28-01.49.43:543][  0]LogConfig: Applying CVar settings from Section [TextureQuality@3] File [D:/source/repos/BrackeysJamAug2021/BrackeysJamAug2021/Saved/Config/Windows/Scalability.ini]
[2021.08.28-01.49.43:543][  0]LogConfig: Setting CVar [[r.Streaming.MipBias:0]]
[2021.08.28-01.49.43:543][  0]LogConfig: Setting CVar [[r.Streaming.AmortizeCPUToGPUCopy:0]]
[2021.08.28-01.49.43:543][  0]LogConfig: Setting CVar [[r.Streaming.MaxNumTexturesToStreamPerFrame:0]]
[2021.08.28-01.49.43:543][  0]LogConfig: Setting CVar [[r.Streaming.Boost:1]]
[2021.08.28-01.49.43:543][  0]LogConfig: Setting CVar [[r.MaxAnisotropy:8]]
[2021.08.28-01.49.43:543][  0]LogConfig: Setting CVar [[r.VT.MaxAnisotropy:8]]
[2021.08.28-01.49.43:543][  0]LogConfig: Setting CVar [[r.Streaming.LimitPoolSizeToVRAM:0]]
[2021.08.28-01.49.43:543][  0]LogConfig: Setting CVar [[r.Streaming.PoolSize:1000]]
[2021.08.28-01.49.43:543][  0]LogConfig: Setting CVar [[r.Streaming.MaxEffectiveScreenSize:0]]
[2021.08.28-01.49.43:543][  0]LogConfig: Applying CVar settings from Section [EffectsQuality@3] File [D:/source/repos/BrackeysJamAug2021/BrackeysJamAug2021/Saved/Config/Windows/Scalability.ini]
[2021.08.28-01.49.43:543][  0]LogConfig: Setting CVar [[r.TranslucencyLightingVolumeDim:64]]
[2021.08.28-01.49.43:543][  0]LogConfig: Setting CVar [[r.RefractionQuality:2]]
[2021.08.28-01.49.43:543][  0]LogConfig: Setting CVar [[r.SSR.Quality:3]]
[2021.08.28-01.49.43:543][  0]LogConfig: Setting CVar [[r.SSR.HalfResSceneColor:0]]
[2021.08.28-01.49.43:543][  0]LogConfig: Setting CVar [[r.SceneColorFormat:4]]
[2021.08.28-01.49.43:543][  0]LogConfig: Setting CVar [[r.DetailMode:2]]
[2021.08.28-01.49.43:543][  0]LogConfig: Setting CVar [[r.TranslucencyVolumeBlur:1]]
[2021.08.28-01.49.43:543][  0]LogConfig: Setting CVar [[r.MaterialQualityLevel:1 ; High quality]]
[2021.08.28-01.49.43:543][  0]LogConfig: Setting CVar [[r.SSS.Scale:1]]
[2021.08.28-01.49.43:543][  0]LogConfig: Setting CVar [[r.SSS.SampleSet:2]]
[2021.08.28-01.49.43:543][  0]LogConfig: Setting CVar [[r.SSS.Quality:1]]
[2021.08.28-01.49.43:543][  0]LogConfig: Setting CVar [[r.SSS.HalfRes:0]]
[2021.08.28-01.49.43:543][  0]LogConfig: Setting CVar [[r.SSGI.Quality:3]]
[2021.08.28-01.49.43:543][  0]LogConfig: Setting CVar [[r.EmitterSpawnRateScale:1.0]]
[2021.08.28-01.49.43:543][  0]LogConfig: Setting CVar [[r.ParticleLightQuality:2]]
[2021.08.28-01.49.43:543][  0]LogConfig: Setting CVar [[r.SkyAtmosphere.AerialPerspectiveLUT.FastApplyOnOpaque:1 ; Always have FastSkyLUT 1 in this case to avoid wrong sky]]
[2021.08.28-01.49.43:543][  0]LogConfig: Setting CVar [[r.SkyAtmosphere.AerialPerspectiveLUT.SampleCountPerSlice:1]]
[2021.08.28-01.49.43:543][  0]LogConfig: Setting CVar [[r.SkyAtmosphere.AerialPerspectiveLUT.DepthResolution:16.0]]
[2021.08.28-01.49.43:543][  0]LogConfig: Setting CVar [[r.SkyAtmosphere.FastSkyLUT:1]]
[2021.08.28-01.49.43:543][  0]LogConfig: Setting CVar [[r.SkyAtmosphere.FastSkyLUT.SampleCountMin:4.0]]
[2021.08.28-01.49.43:543][  0]LogConfig: Setting CVar [[r.SkyAtmosphere.FastSkyLUT.SampleCountMax:32.0]]
[2021.08.28-01.49.43:543][  0]LogConfig: Setting CVar [[r.SkyAtmosphere.SampleCountMin:4.0]]
[2021.08.28-01.49.43:543][  0]LogConfig: Setting CVar [[r.SkyAtmosphere.SampleCountMax:32.0]]
[2021.08.28-01.49.43:543][  0]LogConfig: Setting CVar [[r.SkyAtmosphere.TransmittanceLUT.UseSmallFormat:0]]
[2021.08.28-01.49.43:543][  0]LogConfig: Setting CVar [[r.SkyAtmosphere.TransmittanceLUT.SampleCount:10.0]]
[2021.08.28-01.49.43:543][  0]LogConfig: Setting CVar [[r.SkyAtmosphere.MultiScatteringLUT.SampleCount:15.0]]
[2021.08.28-01.49.43:543][  0]LogConfig: Applying CVar settings from Section [FoliageQuality@3] File [D:/source/repos/BrackeysJamAug2021/BrackeysJamAug2021/Saved/Config/Windows/Scalability.ini]
[2021.08.28-01.49.43:543][  0]LogConfig: Setting CVar [[foliage.DensityScale:1.0]]
[2021.08.28-01.49.43:543][  0]LogConfig: Setting CVar [[grass.DensityScale:1.0]]
[2021.08.28-01.49.43:543][  0]LogConfig: Applying CVar settings from Section [ShadingQuality@3] File [D:/source/repos/BrackeysJamAug2021/BrackeysJamAug2021/Saved/Config/Windows/Scalability.ini]
[2021.08.28-01.49.43:543][  0]LogConfig: Setting CVar [[r.HairStrands.SkyLighting.SampleCount:16]]
[2021.08.28-01.49.43:543][  0]LogConfig: Setting CVar [[r.HairStrands.SkyLighting.JitterIntegration:0]]
[2021.08.28-01.49.43:543][  0]LogConfig: Setting CVar [[r.HairStrands.SkyAO.SampleCount:16]]
[2021.08.28-01.49.43:543][  0]LogConfig: Setting CVar [[r.HairStrands.DeepShadow.SuperSampling:0]]
[2021.08.28-01.49.43:543][  0]LogConfig: Setting CVar [[r.HairStrands.VisibilityPPLL:0]]
[2021.08.28-01.49.43:543][  0]LogConfig: Setting CVar [[r.HairStrands.RasterizationScale:0.5]]
[2021.08.28-01.49.43:543][  0]LogConfig: Setting CVar [[r.HairStrands.VelocityRasterizationScale:1]]
[2021.08.28-01.49.43:543][  0]LogInit: Selected Device Profile: [Windows]
[2021.08.28-01.49.43:543][  0]LogInit: Applying CVar settings loaded from the selected device profile: [Windows]
[2021.08.28-01.49.43:544][  0]LogHAL: Display: Platform has ~ 16 GB [16991240192 / 17179869184 / 16], which maps to Larger [LargestMinGB=32, LargerMinGB=12, DefaultMinGB=8, SmallerMinGB=6, SmallestMinGB=0)
[2021.08.28-01.49.43:544][  0]LogInit: Going up to parent DeviceProfile []
[2021.08.28-01.49.43:544][  0]LogConfig: Applying CVar settings from Section [ViewDistanceQuality@3] File [D:/source/repos/BrackeysJamAug2021/BrackeysJamAug2021/Saved/Config/Windows/Scalability.ini]
[2021.08.28-01.49.43:544][  0]LogConfig: Setting CVar [[r.SkeletalMeshLODBias:0]]
[2021.08.28-01.49.43:544][  0]LogConfig: Setting CVar [[r.ViewDistanceScale:1.0]]
[2021.08.28-01.49.43:544][  0]LogConfig: Applying CVar settings from Section [AntiAliasingQuality@3] File [D:/source/repos/BrackeysJamAug2021/BrackeysJamAug2021/Saved/Config/Windows/Scalability.ini]
[2021.08.28-01.49.43:544][  0]LogConfig: Setting CVar [[r.PostProcessAAQuality:4]]
[2021.08.28-01.49.43:544][  0]LogConfig: Applying CVar settings from Section [ShadowQuality@3] File [D:/source/repos/BrackeysJamAug2021/BrackeysJamAug2021/Saved/Config/Windows/Scalability.ini]
[2021.08.28-01.49.43:544][  0]LogConfig: Setting CVar [[r.LightFunctionQuality:1]]
[2021.08.28-01.49.43:544][  0]LogConfig: Setting CVar [[r.ShadowQuality:5]]
[2021.08.28-01.49.43:544][  0]LogConfig: Setting CVar [[r.Shadow.CSM.MaxCascades:10]]
[2021.08.28-01.49.43:544][  0]LogConfig: Setting CVar [[r.Shadow.MaxResolution:2048]]
[2021.08.28-01.49.43:545][  0]LogConfig: Setting CVar [[r.Shadow.MaxCSMResolution:2048]]
[2021.08.28-01.49.43:545][  0]LogConfig: Setting CVar [[r.Shadow.RadiusThreshold:0.01]]
[2021.08.28-01.49.43:545][  0]LogConfig: Setting CVar [[r.Shadow.DistanceScale:1.0]]
[2021.08.28-01.49.43:545][  0]LogConfig: Setting CVar [[r.Shadow.CSM.TransitionScale:1.0]]
[2021.08.28-01.49.43:545][  0]LogConfig: Setting CVar [[r.Shadow.PreShadowResolutionFactor:1.0]]
[2021.08.28-01.49.43:545][  0]LogConfig: Setting CVar [[r.DistanceFieldShadowing:1]]
[2021.08.28-01.49.43:545][  0]LogConfig: Setting CVar [[r.DistanceFieldAO:1]]
[2021.08.28-01.49.43:545][  0]LogConfig: Setting CVar [[r.AOQuality:2]]
[2021.08.28-01.49.43:545][  0]LogConfig: Setting CVar [[r.VolumetricFog:1]]
[2021.08.28-01.49.43:545][  0]LogConfig: Setting CVar [[r.VolumetricFog.GridPixelSize:8]]
[2021.08.28-01.49.43:545][  0]LogConfig: Setting CVar [[r.VolumetricFog.GridSizeZ:128]]
[2021.08.28-01.49.43:545][  0]LogConfig: Setting CVar [[r.VolumetricFog.HistoryMissSupersampleCount:4]]
[2021.08.28-01.49.43:545][  0]LogConfig: Setting CVar [[r.LightMaxDrawDistanceScale:1]]
[2021.08.28-01.49.43:545][  0]LogConfig: Setting CVar [[r.CapsuleShadows:1]]
[2021.08.28-01.49.43:545][  0]LogConfig: Applying CVar settings from Section [PostProcessQuality@3] File [D:/source/repos/BrackeysJamAug2021/BrackeysJamAug2021/Saved/Config/Windows/Scalability.ini]
[2021.08.28-01.49.43:545][  0]LogConfig: Setting CVar [[r.MotionBlurQuality:4]]
[2021.08.28-01.49.43:545][  0]LogConfig: Setting CVar [[r.AmbientOcclusionMipLevelFactor:0.4]]
[2021.08.28-01.49.43:545][  0]LogConfig: Setting CVar [[r.AmbientOcclusionMaxQuality:100]]
[2021.08.28-01.49.43:545][  0]LogConfig: Setting CVar [[r.AmbientOcclusionLevels:-1]]
[2021.08.28-01.49.43:545][  0]LogConfig: Setting CVar [[r.AmbientOcclusionRadiusScale:1.0]]
[2021.08.28-01.49.43:545][  0]LogConfig: Setting CVar [[r.DepthOfFieldQuality:2]]
[2021.08.28-01.49.43:545][  0]LogConfig: Setting CVar [[r.RenderTargetPoolMin:400]]
[2021.08.28-01.49.43:545][  0]LogConfig: Setting CVar [[r.LensFlareQuality:2]]
[2021.08.28-01.49.43:545][  0]LogConfig: Setting CVar [[r.SceneColorFringeQuality:1]]
[2021.08.28-01.49.43:545][  0]LogConfig: Setting CVar [[r.EyeAdaptationQuality:2]]
[2021.08.28-01.49.43:545][  0]LogConfig: Setting CVar [[r.BloomQuality:5]]
[2021.08.28-01.49.43:545][  0]LogConfig: Setting CVar [[r.FastBlurThreshold:100]]
[2021.08.28-01.49.43:545][  0]LogConfig: Setting CVar [[r.Upscale.Quality:3]]
[2021.08.28-01.49.43:545][  0]LogConfig: Setting CVar [[r.Tonemapper.GrainQuantization:1]]
[2021.08.28-01.49.43:545][  0]LogConfig: Setting CVar [[r.LightShaftQuality:1]]
[2021.08.28-01.49.43:545][  0]LogConfig: Setting CVar [[r.Filter.SizeScale:1]]
[2021.08.28-01.49.43:545][  0]LogConfig: Setting CVar [[r.Tonemapper.Quality:5]]
[2021.08.28-01.49.43:545][  0]LogConfig: Setting CVar [[r.DOF.Gather.AccumulatorQuality:1        ; higher gathering accumulator quality]]
[2021.08.28-01.49.43:545][  0]LogConfig: Setting CVar [[r.DOF.Gather.PostfilterMethod:1          ; Median3x3 postfilering method]]
[2021.08.28-01.49.43:545][  0]LogConfig: Setting CVar [[r.DOF.Gather.EnableBokehSettings:0       ; no bokeh simulation when gathering]]
[2021.08.28-01.49.43:545][  0]LogConfig: Setting CVar [[r.DOF.Gather.RingCount:4                 ; medium number of samples when gathering]]
[2021.08.28-01.49.43:545][  0]LogConfig: Setting CVar [[r.DOF.Scatter.ForegroundCompositing:1    ; additive foreground scattering]]
[2021.08.28-01.49.43:545][  0]LogConfig: Setting CVar [[r.DOF.Scatter.BackgroundCompositing:2    ; additive background scattering]]
[2021.08.28-01.49.43:545][  0]LogConfig: Setting CVar [[r.DOF.Scatter.EnableBokehSettings:1      ; bokeh simulation when scattering]]
[2021.08.28-01.49.43:545][  0]LogConfig: Setting CVar [[r.DOF.Scatter.MaxSpriteRatio:0.1         ; only a maximum of 10% of scattered bokeh]]
[2021.08.28-01.49.43:545][  0]LogConfig: Setting CVar [[r.DOF.Recombine.Quality:1                ; cheap slight out of focus]]
[2021.08.28-01.49.43:545][  0]LogConfig: Setting CVar [[r.DOF.Recombine.EnableBokehSettings:0    ; no bokeh simulation on slight out of focus]]
[2021.08.28-01.49.43:545][  0]LogConfig: Setting CVar [[r.DOF.TemporalAAQuality:1                ; more stable temporal accumulation]]
[2021.08.28-01.49.43:545][  0]LogConfig: Setting CVar [[r.DOF.Kernel.MaxForegroundRadius:0.025]]
[2021.08.28-01.49.43:545][  0]LogConfig: Setting CVar [[r.DOF.Kernel.MaxBackgroundRadius:0.025]]
[2021.08.28-01.49.43:545][  0]LogConfig: Applying CVar settings from Section [TextureQuality@3] File [D:/source/repos/BrackeysJamAug2021/BrackeysJamAug2021/Saved/Config/Windows/Scalability.ini]
[2021.08.28-01.49.43:545][  0]LogConfig: Setting CVar [[r.Streaming.MipBias:0]]
[2021.08.28-01.49.43:545][  0]LogConfig: Setting CVar [[r.Streaming.AmortizeCPUToGPUCopy:0]]
[2021.08.28-01.49.43:545][  0]LogConfig: Setting CVar [[r.Streaming.MaxNumTexturesToStreamPerFrame:0]]
[2021.08.28-01.49.43:545][  0]LogConfig: Setting CVar [[r.Streaming.Boost:1]]
[2021.08.28-01.49.43:545][  0]LogConfig: Setting CVar [[r.MaxAnisotropy:8]]
[2021.08.28-01.49.43:545][  0]LogConfig: Setting CVar [[r.VT.MaxAnisotropy:8]]
[2021.08.28-01.49.43:545][  0]LogConfig: Setting CVar [[r.Streaming.LimitPoolSizeToVRAM:0]]
[2021.08.28-01.49.43:545][  0]LogConfig: Setting CVar [[r.Streaming.PoolSize:1000]]
[2021.08.28-01.49.43:545][  0]LogConfig: Setting CVar [[r.Streaming.MaxEffectiveScreenSize:0]]
[2021.08.28-01.49.43:545][  0]LogConfig: Applying CVar settings from Section [EffectsQuality@3] File [D:/source/repos/BrackeysJamAug2021/BrackeysJamAug2021/Saved/Config/Windows/Scalability.ini]
[2021.08.28-01.49.43:545][  0]LogConfig: Setting CVar [[r.TranslucencyLightingVolumeDim:64]]
[2021.08.28-01.49.43:545][  0]LogConfig: Setting CVar [[r.RefractionQuality:2]]
[2021.08.28-01.49.43:545][  0]LogConfig: Setting CVar [[r.SSR.Quality:3]]
[2021.08.28-01.49.43:545][  0]LogConfig: Setting CVar [[r.SSR.HalfResSceneColor:0]]
[2021.08.28-01.49.43:545][  0]LogConfig: Setting CVar [[r.SceneColorFormat:4]]
[2021.08.28-01.49.43:545][  0]LogConfig: Setting CVar [[r.DetailMode:2]]
[2021.08.28-01.49.43:545][  0]LogConfig: Setting CVar [[r.TranslucencyVolumeBlur:1]]
[2021.08.28-01.49.43:545][  0]LogConfig: Setting CVar [[r.MaterialQualityLevel:1 ; High quality]]
[2021.08.28-01.49.43:545][  0]LogConfig: Setting CVar [[r.SSS.Scale:1]]
[2021.08.28-01.49.43:545][  0]LogConfig: Setting CVar [[r.SSS.SampleSet:2]]
[2021.08.28-01.49.43:545][  0]LogConfig: Setting CVar [[r.SSS.Quality:1]]
[2021.08.28-01.49.43:545][  0]LogConfig: Setting CVar [[r.SSS.HalfRes:0]]
[2021.08.28-01.49.43:545][  0]LogConfig: Setting CVar [[r.SSGI.Quality:3]]
[2021.08.28-01.49.43:545][  0]LogConfig: Setting CVar [[r.EmitterSpawnRateScale:1.0]]
[2021.08.28-01.49.43:545][  0]LogConfig: Setting CVar [[r.ParticleLightQuality:2]]
[2021.08.28-01.49.43:545][  0]LogConfig: Setting CVar [[r.SkyAtmosphere.AerialPerspectiveLUT.FastApplyOnOpaque:1 ; Always have FastSkyLUT 1 in this case to avoid wrong sky]]
[2021.08.28-01.49.43:545][  0]LogConfig: Setting CVar [[r.SkyAtmosphere.AerialPerspectiveLUT.SampleCountPerSlice:1]]
[2021.08.28-01.49.43:545][  0]LogConfig: Setting CVar [[r.SkyAtmosphere.AerialPerspectiveLUT.DepthResolution:16.0]]
[2021.08.28-01.49.43:545][  0]LogConfig: Setting CVar [[r.SkyAtmosphere.FastSkyLUT:1]]
[2021.08.28-01.49.43:545][  0]LogConfig: Setting CVar [[r.SkyAtmosphere.FastSkyLUT.SampleCountMin:4.0]]
[2021.08.28-01.49.43:545][  0]LogConfig: Setting CVar [[r.SkyAtmosphere.FastSkyLUT.SampleCountMax:32.0]]
[2021.08.28-01.49.43:545][  0]LogConfig: Setting CVar [[r.SkyAtmosphere.SampleCountMin:4.0]]
[2021.08.28-01.49.43:545][  0]LogConfig: Setting CVar [[r.SkyAtmosphere.SampleCountMax:32.0]]
[2021.08.28-01.49.43:545][  0]LogConfig: Setting CVar [[r.SkyAtmosphere.TransmittanceLUT.UseSmallFormat:0]]
[2021.08.28-01.49.43:545][  0]LogConfig: Setting CVar [[r.SkyAtmosphere.TransmittanceLUT.SampleCount:10.0]]
[2021.08.28-01.49.43:545][  0]LogConfig: Setting CVar [[r.SkyAtmosphere.MultiScatteringLUT.SampleCount:15.0]]
[2021.08.28-01.49.43:545][  0]LogConfig: Applying CVar settings from Section [FoliageQuality@3] File [D:/source/repos/BrackeysJamAug2021/BrackeysJamAug2021/Saved/Config/Windows/Scalability.ini]
[2021.08.28-01.49.43:545][  0]LogConfig: Setting CVar [[foliage.DensityScale:1.0]]
[2021.08.28-01.49.43:545][  0]LogConfig: Setting CVar [[grass.DensityScale:1.0]]
[2021.08.28-01.49.43:545][  0]LogConfig: Applying CVar settings from Section [ShadingQuality@3] File [D:/source/repos/BrackeysJamAug2021/BrackeysJamAug2021/Saved/Config/Windows/Scalability.ini]
[2021.08.28-01.49.43:545][  0]LogConfig: Setting CVar [[r.HairStrands.SkyLighting.SampleCount:16]]
[2021.08.28-01.49.43:545][  0]LogConfig: Setting CVar [[r.HairStrands.SkyLighting.JitterIntegration:0]]
[2021.08.28-01.49.43:545][  0]LogConfig: Setting CVar [[r.HairStrands.SkyAO.SampleCount:16]]
[2021.08.28-01.49.43:545][  0]LogConfig: Setting CVar [[r.HairStrands.DeepShadow.SuperSampling:0]]
[2021.08.28-01.49.43:545][  0]LogConfig: Setting CVar [[r.HairStrands.VisibilityPPLL:0]]
[2021.08.28-01.49.43:545][  0]LogConfig: Setting CVar [[r.HairStrands.RasterizationScale:0.5]]
[2021.08.28-01.49.43:545][  0]LogConfig: Setting CVar [[r.HairStrands.VelocityRasterizationScale:1]]
[2021.08.28-01.49.43:545][  0]LogConfig: Applying CVar settings from Section [Startup] File [../../../Engine/Config/ConsoleVariables.ini]
[2021.08.28-01.49.43:548][  0]LogConfig: Setting CVar [[net.UseAdaptiveNetUpdateFrequency:0]]
[2021.08.28-01.49.43:548][  0]LogConfig: Setting CVar [[p.chaos.AllowCreatePhysxBodies:1]]
[2021.08.28-01.49.43:548][  0]LogConfig: Setting CVar [[fx.SkipVectorVMBackendOptimizations:1]]
[2021.08.28-01.49.43:548][  0]LogConfig: Applying CVar settings from Section [ConsoleVariables] File [D:/source/repos/BrackeysJamAug2021/BrackeysJamAug2021/Saved/Config/Windows/Engine.ini]
[2021.08.28-01.49.43:548][  0]LogInit: Computer: MSI
[2021.08.28-01.49.43:548][  0]LogInit: User: dalto
[2021.08.28-01.49.43:548][  0]LogInit: CPU Page size=4096, Cores=6
[2021.08.28-01.49.43:548][  0]LogInit: High frequency timer resolution =10.000000 MHz
[2021.08.28-01.49.43:548][  0]LogMemory: Memory total: Physical=15.8GB (16GB approx)
[2021.08.28-01.49.43:548][  0]LogMemory: Platform Memory Stats for Windows
[2021.08.28-01.49.43:548][  0]LogMemory: Process Physical Memory: 120.49 MB used, 120.49 MB peak
[2021.08.28-01.49.43:548][  0]LogMemory: Process Virtual Memory: 98.24 MB used, 98.24 MB peak
[2021.08.28-01.49.43:548][  0]LogMemory: Physical Memory: 9195.70 MB used,  7008.41 MB free, 16204.11 MB total
[2021.08.28-01.49.43:548][  0]LogMemory: Virtual Memory: 5168.22 MB used,  134212560.00 MB free, 134217728.00 MB total
[2021.08.28-01.49.43:554][  0]LogWindows: WindowsPlatformFeatures enabled
[2021.08.28-01.49.43:695][  0]LogInit: Physics initialised using underlying interface: PhysX
[2021.08.28-01.49.43:697][  0]LogInit: Using OS detected language (en-US).
[2021.08.28-01.49.43:697][  0]LogInit: Using OS detected locale (en-US).
[2021.08.28-01.49.43:712][  0]LogTextLocalizationManager: No specific localization for 'en-US' exists, so the 'en' localization will be used.
[2021.08.28-01.49.43:929][  0]LogInit: Setting process to per monitor DPI aware
[2021.08.28-01.49.43:999][  0]LogSlate: New Slate User Created.  User Index 0, Is Virtual User: 0
[2021.08.28-01.49.43:999][  0]LogSlate: Slate User Registered.  User Index 0, Is Virtual User: 0
[2021.08.28-01.49.44:329][  0]LogHMD: Failed to initialize OpenVR with code 110
[2021.08.28-01.49.44:329][  0]LogD3D11RHI: D3D11 min allowed feature level: 11_0
[2021.08.28-01.49.44:329][  0]LogD3D11RHI: D3D11 max allowed feature level: 11_0
[2021.08.28-01.49.44:329][  0]LogD3D11RHI: D3D11 adapters:
[2021.08.28-01.49.44:442][  0]LogD3D11RHI:    0. 'NVIDIA GeForce RTX 2080 Super' (Feature Level 11_0)
[2021.08.28-01.49.44:442][  0]LogD3D11RHI:       8010/0/8102 MB DedicatedVideo/DedicatedSystem/SharedSystem, Outputs:2, VendorId:0x10de
[2021.08.28-01.49.44:545][  0]LogD3D11RHI:    1. 'Intel(R) UHD Graphics' (Feature Level 11_0)
[2021.08.28-01.49.44:545][  0]LogD3D11RHI:       128/0/8102 MB DedicatedVideo/DedicatedSystem/SharedSystem, Outputs:0, VendorId:0x8086
[2021.08.28-01.49.44:549][  0]LogD3D11RHI:    2. 'Microsoft Basic Render Driver' (Feature Level 11_0)
[2021.08.28-01.49.44:549][  0]LogD3D11RHI:       0/0/8102 MB DedicatedVideo/DedicatedSystem/SharedSystem, Outputs:0, VendorId:0x1414
[2021.08.28-01.49.44:663][  0]LogD3D11RHI:    3. 'Intel(R) UHD Graphics' (Feature Level 11_0)
[2021.08.28-01.49.44:663][  0]LogD3D11RHI:       128/0/8102 MB DedicatedVideo/DedicatedSystem/SharedSystem, Outputs:0, VendorId:0x8086
[2021.08.28-01.49.44:663][  0]LogD3D11RHI: Chosen D3D11 Adapter: 0
[2021.08.28-01.49.44:669][  0]LogD3D11RHI: Creating new Direct3DDevice
[2021.08.28-01.49.44:669][  0]LogD3D11RHI:     GPU DeviceId: 0x1e93 (for the marketing name, search the web for "GPU Device Id")
[2021.08.28-01.49.44:669][  0]LogWindows: EnumDisplayDevices:
[2021.08.28-01.49.44:669][  0]LogWindows:    0. 'Intel(R) UHD Graphics' (P:0 D:0)
[2021.08.28-01.49.44:669][  0]LogWindows:    1. 'Intel(R) UHD Graphics' (P:0 D:0)
[2021.08.28-01.49.44:669][  0]LogWindows:    2. 'Intel(R) UHD Graphics' (P:0 D:0)
[2021.08.28-01.49.44:669][  0]LogWindows:    3. 'NVIDIA GeForce RTX 2080 Super' (P:1 D:1)
[2021.08.28-01.49.44:670][  0]LogWindows:    4. 'NVIDIA GeForce RTX 2080 Super' (P:0 D:1)
[2021.08.28-01.49.44:670][  0]LogWindows:    5. 'NVIDIA GeForce RTX 2080 Super' (P:0 D:0)
[2021.08.28-01.49.44:670][  0]LogWindows:    6. 'NVIDIA GeForce RTX 2080 Super' (P:0 D:0)
[2021.08.28-01.49.44:670][  0]LogWindows:    7. 'DisplayLink USB Device' (P:0 D:0)
[2021.08.28-01.49.44:670][  0]LogWindows:    8. 'DisplayLink USB Device' (P:0 D:0)
[2021.08.28-01.49.44:670][  0]LogWindows: DebugString: PrimaryIsNotTheChoosenAdapter PrimaryIsNotTheChoosenAdapter PrimaryIsNotTheChoosenAdapter GetVideoDriverDetailsInvalid PrimaryIsNotTheChoosenAdapter GetVideoDriverDetailsInvalid PrimaryIsNotTheChoosenAdapter FoundDriverCount:4 
[2021.08.28-01.49.44:670][  0]LogD3D11RHI:     Adapter Name: NVIDIA GeForce RTX 2080 Super
[2021.08.28-01.49.44:670][  0]LogD3D11RHI:   Driver Version: 460.89 (internal:27.21.14.6089, unified:460.89)
[2021.08.28-01.49.44:670][  0]LogD3D11RHI:      Driver Date: 12-11-2020
[2021.08.28-01.49.44:670][  0]LogRHI: Texture pool is 5607 MB (70% of 8010 MB)
[2021.08.28-01.49.44:753][  0]LogD3D11RHI: RHI has support for 64 bit atomics
[2021.08.28-01.49.44:754][  0]LogD3D11RHI: Async texture creation enabled
[2021.08.28-01.49.44:754][  0]LogD3D11RHI: Array index from any shader is supported
[2021.08.28-01.49.44:791][  0]LogD3D11RHI: GPU Timing Frequency: 1000.000000 (Debug: 2 2)
[2021.08.28-01.49.45:266][  0]LogTargetPlatformManager: Display: Loaded TargetPlatform 'AllDesktop'
[2021.08.28-01.49.45:295][  0]LogTargetPlatformManager: Display: Loaded TargetPlatform 'Android'
[2021.08.28-01.49.45:295][  0]LogTargetPlatformManager: Display: Loaded TargetPlatform 'Android_ASTC'
[2021.08.28-01.49.45:295][  0]LogTargetPlatformManager: Display: Loaded TargetPlatform 'Android_DXT'
[2021.08.28-01.49.45:295][  0]LogTargetPlatformManager: Display: Loaded TargetPlatform 'Android_ETC2'
[2021.08.28-01.49.45:295][  0]LogTargetPlatformManager: Display: Loaded TargetPlatform 'AndroidClient'
[2021.08.28-01.49.45:295][  0]LogTargetPlatformManager: Display: Loaded TargetPlatform 'Android_ASTCClient'
[2021.08.28-01.49.45:295][  0]LogTargetPlatformManager: Display: Loaded TargetPlatform 'Android_DXTClient'
[2021.08.28-01.49.45:295][  0]LogTargetPlatformManager: Display: Loaded TargetPlatform 'Android_ETC2Client'
[2021.08.28-01.49.45:295][  0]LogTargetPlatformManager: Display: Loaded TargetPlatform 'Android_Multi'
[2021.08.28-01.49.45:295][  0]LogTargetPlatformManager: Display: Loaded TargetPlatform 'Android_MultiClient'
[2021.08.28-01.49.45:334][  0]LogTargetPlatformManager: Display: Loaded TargetPlatform 'IOSClient'
[2021.08.28-01.49.45:334][  0]LogTargetPlatformManager: Display: Loaded TargetPlatform 'IOS'
[2021.08.28-01.49.45:349][  0]LogTargetPlatformManager: Display: Loaded TargetPlatform 'Linux'
[2021.08.28-01.49.45:363][  0]LogTargetPlatformManager: Display: Loaded TargetPlatform 'LinuxNoEditor'
[2021.08.28-01.49.45:374][  0]LogTargetPlatformManager: Display: Loaded TargetPlatform 'LinuxClient'
[2021.08.28-01.49.45:384][  0]LogTargetPlatformManager: Display: Loaded TargetPlatform 'LinuxServer'
[2021.08.28-01.49.45:399][  0]LogTargetPlatformManager: Display: Loaded TargetPlatform 'LinuxAArch64NoEditor'
[2021.08.28-01.49.45:412][  0]LogTargetPlatformManager: Display: Loaded TargetPlatform 'LinuxAArch64Client'
[2021.08.28-01.49.45:426][  0]LogTargetPlatformManager: Display: Loaded TargetPlatform 'LinuxAArch64Server'
[2021.08.28-01.49.45:453][  0]LogTargetPlatformManager: Display: Loaded TargetPlatform 'Lumin'
[2021.08.28-01.49.45:453][  0]LogTargetPlatformManager: Display: Loaded TargetPlatform 'LuminClient'
[2021.08.28-01.49.45:475][  0]LogTargetPlatformManager: Display: Loaded TargetPlatform 'TVOSClient'
[2021.08.28-01.49.45:475][  0]LogTargetPlatformManager: Display: Loaded TargetPlatform 'TVOS'
[2021.08.28-01.49.45:490][  0]LogTargetPlatformManager: Display: Loaded TargetPlatform 'WindowsNoEditor'
[2021.08.28-01.49.45:503][  0]LogTargetPlatformManager: Display: Loaded TargetPlatform 'Windows'
[2021.08.28-01.49.45:517][  0]LogTargetPlatformManager: Display: Loaded TargetPlatform 'WindowsClient'
[2021.08.28-01.49.45:530][  0]LogTargetPlatformManager: Display: Loaded TargetPlatform 'WindowsServer'
[2021.08.28-01.49.45:530][  0]LogTargetPlatformManager: Display: Building Assets For Windows
[2021.08.28-01.49.45:557][  0]LogAudioDebug: Display: Lib vorbis DLL was dynamically loaded.
[2021.08.28-01.49.45:732][  0]LogShaderCompilers: Guid format shader working directory is -8 characters bigger than the processId version (D:/source/repos/BrackeysJamAug2021/BrackeysJamAug2021/Intermediate/Shaders/WorkingDirectory/18588/).
[2021.08.28-01.49.45:733][  0]LogShaderCompilers: Cleaned the shader compiler working directory 'C:/Users/dalto/AppData/Local/Temp/UnrealShaderWorkingDir/685AA7A64FDC64FD5552EBBC1A8029D7/'.
[2021.08.28-01.49.45:734][  0]LogXGEController: Cleaning working directory: C:/Users/dalto/AppData/Local/Temp/UnrealXGEWorkingDir/
[2021.08.28-01.49.45:735][  0]LogXGEController: Cannot use XGE Controller as Incredibuild is not installed on this machine.
[2021.08.28-01.49.45:735][  0]LogShaderCompilers: Cannot use XGE Shader Compiler as Incredibuild is not installed on this machine.
[2021.08.28-01.49.45:735][  0]LogShaderCompilers: Display: Using Local Shader Compiler.
[2021.08.28-01.49.46:584][  0]LogDerivedDataCache: Display: Max Cache Size: 512 MB
[2021.08.28-01.49.46:653][  0]LogDerivedDataCache: Loaded boot cache 0.07s 79MB C:/Users/dalto/AppData/Local/UnrealEngine/4.25/DerivedDataCache/Boot.ddc.
[2021.08.28-01.49.46:653][  0]LogDerivedDataCache: Display: Loaded Boot cache: C:/Users/dalto/AppData/Local/UnrealEngine/4.25/DerivedDataCache/Boot.ddc
[2021.08.28-01.49.46:654][  0]LogDerivedDataCache: FDerivedDataBackendGraph:  Pak pak cache file D:/source/repos/BrackeysJamAug2021/BrackeysJamAug2021/DerivedDataCache/DDC.ddp not found, will not use a pak cache.
[2021.08.28-01.49.46:654][  0]LogDerivedDataCache: Unable to find inner node Pak for hierarchical cache Hierarchy.
[2021.08.28-01.49.46:654][  0]LogDerivedDataCache: FDerivedDataBackendGraph:  CompressedPak pak cache file D:/source/repos/BrackeysJamAug2021/BrackeysJamAug2021/DerivedDataCache/Compressed.ddp not found, will not use a pak cache.
[2021.08.28-01.49.46:654][  0]LogDerivedDataCache: Unable to find inner node CompressedPak for hierarchical cache Hierarchy.
[2021.08.28-01.49.46:665][  0]LogDerivedDataCache: Display: Pak cache opened for reading ../../../Engine/DerivedDataCache/Compressed.ddp.
[2021.08.28-01.49.46:665][  0]LogDerivedDataCache: FDerivedDataBackendGraph:  EnterprisePak pak cache file ../../../Enterprise/DerivedDataCache/Compressed.ddp not found, will not use a pak cache.
[2021.08.28-01.49.46:665][  0]LogDerivedDataCache: Unable to find inner node EnterprisePak for hierarchical cache Hierarchy.
[2021.08.28-01.49.46:667][  0]LogDerivedDataCache: Using Local data cache path C:/Users/dalto/AppData/Local/UnrealEngine/Common/DerivedDataCache: Writable
[2021.08.28-01.49.46:667][  0]LogDerivedDataCache: Shared data cache path not found in *engine.ini, will not use an Shared cache.
[2021.08.28-01.49.46:667][  0]LogDerivedDataCache: Unable to find inner node Shared for hierarchical cache Hierarchy.
[2021.08.28-01.49.46:713][  0]LogSlate: Using FreeType 2.10.0
[2021.08.28-01.49.46:716][  0]LogSlate: SlateFontServices - WITH_FREETYPE: 1, WITH_HARFBUZZ: 1
[2021.08.28-01.49.46:750][  0]LogAssetRegistry: FAssetRegistry took 0.0032 seconds to start up
[2021.08.28-01.49.47:010][  0]LogInit: Selected Device Profile: [Windows]
[2021.08.28-01.49.47:218][  0]LogMeshReduction: Using QuadricMeshReduction for automatic static mesh reduction
[2021.08.28-01.49.47:218][  0]LogMeshReduction: Using SimplygonMeshReduction for automatic skeletal mesh reduction
[2021.08.28-01.49.47:218][  0]LogMeshReduction: Using ProxyLODMeshReduction for automatic mesh merging
[2021.08.28-01.49.47:218][  0]LogMeshReduction: No distributed automatic mesh merging module available
[2021.08.28-01.49.47:218][  0]LogMeshMerging: No distributed automatic mesh merging module available
[2021.08.28-01.49.47:296][  0]LogNetVersion: BrackeysJamAug2021 1.0.0, NetCL: 13144385, EngineNetVer: 14, GameNetVer: 0 (Checksum: 3832355746)
[2021.08.28-01.49.47:842][  0]LogAISub: UAISubsystem::UAISubsystem AISubsystem (00000206A6EF0280), frame # 0
[2021.08.28-01.49.47:842][  0]LogAISub: UAISubsystem::UAISubsystem AIPerceptionSystem (00000206A6E0FB00), frame # 0
[2021.08.28-01.49.47:845][  0]LogAISub: UAISubsystem::UAISubsystem EnvQueryManager (00000206A6E75E00), frame # 0
[2021.08.28-01.49.47:895][  0]LogPackageLocalizationCache: Processed 19 localized package path(s) for 1 prioritized culture(s) in 0.034708 seconds
[2021.08.28-01.49.47:899][  0]LogUObjectArray: 15917 objects as part of root set at end of initial load.
[2021.08.28-01.49.47:899][  0]LogUObjectAllocator: 3965568 out of 0 bytes used by permanent object pool.
[2021.08.28-01.49.47:899][  0]LogUObjectArray: CloseDisregardForGC: 0/0 objects in disregard for GC pool
[2021.08.28-01.49.48:802][  0]LogTcpMessaging: Initializing TcpMessaging bridge
[2021.08.28-01.49.48:815][  0]LogUdpMessaging: Initializing bridge on interface 0.0.0.0:0 to multicast group 230.0.0.1:6666.
[2021.08.28-01.49.49:543][  0]SourceControl: Source control is disabled
[2021.08.28-01.49.49:543][  0]SourceControl: Source control is disabled
[2021.08.28-01.49.49:560][  0]SourceControl: Source control is disabled
[2021.08.28-01.49.49:570][  0]SourceControl: Source control is disabled
[2021.08.28-01.49.49:590][  0]SourceControl: Source control is disabled
[2021.08.28-01.49.50:258][  0]LogAndroidPermission: UAndroidPermissionCallbackProxy::GetInstance
[2021.08.28-01.49.50:306][  0]LogAudioCaptureCore: Display: No Audio Capture implementations found. Audio input will be silent.
[2021.08.28-01.49.50:306][  0]LogAudioCaptureCore: Display: No Audio Capture implementations found. Audio input will be silent.
[2021.08.28-01.49.50:407][  0]LogOcInput: OculusInput pre-init called
[2021.08.28-01.49.50:433][  0]LogWindows: Failed to load 'OVRPlugin.dll' (GetLastError=126)
[2021.08.28-01.49.50:433][  0]LogWindows: File 'OVRPlugin.dll' does not exist
[2021.08.28-01.49.50:558][  0]LogEngine: Initializing Engine...
[2021.08.28-01.49.50:559][  0]LogHMD: Failed to initialize OpenVR with code 110
[2021.08.28-01.49.50:559][  0]LogMagicLeap: Warning: VR disabled because ZI is not enabled.  To enable, in the editor, Edit -> Project Settings -> Plugins -> Magic Leap Plugin -> Enable Zero Iteration
[2021.08.28-01.49.50:560][  0]LogStats: UGameplayTagsManager::InitializeManager -  0.000 s
[2021.08.28-01.49.50:685][  0]LogInit: Initializing FReadOnlyCVARCache
[2021.08.28-01.49.50:716][  0]LogAIModule: Creating AISystem for world Untitled
[2021.08.28-01.49.50:716][  0]LogAISub: UAISubsystem::UAISubsystem EnvQueryManager (00000206A974FC00), frame # 0
[2021.08.28-01.49.50:716][  0]LogAISub: UAISubsystem::UAISubsystem AIPerceptionSystem (00000206A97AC680), frame # 0
[2021.08.28-01.49.50:730][  0]LogAudioMixer: Display: Audio Mixer Platform Settings:
[2021.08.28-01.49.50:730][  0]LogAudioMixer: Display: 	Sample Rate:						  48000
[2021.08.28-01.49.50:730][  0]LogAudioMixer: Display: 	Callback Buffer Frame Size Requested: 1024
[2021.08.28-01.49.50:730][  0]LogAudioMixer: Display: 	Callback Buffer Frame Size To Use:	  1024
[2021.08.28-01.49.50:730][  0]LogAudioMixer: Display: 	Number of buffers to queue:			  2
[2021.08.28-01.49.50:730][  0]LogAudioMixer: Display: 	Max Channels (voices):				  32
[2021.08.28-01.49.50:730][  0]LogAudioMixer: Display: 	Number of Async Source Workers:		  0
[2021.08.28-01.49.50:730][  0]LogAudio: Display: AudioDevice MaxSources: 32
[2021.08.28-01.49.50:731][  0]LogAudio: Display: Using built-in audio occlusion.
[2021.08.28-01.49.50:731][  0]LogAudioMixer: Display: Initializing audio mixer.
[2021.08.28-01.49.50:756][  0]LogAudioMixer: Display: 0: FrontLeft
[2021.08.28-01.49.50:756][  0]LogAudioMixer: Display: 1: FrontRight
[2021.08.28-01.49.50:777][  0]LogAudioMixer: Display: Using Audio Device Headphones (Dalton’s AirPods #2 Stereo)
[2021.08.28-01.49.50:778][  0]LogAudioMixer: Display: Initializing Sound Submixes...
[2021.08.28-01.49.50:781][  0]LogAudioMixer: Display: Creating Master Submix 'MasterSubmixDefault'
[2021.08.28-01.49.50:781][  0]LogAudioMixer: Display: Creating Master Submix 'MasterReverbSubmixDefault'
[2021.08.28-01.49.50:782][  0]LogAudioMixer: Display: Creating Master Submix 'MasterEQSubmixDefault'
[2021.08.28-01.49.50:783][  0]LogInit: FAudioDevice initialized.
[2021.08.28-01.49.50:784][  0]LogNetVersion: Set ProjectVersion to 1.0.0.0. Version Checksum will be recalculated on next use.
[2021.08.28-01.49.50:823][  0]LogDerivedDataCache: Saved boot cache 0.04s 79MB C:/Users/dalto/AppData/Local/UnrealEngine/4.25/DerivedDataCache/Boot.ddc.
[2021.08.28-01.49.50:824][  0]LogInit: Texture streaming: Enabled
[2021.08.28-01.49.50:863][  0]LogEngineSessionManager: EngineSessionManager initialized
[2021.08.28-01.49.50:863][  0]LogEditorSessionSummary: Verbose: Initializing EditorSessionSummaryWriter for editor session tracking
[2021.08.28-01.49.50:867][  0]LogEditorSessionSummary: EditorSessionSummaryWriter initialized
[2021.08.28-01.49.50:927][  0]LogInit: Transaction tracking system initialized
[2021.08.28-01.49.50:999][  0]BlueprintLog: New page: Editor Load
[2021.08.28-01.49.51:219][  0]LocalizationService: Localization service is disabled
[2021.08.28-01.49.51:535][  0]LogCook: Display: Max memory allowance for cook 16384mb min free memory 0mb
[2021.08.28-01.49.51:536][  0]LogCook: Display: Mobile HDR setting 1
[2021.08.28-01.49.51:588][  0]LogFileCache: Scanning file cache for directory 'D:/source/repos/BrackeysJamAug2021/BrackeysJamAug2021/Content/' took 0.00s
[2021.08.28-01.49.52:086][  0]SourceControl: Source control is disabled
[2021.08.28-01.49.52:087][  0]LogUnrealEdMisc: Loading editor; pre map load, took 12.554
[2021.08.28-01.49.52:087][  0]Cmd: MAP LOAD FILE="D:/source/repos/BrackeysJamAug2021/BrackeysJamAug2021/Content/StarterContent/Maps/Minimal_Default.umap" TEMPLATE=0 SHOWPROGRESS=1 FEATURELEVEL=3
[2021.08.28-01.49.52:092][  0]LightingResults: New page: Lighting Build
[2021.08.28-01.49.52:095][  0]LogWorld: UWorld::CleanupWorld for Untitled, bSessionEnded=true, bCleanupResources=true
[2021.08.28-01.49.52:096][  0]LogSlate: InvalidateAllWidgets triggered.  All widgets were invalidated
[2021.08.28-01.49.52:096][  0]MapCheck: New page: Map Check
[2021.08.28-01.49.52:096][  0]LightingResults: New page: Lighting Build
[2021.08.28-01.49.52:108][  0]LogAISub: UAISubsystem::~UAISubsystem EnvQueryManager (00000206A974FC00), frame # 0
[2021.08.28-01.49.52:108][  0]LogAISub: UAISubsystem::~UAISubsystem AIPerceptionSystem (00000206A97AC680), frame # 0
[2021.08.28-01.49.52:109][  0]LogUObjectHash: Compacting FUObjectHashTables data took   0.69ms
[2021.08.28-01.49.52:282][  0]LogAIModule: Creating AISystem for world Minimal_Default
[2021.08.28-01.49.52:282][  0]LogAISub: UAISubsystem::UAISubsystem EnvQueryManager (0000020698D1D000), frame # 0
[2021.08.28-01.49.52:282][  0]LogAISub: UAISubsystem::UAISubsystem AIPerceptionSystem (0000020699245A80), frame # 0
[2021.08.28-01.49.52:295][  0]LogEditorServer: Finished looking for orphan Actors (0.000 secs)
[2021.08.28-01.49.52:307][  0]LogUObjectHash: Compacting FUObjectHashTables data took   0.63ms
[2021.08.28-01.49.52:307][  0]Cmd: MAP CHECKDEP NOCLEARLOG
[2021.08.28-01.49.52:307][  0]MapCheck: Map check complete: 0 Error(s), 0 Warning(s), took 0.24ms to complete.
[2021.08.28-01.49.52:307][  0]LogFileHelpers: Loading map 'Minimal_Default' took 0.221
[2021.08.28-01.49.52:322][  0]LogUnrealEdMisc: Total Editor Startup Time, took 12.790
[2021.08.28-01.49.52:519][  0]LogSlate: Updating window title bar state: overlay mode, drag disabled, window buttons hidden, title bar hidden
[2021.08.28-01.49.52:525][  0]LogSlate: Updating window title bar state: overlay mode, drag disabled, window buttons hidden, title bar hidden
[2021.08.28-01.49.52:530][  0]LogSlate: Updating window title bar state: overlay mode, drag disabled, window buttons hidden, title bar hidden
[2021.08.28-01.49.52:536][  0]LogSlate: Updating window title bar state: overlay mode, drag disabled, window buttons hidden, title bar hidden
[2021.08.28-01.49.52:553][  0]LogCollectionManager: Loaded 0 collections in 0.001803 seconds
[2021.08.28-01.49.52:578][  0]LogFileCache: Scanning file cache for directory 'D:/source/repos/BrackeysJamAug2021/BrackeysJamAug2021/Saved/Collections/' took 0.00s
[2021.08.28-01.49.52:578][  0]LogFileCache: Scanning file cache for directory 'D:/source/repos/BrackeysJamAug2021/BrackeysJamAug2021/Content/Developers/dalto/Collections/' took 0.00s
[2021.08.28-01.49.52:578][  0]LogFileCache: Scanning file cache for directory 'D:/source/repos/BrackeysJamAug2021/BrackeysJamAug2021/Content/Collections/' took 0.00s
[2021.08.28-01.49.52:578][  0]LogContentBrowser: Native class hierarchy populated in 0.0085 seconds. Added 3431 classes and 823 folders.
[2021.08.28-01.49.52:583][  0]LogContentBrowser: Native class hierarchy updated for 'WidgetCarousel' in 0.0002 seconds. Added 0 classes and 0 folders.
[2021.08.28-01.49.52:724][  0]LogContentBrowser: Native class hierarchy updated for 'AddContentDialog' in 0.0003 seconds. Added 0 classes and 0 folders.
[2021.08.28-01.49.52:733][  0]LogContentBrowser: Native class hierarchy updated for 'SceneOutliner' in 0.0003 seconds. Added 2 classes and 0 folders.
[2021.08.28-01.49.52:865][  0]LogSlate: Took 0.000971 seconds to synchronously load lazily loaded font '../../../Engine/Content/Slate/Fonts/Roboto-Regular.ttf' (155K)
[2021.08.28-01.49.52:868][  0]LogSlate: Took 0.000939 seconds to synchronously load lazily loaded font '../../../Engine/Content/Slate/Fonts/Roboto-Bold.ttf' (160K)
[2021.08.28-01.49.52:873][  0]LogSlate: Took 0.000694 seconds to synchronously load lazily loaded font '../../../Engine/Content/Editor/Slate/Fonts/FontAwesome.ttf' (139K)
[2021.08.28-01.49.52:938][  0]LogRenderer: Reallocating scene render targets to support 1132x628 Format 10 NumSamples 1 (Frame:1).
[2021.08.28-01.49.53:075][  0]LogContentBrowser: Native class hierarchy updated for 'HierarchicalLODOutliner' in 0.0003 seconds. Added 0 classes and 0 folders.
[2021.08.28-01.49.53:075][  0]LogLoad: (Engine Initialization) Total time: 13.54 seconds
[2021.08.28-01.49.53:075][  0]LogLoad: (Engine Initialization) Total Blueprint compile time: 0.00 seconds
[2021.08.28-01.49.53:116][  0]LogAssetRegistry: Asset discovery search completed in 6.3671 seconds
[2021.08.28-01.49.53:119][  0]LogCollectionManager: Fixed up redirectors for 0 collections in 0.000004 seconds (updated 0 objects)
[2021.08.28-01.49.53:122][  0]LogContentStreaming: Texture pool size now 1000 MB
[2021.08.28-01.49.53:211][  0]LogRenderer: Reallocating scene render targets to support 1132x644 Format 10 NumSamples 1 (Frame:3).
[2021.08.28-01.49.53:211][  0]LogSlate: Took 0.000714 seconds to synchronously load lazily loaded font '../../../Engine/Content/Slate/Fonts/Roboto-Light.ttf' (167K)
[2021.08.28-01.49.54:428][  4]LogSlate: Took 0.000206 seconds to synchronously load lazily loaded font '../../../Engine/Content/Slate/Fonts/Roboto-Light.ttf' (167K)
[2021.08.28-01.51.13:983][987]LogLinker: Warning: Failed to load '/Game/BP_BrackeysJamAug2021GameModeBase': Can't find file.
[2021.08.28-01.51.13:983][987]LogLinker: Warning: Failed to load '/Game/BP_BrackeysJamAug2021GameModeBase': Can't find file.
[2021.08.28-01.51.13:983][987]LogUObjectGlobals: Warning: Failed to find object 'Class /Game/BP_BrackeysJamAug2021GameModeBase.BP_BrackeysJamAug2021GameModeBase_C'
[2021.08.28-01.51.28:984][230]LogAssetEditorSubsystem: Opening Asset editor for World /Game/TopDownBP/Maps/TopDownExampleMap.TopDownExampleMap
[2021.08.28-01.51.28:997][230]LogUObjectHash: Compacting FUObjectHashTables data took   0.66ms
[2021.08.28-01.51.28:999][230]Cmd: MAP LOAD FILE="D:/source/repos/BrackeysJamAug2021/BrackeysJamAug2021/Content/TopDownBP/Maps/TopDownExampleMap.umap" TEMPLATE=0 SHOWPROGRESS=1 FEATURELEVEL=3
[2021.08.28-01.51.28:999][230]LightingResults: New page: Lighting Build
[2021.08.28-01.51.28:999][230]LoadErrors: New page: Loading map: TopDownExampleMap.umap
[2021.08.28-01.51.29:000][230]LogWorld: UWorld::CleanupWorld for Minimal_Default, bSessionEnded=true, bCleanupResources=true
[2021.08.28-01.51.29:000][230]LogSlate: InvalidateAllWidgets triggered.  All widgets were invalidated
[2021.08.28-01.51.29:000][230]MapCheck: New page: Map Check
[2021.08.28-01.51.29:000][230]LightingResults: New page: Lighting Build
[2021.08.28-01.51.29:012][230]LogAISub: UAISubsystem::~UAISubsystem EnvQueryManager (0000020698D1D000), frame # 3230
[2021.08.28-01.51.29:012][230]LogAISub: UAISubsystem::~UAISubsystem AIPerceptionSystem (0000020699245A80), frame # 3230
[2021.08.28-01.51.29:012][230]LogUObjectHash: Compacting FUObjectHashTables data took   0.63ms
[2021.08.28-01.51.29:104][230]LogEditorServer: Finished looking for orphan Actors (0.000 secs)
[2021.08.28-01.51.29:104][230]LogAIModule: Creating AISystem for world TopDownExampleMap
[2021.08.28-01.51.29:104][230]LogAISub: UAISubsystem::UAISubsystem EnvQueryManager (00000206CBCFC400), frame # 3230
[2021.08.28-01.51.29:104][230]LogAISub: UAISubsystem::UAISubsystem AIPerceptionSystem (00000206CE435080), frame # 3230
[2021.08.28-01.51.29:115][230]LogUObjectHash: Compacting FUObjectHashTables data took   0.52ms
[2021.08.28-01.51.29:129][230]Cmd: MAP CHECKDEP NOCLEARLOG
[2021.08.28-01.51.29:129][230]MapCheck: Map check complete: 0 Error(s), 0 Warning(s), took 0.124ms to complete.
[2021.08.28-01.51.29:129][230]LogFileHelpers: Loading map 'TopDownExampleMap' took 0.130
[2021.08.28-01.51.32:198][508]LogTemp: Repeating last play command: Selected Viewport
[2021.08.28-01.51.32:209][508]LogPlayLevel: PlayLevel: No blueprints needed recompiling
[2021.08.28-01.51.32:210][508]PIE: New page: PIE session: TopDownExampleMap (Aug 27, 2021, 5:51:32 PM)
[2021.08.28-01.51.32:212][508]LogOnline: OSS: Creating online subsystem instance for: NULL
[2021.08.28-01.51.32:213][508]LogOnline: OSS: TryLoadSubsystemAndSetDefault: Loaded subsystem for module [NULL]
[2021.08.28-01.51.32:213][508]LogPlayLevel: Creating play world package: /Game/TopDownBP/Maps/UEDPIE_0_TopDownExampleMap
[2021.08.28-01.51.32:229][508]LogPlayLevel: PIE: StaticDuplicateObject took: (0.016372s)
[2021.08.28-01.51.32:230][508]LogAIModule: Creating AISystem for world TopDownExampleMap
[2021.08.28-01.51.32:230][508]LogAISub: UAISubsystem::UAISubsystem EnvQueryManager (0000020695CFBE00), frame # 3508
[2021.08.28-01.51.32:230][508]LogAISub: UAISubsystem::UAISubsystem AIPerceptionSystem (00000206E7625940), frame # 3508
[2021.08.28-01.51.32:231][508]LogPlayLevel: PIE: World Init took: (0.001334s)
[2021.08.28-01.51.32:231][508]LogPlayLevel: PIE: Created PIE world by copying editor world from /Game/TopDownBP/Maps/TopDownExampleMap.TopDownExampleMap to /Game/TopDownBP/Maps/UEDPIE_0_TopDownExampleMap.TopDownExampleMap (0.017845s)
[2021.08.28-01.51.32:241][508]LogUObjectHash: Compacting FUObjectHashTables data took   0.48ms
[2021.08.28-01.51.32:242][508]LogAudioMixer: Display: Audio Mixer Platform Settings:
[2021.08.28-01.51.32:242][508]LogAudioMixer: Display: 	Sample Rate:						  48000
[2021.08.28-01.51.32:242][508]LogAudioMixer: Display: 	Callback Buffer Frame Size Requested: 1024
[2021.08.28-01.51.32:242][508]LogAudioMixer: Display: 	Callback Buffer Frame Size To Use:	  1024
[2021.08.28-01.51.32:243][508]LogAudioMixer: Display: 	Number of buffers to queue:			  2
[2021.08.28-01.51.32:243][508]LogAudioMixer: Display: 	Max Channels (voices):				  32
[2021.08.28-01.51.32:243][508]LogAudioMixer: Display: 	Number of Async Source Workers:		  0
[2021.08.28-01.51.32:243][508]LogAudio: Display: AudioDevice MaxSources: 32
[2021.08.28-01.51.32:243][508]LogAudio: Display: Using built-in audio occlusion.
[2021.08.28-01.51.32:243][508]LogAudioMixer: Display: Initializing audio mixer.
[2021.08.28-01.51.32:245][508]LogAudioMixer: Display: 0: FrontLeft
[2021.08.28-01.51.32:245][508]LogAudioMixer: Display: 1: FrontRight
[2021.08.28-01.51.32:254][508]LogAudioMixer: Display: Using Audio Device Headphones (Dalton’s AirPods #2 Stereo)
[2021.08.28-01.51.32:254][508]LogAudioMixer: Display: Initializing Sound Submixes...
[2021.08.28-01.51.32:254][508]LogAudioMixer: Display: Creating Master Submix 'MasterSubmixDefault'
[2021.08.28-01.51.32:254][508]LogAudioMixer: Display: Creating Master Submix 'MasterReverbSubmixDefault'
[2021.08.28-01.51.32:255][508]LogAudioMixer: Display: Creating Master Submix 'MasterEQSubmixDefault'
[2021.08.28-01.51.32:265][508]LogInit: FAudioDevice initialized.
[2021.08.28-01.51.32:274][508]LogLoad: Game class is 'TopDownGameMode_C'
[2021.08.28-01.51.32:276][508]LogWorld: Bringing World /Game/TopDownBP/Maps/UEDPIE_0_TopDownExampleMap.TopDownExampleMap up for play (max tick rate 0) at 2021.08.27-21.51.32
[2021.08.28-01.51.32:276][508]LogWorld: Bringing up level for play took: 0.001397
[2021.08.28-01.51.32:276][508]LogOnline: OSS: Creating online subsystem instance for: :Context_4
[2021.08.28-01.51.32:284][508]LogContentBrowser: Native class hierarchy updated for 'MovieSceneCapture' in 0.0003 seconds. Added 20 classes and 0 folders.
[2021.08.28-01.51.32:285][508]PIE: Server logged in
[2021.08.28-01.51.32:287][508]PIE: Play in editor total start time 0.079 seconds.
[2021.08.28-01.51.34:100][668]LogSlate: Took 0.002623 seconds to synchronously load lazily loaded font '../../../Engine/Content/Slate/Fonts/DroidSansMono.ttf' (77K)
[2021.08.28-01.51.49:912][128]LogSlate: Updating window title bar state: overlay mode, drag disabled, window buttons hidden, title bar hidden
[2021.08.28-01.51.49:912][128]LogWorld: BeginTearingDown for /Game/TopDownBP/Maps/UEDPIE_0_TopDownExampleMap
[2021.08.28-01.51.49:913][128]LogWorld: UWorld::CleanupWorld for TopDownExampleMap, bSessionEnded=true, bCleanupResources=true
[2021.08.28-01.51.49:913][128]LogSlate: InvalidateAllWidgets triggered.  All widgets were invalidated
[2021.08.28-01.51.49:917][128]LogPlayLevel: Display: Shutting down PIE online subsystems
[2021.08.28-01.51.49:918][128]LogSlate: InvalidateAllWidgets triggered.  All widgets were invalidated
[2021.08.28-01.51.49:928][128]LogSlate: Updating window title bar state: overlay mode, drag disabled, window buttons hidden, title bar hidden
[2021.08.28-01.51.49:944][128]LogAISub: UAISubsystem::~UAISubsystem AIPerceptionSystem (00000206E7625940), frame # 5128
[2021.08.28-01.51.49:944][128]LogAISub: UAISubsystem::~UAISubsystem EnvQueryManager (0000020695CFBE00), frame # 5128
[2021.08.28-01.51.49:945][128]LogUObjectHash: Compacting FUObjectHashTables data took   0.54ms
[2021.08.28-01.51.49:963][129]LogPlayLevel: Display: Destroying online subsystem :Context_4
[2021.08.28-01.51.51:780][304]LogAssetEditorSubsystem: Opening Asset editor for Blueprint /Game/TopDownBP/Blueprints/TopDownCharacter.TopDownCharacter
[2021.08.28-01.51.51:965][304]LogContentBrowser: Native class hierarchy updated for 'BlueprintGraph' in 0.0005 seconds. Added 125 classes and 0 folders.
[2021.08.28-01.51.52:696][304]LogAssetEditorSubsystem: Opening Asset editor for Blueprint /Game/TopDownBP/Blueprints/TopDownController.TopDownController
[2021.08.28-01.51.52:990][304]LogAssetEditorSubsystem: Opening Asset editor for Blueprint /Game/TopDownBP/Blueprints/Cylinder_Blueprint.Cylinder_Blueprint
[2021.08.28-01.51.53:266][304]LogSlate: Took 0.000836 seconds to synchronously load lazily loaded font '../../../Engine/Content/Slate/Fonts/Roboto-BoldCondensed.ttf' (158K)
[2021.08.28-01.51.58:116][672]LogSlate: Took 0.003075 seconds to synchronously load lazily loaded font '../../../Engine/Content/Slate/Fonts/Roboto-Italic.ttf' (157K)
[2021.08.28-01.51.59:320][761]LogSlate: Window 'Cylinder_Blueprint' being destroyed
[2021.08.28-01.52.01:086][900]LogEditorViewport: Clicking on Actor (LMB): Cylinder_Blueprint_C (Cylinder_Blueprint)
[2021.08.28-01.52.23:267][637]LogAssetEditorSubsystem: Opening Asset editor for Class /Script/BrackeysJamAug2021.DirtyObject
[2021.08.28-01.54.20:882][549]LogTemp: Repeating last play command: Selected Viewport
[2021.08.28-01.54.20:897][549]LogPlayLevel: PlayLevel: No blueprints needed recompiling
[2021.08.28-01.54.20:897][549]PIE: New page: PIE session: TopDownExampleMap (Aug 27, 2021, 5:54:20 PM)
[2021.08.28-01.54.20:897][549]LogPlayLevel: Creating play world package: /Game/TopDownBP/Maps/UEDPIE_0_TopDownExampleMap
[2021.08.28-01.54.20:907][549]LogPlayLevel: PIE: StaticDuplicateObject took: (0.010240s)
[2021.08.28-01.54.20:908][549]LogAIModule: Creating AISystem for world TopDownExampleMap
[2021.08.28-01.54.20:908][549]LogAISub: UAISubsystem::UAISubsystem EnvQueryManager (00000207337AA800), frame # 8549
[2021.08.28-01.54.20:908][549]LogAISub: UAISubsystem::UAISubsystem AIPerceptionSystem (000002073396BB00), frame # 8549
[2021.08.28-01.54.20:908][549]LogPlayLevel: PIE: World Init took: (0.001111s)
[2021.08.28-01.54.20:909][549]LogPlayLevel: PIE: Created PIE world by copying editor world from /Game/TopDownBP/Maps/TopDownExampleMap.TopDownExampleMap to /Game/TopDownBP/Maps/UEDPIE_0_TopDownExampleMap.TopDownExampleMap (0.011492s)
[2021.08.28-01.54.20:935][549]LogUObjectHash: Compacting FUObjectHashTables data took   1.71ms
[2021.08.28-01.54.20:938][549]LogAudioMixer: Display: Audio Mixer Platform Settings:
[2021.08.28-01.54.20:938][549]LogAudioMixer: Display: 	Sample Rate:						  48000
[2021.08.28-01.54.20:938][549]LogAudioMixer: Display: 	Callback Buffer Frame Size Requested: 1024
[2021.08.28-01.54.20:938][549]LogAudioMixer: Display: 	Callback Buffer Frame Size To Use:	  1024
[2021.08.28-01.54.20:938][549]LogAudioMixer: Display: 	Number of buffers to queue:			  2
[2021.08.28-01.54.20:938][549]LogAudioMixer: Display: 	Max Channels (voices):				  32
[2021.08.28-01.54.20:938][549]LogAudioMixer: Display: 	Number of Async Source Workers:		  0
[2021.08.28-01.54.20:938][549]LogAudio: Display: AudioDevice MaxSources: 32
[2021.08.28-01.54.20:938][549]LogAudio: Display: Using built-in audio occlusion.
[2021.08.28-01.54.20:938][549]LogAudioMixer: Display: Initializing audio mixer.
[2021.08.28-01.54.20:941][549]LogAudioMixer: Display: 0: FrontLeft
[2021.08.28-01.54.20:941][549]LogAudioMixer: Display: 1: FrontRight
[2021.08.28-01.54.20:951][549]LogAudioMixer: Display: Using Audio Device Headphones (Dalton’s AirPods #2 Stereo)
[2021.08.28-01.54.20:952][549]LogAudioMixer: Display: Initializing Sound Submixes...
[2021.08.28-01.54.20:952][549]LogAudioMixer: Display: Creating Master Submix 'MasterSubmixDefault'
[2021.08.28-01.54.20:952][549]LogAudioMixer: Display: Creating Master Submix 'MasterReverbSubmixDefault'
[2021.08.28-01.54.20:952][549]LogAudioMixer: Display: Creating Master Submix 'MasterEQSubmixDefault'
[2021.08.28-01.54.20:963][549]LogInit: FAudioDevice initialized.
[2021.08.28-01.54.20:968][549]LogLoad: Game class is 'TopDownGameMode_C'
[2021.08.28-01.54.20:970][549]LogWorld: Bringing World /Game/TopDownBP/Maps/UEDPIE_0_TopDownExampleMap.TopDownExampleMap up for play (max tick rate 0) at 2021.08.27-21.54.20
[2021.08.28-01.54.20:970][549]LogWorld: Bringing up level for play took: 0.001667
[2021.08.28-01.54.20:970][549]LogOnline: OSS: Creating online subsystem instance for: :Context_9
[2021.08.28-01.54.20:972][549]PIE: Server logged in
[2021.08.28-01.54.20:973][549]PIE: Play in editor total start time 0.082 seconds.
[2021.08.28-01.55.02:691][509]LogSlate: Updating window title bar state: overlay mode, drag disabled, window buttons hidden, title bar hidden
[2021.08.28-01.55.02:691][509]LogWorld: BeginTearingDown for /Game/TopDownBP/Maps/UEDPIE_0_TopDownExampleMap
[2021.08.28-01.55.02:691][509]LogWorld: UWorld::CleanupWorld for TopDownExampleMap, bSessionEnded=true, bCleanupResources=true
[2021.08.28-01.55.02:692][509]LogSlate: InvalidateAllWidgets triggered.  All widgets were invalidated
[2021.08.28-01.55.02:703][509]LogPlayLevel: Display: Shutting down PIE online subsystems
[2021.08.28-01.55.02:707][509]LogSlate: InvalidateAllWidgets triggered.  All widgets were invalidated
[2021.08.28-01.55.02:752][509]LogSlate: Updating window title bar state: overlay mode, drag disabled, window buttons hidden, title bar hidden
[2021.08.28-01.55.02:754][509]LogAISub: UAISubsystem::~UAISubsystem EnvQueryManager (00000207337AA800), frame # 11509
[2021.08.28-01.55.02:754][509]LogAISub: UAISubsystem::~UAISubsystem AIPerceptionSystem (000002073396BB00), frame # 11509
[2021.08.28-01.55.02:756][509]LogUObjectHash: Compacting FUObjectHashTables data took   1.86ms
[2021.08.28-01.55.02:784][510]LogPlayLevel: Display: Destroying online subsystem :Context_9
[2021.08.28-01.55.03:512][571]Candidate modules for hot reload:
[2021.08.28-01.55.03:512][571]  BrackeysJamAug2021
[2021.08.28-01.55.03:512][571]Launching UnrealBuildTool... [C:/Program Files/Epic Games/UE_4.25/Engine/Binaries/DotNET/UnrealBuildTool.exe  -ModuleWithSuffix=BrackeysJamAug2021,8258 BrackeysJamAug2021Editor Win64 Development -Project="D:/source/repos/BrackeysJamAug2021/BrackeysJamAug2021/BrackeysJamAug2021.uproject" "D:/source/repos/BrackeysJamAug2021/BrackeysJamAug2021/BrackeysJamAug2021.uproject"  -IgnoreJunk]
[2021.08.28-01.55.03:518][571]Warning: Starting HotReload took  0.0s.
[2021.08.28-01.55.16:864][173]CompilerResultsLog: New page: Compilation - Aug 27, 2021, 5:55:16 PM
[2021.08.28-01.55.16:865][173]CompilerResultsLog: Using 'git status' to determine working set for adaptive non-unity build (D:\source\repos\BrackeysJamAug2021).
[2021.08.28-01.55.16:865][173]CompilerResultsLog: Parsing headers for BrackeysJamAug2021Editor
[2021.08.28-01.55.16:865][173]CompilerResultsLog:   Running UnrealHeaderTool "D:\source\repos\BrackeysJamAug2021\BrackeysJamAug2021\BrackeysJamAug2021.uproject" "D:\source\repos\BrackeysJamAug2021\BrackeysJamAug2021\Intermediate\Build\Win64\BrackeysJamAug2021Editor\Development\BrackeysJamAug2021Editor.uhtmanifest" -LogCmds="loginit warning, logexit warning, logdatabase error" -Unattended -WarningsAsErrors -abslog="C:\Users\dalto\AppData\Local\UnrealBuildTool\Log_UHT.txt" -installed
[2021.08.28-01.55.16:865][173]CompilerResultsLog: Reflection code generated for BrackeysJamAug2021Editor in 6.1457623 seconds
[2021.08.28-01.55.16:865][173]CompilerResultsLog: Building BrackeysJamAug2021Editor...
[2021.08.28-01.55.16:865][173]CompilerResultsLog: Using Visual Studio 2019 14.29.30133 toolchain (C:\Program Files (x86)\Microsoft Visual Studio\2019\Community\VC\Tools\MSVC\14.29.30133) and Windows 10.0.18362.0 SDK (C:\Program Files (x86)\Windows Kits\10).
[2021.08.28-01.55.16:865][173]CompilerResultsLog: Building 8 actions with 12 processes...
[2021.08.28-01.55.16:865][173]CompilerResultsLog:   [1/8] BrackeysJamAug2021.init.gen.cpp
[2021.08.28-01.55.16:865][173]CompilerResultsLog:   [2/8] DirtyObject.cpp
[2021.08.28-01.55.16:865][173]CompilerResultsLog:   [3/8] MyPlayerController.cpp
[2021.08.28-01.55.16:865][173]CompilerResultsLog:   [4/8] MyPlayerController.gen.cpp
[2021.08.28-01.55.16:865][173]CompilerResultsLog:   [5/8] DirtyObject.gen.cpp
[2021.08.28-01.55.16:865][173]CompilerResultsLog:   [6/8] UE4Editor-BrackeysJamAug2021-8258.lib
[2021.08.28-01.55.16:865][173]CompilerResultsLog:      Creating library D:\source\repos\BrackeysJamAug2021\BrackeysJamAug2021\Intermediate\Build\Win64\UE4Editor\Development\BrackeysJamAug2021\UE4Editor-BrackeysJamAug2021-8258.lib and object D:\source\repos\BrackeysJamAug2021\BrackeysJamAug2021\Intermediate\Build\Win64\UE4Editor\Development\BrackeysJamAug2021\UE4Editor-BrackeysJamAug2021-8258.exp
[2021.08.28-01.55.16:865][173]CompilerResultsLog:   [7/8] UE4Editor-BrackeysJamAug2021-8258.dll
[2021.08.28-01.55.16:865][173]CompilerResultsLog:      Creating library D:\source\repos\BrackeysJamAug2021\BrackeysJamAug2021\Intermediate\Build\Win64\UE4Editor\Development\BrackeysJamAug2021\UE4Editor-BrackeysJamAug2021-8258.suppressed.lib and object D:\source\repos\BrackeysJamAug2021\BrackeysJamAug2021\Intermediate\Build\Win64\UE4Editor\Development\BrackeysJamAug2021\UE4Editor-BrackeysJamAug2021-8258.suppressed.exp
[2021.08.28-01.55.16:865][173]CompilerResultsLog:   [8/8] BrackeysJamAug2021Editor.target
[2021.08.28-01.55.16:865][173]CompilerResultsLog: Total time in Parallel executor: 6.17 seconds
[2021.08.28-01.55.16:865][173]CompilerResultsLog: Total execution time: 12.99 seconds
[2021.08.28-01.55.16:865][173]LogMainFrame: MainFrame: Module compiling took 13.357 seconds
[2021.08.28-01.55.17:376][173]LogClass: Could not find existing class DirtyObject in package /Script/BrackeysJamAug2021 for HotReload, assuming new class
[2021.08.28-01.55.17:376][173]LogClass: Function OnOverlapEnd is new.
[2021.08.28-01.55.17:377][173]LogClass: Could not find existing class MyPlayerController in package /Script/BrackeysJamAug2021 for HotReload, assuming new class
[2021.08.28-01.55.17:385][173]LogHotReload: Re-instancing DirtyObject after hot-reload.
[2021.08.28-01.55.17:412][173]LogHotReload: Re-instancing MyPlayerController after hot-reload.
[2021.08.28-01.55.17:432][173]LogContentBrowser: Native class hierarchy updated for 'BrackeysJamAug2021' in 0.0004 seconds. Added 4 classes and 2 folders.
[2021.08.28-01.55.17:434][173]Display: HotReload successful (0 functions remapped  0 scriptstructs remapped)
[2021.08.28-01.55.17:503][173]LogContentBrowser: Native class hierarchy populated in 0.0081 seconds. Added 3431 classes and 823 folders.
[2021.08.28-01.55.17:511][173]Display: HotReload took 14.0s.
[2021.08.28-01.55.34:038][227]LogTemp: Repeating last play command: Selected Viewport
[2021.08.28-01.55.34:122][227]LogPlayLevel: PlayLevel: No blueprints needed recompiling
[2021.08.28-01.55.34:122][227]PIE: New page: PIE session: TopDownExampleMap (Aug 27, 2021, 5:55:34 PM)
[2021.08.28-01.55.34:122][227]LogPlayLevel: Creating play world package: /Game/TopDownBP/Maps/UEDPIE_0_TopDownExampleMap
[2021.08.28-01.55.34:206][227]LogPlayLevel: PIE: StaticDuplicateObject took: (0.083989s)
[2021.08.28-01.55.34:209][227]LogAIModule: Creating AISystem for world TopDownExampleMap
[2021.08.28-01.55.34:209][227]LogAISub: UAISubsystem::UAISubsystem EnvQueryManager (000002071B39BE00), frame # 12227
[2021.08.28-01.55.34:209][227]LogAISub: UAISubsystem::UAISubsystem AIPerceptionSystem (000002071B3B5300), frame # 12227
[2021.08.28-01.55.34:210][227]LogPlayLevel: PIE: World Init took: (0.003478s)
[2021.08.28-01.55.34:210][227]LogPlayLevel: PIE: Created PIE world by copying editor world from /Game/TopDownBP/Maps/TopDownExampleMap.TopDownExampleMap to /Game/TopDownBP/Maps/UEDPIE_0_TopDownExampleMap.TopDownExampleMap (0.087689s)
[2021.08.28-01.55.34:342][227]LogUObjectHash: Compacting FUObjectHashTables data took   5.56ms
[2021.08.28-01.55.34:350][227]LogAudioMixer: Display: Audio Mixer Platform Settings:
[2021.08.28-01.55.34:350][227]LogAudioMixer: Display: 	Sample Rate:						  48000
[2021.08.28-01.55.34:350][227]LogAudioMixer: Display: 	Callback Buffer Frame Size Requested: 1024
[2021.08.28-01.55.34:350][227]LogAudioMixer: Display: 	Callback Buffer Frame Size To Use:	  1024
[2021.08.28-01.55.34:350][227]LogAudioMixer: Display: 	Number of buffers to queue:			  2
[2021.08.28-01.55.34:350][227]LogAudioMixer: Display: 	Max Channels (voices):				  32
[2021.08.28-01.55.34:350][227]LogAudioMixer: Display: 	Number of Async Source Workers:		  0
[2021.08.28-01.55.34:351][227]LogAudio: Display: AudioDevice MaxSources: 32
[2021.08.28-01.55.34:352][227]LogAudio: Display: Using built-in audio occlusion.
[2021.08.28-01.55.34:352][227]LogAudioMixer: Display: Initializing audio mixer.
[2021.08.28-01.55.34:375][227]LogAudioMixer: Display: 0: FrontLeft
[2021.08.28-01.55.34:375][227]LogAudioMixer: Display: 1: FrontRight
[2021.08.28-01.55.34:584][227]LogAudioMixer: Display: Using Audio Device Headphones (Dalton’s AirPods #2 Stereo)
[2021.08.28-01.55.34:585][227]LogAudioMixer: Display: Initializing Sound Submixes...
[2021.08.28-01.55.34:585][227]LogAudioMixer: Display: Creating Master Submix 'MasterSubmixDefault'
[2021.08.28-01.55.34:585][227]LogAudioMixer: Display: Creating Master Submix 'MasterReverbSubmixDefault'
[2021.08.28-01.55.34:586][227]LogAudioMixer: Display: Creating Master Submix 'MasterEQSubmixDefault'
[2021.08.28-01.55.34:588][227]LogInit: FAudioDevice initialized.
[2021.08.28-01.55.34:597][227]LogLoad: Game class is 'TopDownGameMode_C'
[2021.08.28-01.55.34:604][227]LogWorld: Bringing World /Game/TopDownBP/Maps/UEDPIE_0_TopDownExampleMap.TopDownExampleMap up for play (max tick rate 0) at 2021.08.27-21.55.34
[2021.08.28-01.55.34:605][227]LogWorld: Bringing up level for play took: 0.005585
[2021.08.28-01.55.34:606][227]LogOnline: OSS: Creating online subsystem instance for: :Context_10
[2021.08.28-01.55.34:611][227]PIE: Server logged in
[2021.08.28-01.55.34:612][227]PIE: Play in editor total start time 0.501 seconds.
[2021.08.28-01.56.09:076][852]LogAudioMixer: Display: Audio Buffer Underrun detected.
[2021.08.28-01.56.09:088][852]LogAudioMixer: Display: Audio Buffer Underrun detected.
[2021.08.28-01.56.09:088][852]LogAudioMixer: Display: Audio Buffer Underrun detected.
[2021.08.28-01.56.09:089][852]LogWindows: Error: === Critical error: ===
[2021.08.28-01.56.09:089][852]LogWindows: Error: 
[2021.08.28-01.56.09:089][852]LogWindows: Error: Fatal error!
[2021.08.28-01.56.09:090][852]LogWindows: Error: 
[2021.08.28-01.56.09:090][852]LogWindows: Error: Unhandled Exception: EXCEPTION_ACCESS_VIOLATION writing address 0x0686d637
[2021.08.28-01.56.09:091][852]LogWindows: Error: 
[2021.08.28-01.56.09:091][852]LogWindows: Error: [Callstack] 0x00007fff79ee50d7 UE4Editor-InputCore.dll!UScriptStruct::TCppStructOps<FKey>::Copy() [D:\Build\++UE4\Sync\Engine\Source\Runtime\CoreUObject\Public\UObject\Class.h:1300]
[2021.08.28-01.56.09:094][852]LogWindows: Error: [Callstack] 0x00007fff3bcab402 UE4Editor-CoreUObject.dll!UScriptStruct::CopyScriptStruct() [D:\Build\++UE4\Sync\Engine\Source\Runtime\CoreUObject\Private\UObject\Class.cpp:3018]
[2021.08.28-01.56.09:095][852]LogWindows: Error: [Callstack] 0x00007fff3bf5d30c UE4Editor-CoreUObject.dll!UObject::execLocalVariable() [D:\Build\++UE4\Sync\Engine\Source\Runtime\CoreUObject\Private\UObject\ScriptCore.cpp:1972]
[2021.08.28-01.56.09:095][852]LogWindows: Error: [Callstack] 0x00007fff3bf3571d UE4Editor-CoreUObject.dll!ProcessLocalScriptFunction() [D:\Build\++UE4\Sync\Engine\Source\Runtime\CoreUObject\Private\UObject\ScriptCore.cpp:997]
[2021.08.28-01.56.09:095][852]LogWindows: Error: [Callstack] 0x00007fff3bf34c24 UE4Editor-CoreUObject.dll!UObject::ProcessInternal() [D:\Build\++UE4\Sync\Engine\Source\Runtime\CoreUObject\Private\UObject\ScriptCore.cpp:1085]
[2021.08.28-01.56.09:095][852]LogWindows: Error: [Callstack] 0x00007fff3bcc0b34 UE4Editor-CoreUObject.dll!UFunction::Invoke() [D:\Build\++UE4\Sync\Engine\Source\Runtime\CoreUObject\Private\UObject\Class.cpp:5542]
[2021.08.28-01.56.09:095][852]LogWindows: Error: [Callstack] 0x00007fff3bf34753 UE4Editor-CoreUObject.dll!UObject::ProcessEvent() [D:\Build\++UE4\Sync\Engine\Source\Runtime\CoreUObject\Private\UObject\ScriptCore.cpp:1916]
[2021.08.28-01.56.09:095][852]LogWindows: Error: [Callstack] 0x00007fff18afafe5 UE4Editor-Engine.dll!AActor::ProcessEvent() [D:\Build\++UE4\Sync\Engine\Source\Runtime\Engine\Private\Actor.cpp:798]
[2021.08.28-01.56.09:095][852]LogWindows: Error: [Callstack] 0x00007fff19cb90d4 UE4Editor-Engine.dll!FInputActionUnifiedDelegate::Execute() [D:\Build\++UE4\Sync\Engine\Source\Runtime\Engine\Classes\Components\InputComponent.h:302]
[2021.08.28-01.56.09:095][852]LogWindows: Error: [Callstack] 0x00007fff19ce514e UE4Editor-Engine.dll!UPlayerInput::ProcessInputStack() [D:\Build\++UE4\Sync\Engine\Source\Runtime\Engine\Private\UserInterface\PlayerInput.cpp:1321]
[2021.08.28-01.56.09:095][852]LogWindows: Error: [Callstack] 0x00007fff197eb988 UE4Editor-Engine.dll!APlayerController::ProcessPlayerInput() [D:\Build\++UE4\Sync\Engine\Source\Runtime\Engine\Private\PlayerController.cpp:2567]
[2021.08.28-01.56.09:095][852]LogWindows: Error: [Callstack] 0x00007fff197ff1b4 UE4Editor-Engine.dll!APlayerController::TickPlayerInput() [D:\Build\++UE4\Sync\Engine\Source\Runtime\Engine\Private\PlayerController.cpp:4580]
[2021.08.28-01.56.09:095][852]LogWindows: Error: [Callstack] 0x00007fff197e9a1b UE4Editor-Engine.dll!APlayerController::PlayerTick() [D:\Build\++UE4\Sync\Engine\Source\Runtime\Engine\Private\PlayerController.cpp:2228]
[2021.08.28-01.56.09:095][852]LogWindows: Error: [Callstack] 0x00007fff197fd681 UE4Editor-Engine.dll!APlayerController::TickActor() [D:\Build\++UE4\Sync\Engine\Source\Runtime\Engine\Private\PlayerController.cpp:4726]
[2021.08.28-01.56.09:095][852]LogWindows: Error: [Callstack] 0x00007fff18ad9f84 UE4Editor-Engine.dll!FActorTickFunction::ExecuteTick() [D:\Build\++UE4\Sync\Engine\Source\Runtime\Engine\Private\Actor.cpp:171]
[2021.08.28-01.56.09:095][852]LogWindows: Error: [Callstack] 0x00007fff19b9936f UE4Editor-Engine.dll!FTickFunctionTask::DoTask() [D:\Build\++UE4\Sync\Engine\Source\Runtime\Engine\Private\TickTaskManager.cpp:283]
[2021.08.28-01.56.09:095][852]LogWindows: Error: [Callstack] 0x00007fff19b9e3c7 UE4Editor-Engine.dll!TGraphTask<FTickFunctionTask>::ExecuteTask() [D:\Build\++UE4\Sync\Engine\Source\Runtime\Core\Public\Async\TaskGraphInterfaces.h:849]
[2021.08.28-01.56.09:095][852]LogWindows: Error: [Callstack] 0x00007fff334587d8 UE4Editor-Core.dll!FNamedTaskThread::ProcessTasksNamedThread() [D:\Build\++UE4\Sync\Engine\Source\Runtime\Core\Private\Async\TaskGraph.cpp:692]
[2021.08.28-01.56.09:095][852]LogWindows: Error: [Callstack] 0x00007fff33458aa3 UE4Editor-Core.dll!FNamedTaskThread::ProcessTasksUntilQuit() [D:\Build\++UE4\Sync\Engine\Source\Runtime\Core\Private\Async\TaskGraph.cpp:587]
[2021.08.28-01.56.09:095][852]LogWindows: Error: [Callstack] 0x00007fff3346f027 UE4Editor-Core.dll!FTaskGraphImplementation::WaitUntilTasksComplete() [D:\Build\++UE4\Sync\Engine\Source\Runtime\Core\Private\Async\TaskGraph.cpp:1478]
[2021.08.28-01.56.09:095][852]LogWindows: Error: [Callstack] 0x00007fff19bba402 UE4Editor-Engine.dll!FTickTaskSequencer::ReleaseTickGroup() [D:\Build\++UE4\Sync\Engine\Source\Runtime\Engine\Private\TickTaskManager.cpp:558]
[2021.08.28-01.56.09:095][852]LogWindows: Error: [Callstack] 0x00007fff19bbf6ca UE4Editor-Engine.dll!FTickTaskManager::RunTickGroup() [D:\Build\++UE4\Sync\Engine\Source\Runtime\Engine\Private\TickTaskManager.cpp:1523]
[2021.08.28-01.56.09:095][852]LogWindows: Error: [Callstack] 0x00007fff1937d0bf UE4Editor-Engine.dll!UWorld::RunTickGroup() [D:\Build\++UE4\Sync\Engine\Source\Runtime\Engine\Private\LevelTick.cpp:783]
[2021.08.28-01.56.09:095][852]LogWindows: Error: [Callstack] 0x00007fff19387957 UE4Editor-Engine.dll!UWorld::Tick() [D:\Build\++UE4\Sync\Engine\Source\Runtime\Engine\Private\LevelTick.cpp:1558]
[2021.08.28-01.56.09:095][852]LogWindows: Error: [Callstack] 0x00007fff31cbaf57 UE4Editor-UnrealEd.dll!UEditorEngine::Tick() [D:\Build\++UE4\Sync\Engine\Source\Editor\UnrealEd\Private\EditorEngine.cpp:1693]
[2021.08.28-01.56.09:096][852]LogWindows: Error: [Callstack] 0x00007fff325937e6 UE4Editor-UnrealEd.dll!UUnrealEdEngine::Tick() [D:\Build\++UE4\Sync\Engine\Source\Editor\UnrealEd\Private\UnrealEdEngine.cpp:414]
[2021.08.28-01.56.09:096][852]LogWindows: Error: [Callstack] 0x00007ff6be897800 UE4Editor.exe!FEngineLoop::Tick() [D:\Build\++UE4\Sync\Engine\Source\Runtime\Launch\Private\LaunchEngineLoop.cpp:4850]
[2021.08.28-01.56.09:096][852]LogWindows: Error: [Callstack] 0x00007ff6be8aba7c UE4Editor.exe!GuardedMain() [D:\Build\++UE4\Sync\Engine\Source\Runtime\Launch\Private\Launch.cpp:169]
[2021.08.28-01.56.09:096][852]LogWindows: Error: [Callstack] 0x00007ff6be8abb5a UE4Editor.exe!GuardedMainWrapper() [D:\Build\++UE4\Sync\Engine\Source\Runtime\Launch\Private\Windows\LaunchWindows.cpp:137]
[2021.08.28-01.56.09:096][852]LogWindows: Error: [Callstack] 0x00007ff6be8be31d UE4Editor.exe!WinMain() [D:\Build\++UE4\Sync\Engine\Source\Runtime\Launch\Private\Windows\LaunchWindows.cpp:268]
[2021.08.28-01.56.09:096][852]LogWindows: Error: [Callstack] 0x00007ff6be8c145a UE4Editor.exe!__scrt_common_main_seh() [d:\agent\_work\5\s\src\vctools\crt\vcstartup\src\startup\exe_common.inl:288]
[2021.08.28-01.56.09:096][852]LogWindows: Error: [Callstack] 0x00007fffa6e37034 KERNEL32.DLL!UnknownFunction []
[2021.08.28-01.56.09:096][852]LogWindows: Error: [Callstack] 0x00007fffa7402651 ntdll.dll!UnknownFunction []
[2021.08.28-01.56.09:096][852]LogWindows: Error: 
[2021.08.28-01.56.09:499][852]LogExit: Executing StaticShutdownAfterError
[2021.08.28-01.56.14:398][852]LogAudioMixer: Display: Audio Buffer Underrun detected.
[2021.08.28-01.56.14:596][852]LogWindows: FPlatformMisc::RequestExit(1)
[2021.08.28-01.56.14:597][852]LogCore: Engine exit requested (reason: Win RequestExit)
[2021.08.28-01.56.14:801][852]LogAudioMixer: Display: Audio Buffer Underrun detected.
[2021.08.28-01.56.14:805][852]LogAudioMixer: Display: Audio Buffer Underrun detected.
[2021.08.28-01.56.14:827][852]Log file closed, 08/27/21 21:56:14
