Log file open, 08/28/21 00:42:53
LogInit: Display: Running engine for game: BrackeysJamAug2021
LogPlatformFile: Not using cached read wrapper
LogTaskGraph: Started task graph with 5 named threads and 35 total threads with 3 sets of task threads.
LogStats: Stats thread started at 0.311142
LogD3D11RHI: Loaded GFSDK_Aftermath_Lib.x64.dll
LogICUInternationalization: ICU TimeZone Detection - Raw Offset: -5:00, Platform Override: ''
LogPluginManager: Mounting plugin Paper2D
LogPluginManager: Mounting plugin AISupport
LogPluginManager: Mounting plugin LightPropagationVolume
LogPluginManager: Mounting plugin CameraShakePreviewer
LogPluginManager: Mounting plugin ActorLayerUtilities
LogPluginManager: Mounting plugin AnimationSharing
LogPluginManager: Mounting plugin CLionSourceCodeAccess
LogPluginManager: Mounting plugin CodeLiteSourceCodeAccess
LogPluginManager: Mounting plugin GitSourceControl
LogPluginManager: Mounting plugin KDevelopSourceCodeAccess
LogPluginManager: Mounting plugin NullSourceCodeAccess
LogPluginManager: Mounting plugin PerforceSourceControl
LogPluginManager: Mounting plugin PlasticSourceControl
LogPluginManager: Mounting plugin RiderSourceCodeAccess
LogPluginManager: Mounting plugin SubversionSourceControl
LogPluginManager: Mounting plugin UObjectPlugin
LogPluginManager: Mounting plugin VisualStudioCodeSourceCodeAccess
LogPluginManager: Mounting plugin VisualStudioSourceCodeAccess
LogPluginManager: Mounting plugin XCodeSourceCodeAccess
LogPluginManager: Mounting plugin AssetManagerEditor
LogPluginManager: Mounting plugin CryptoKeys
LogPluginManager: Mounting plugin CurveEditorTools
LogPluginManager: Mounting plugin DataValidation
LogPluginManager: Mounting plugin EditorScriptingUtilities
LogPluginManager: Mounting plugin FacialAnimation
LogPluginManager: Mounting plugin GameplayTagsEditor
LogPluginManager: Mounting plugin GeometryMode
LogPluginManager: Mounting plugin MacGraphicsSwitching
LogPluginManager: Mounting plugin MaterialAnalyzer
LogPluginManager: Mounting plugin MobileLauncherProfileWizard
LogPluginManager: Mounting plugin PluginBrowser
LogPluginManager: Mounting plugin SpeedTreeImporter
LogPluginManager: Mounting plugin DatasmithContent
LogPluginManager: Mounting plugin VariantManagerContent
LogPluginManager: Mounting plugin AlembicImporter
LogPluginManager: Mounting plugin AutomationUtils
LogPluginManager: Mounting plugin BackChannel
LogPluginManager: Mounting plugin ChaosCloth
LogPluginManager: Mounting plugin ChaosClothEditor
LogPluginManager: Mounting plugin ChaosEditor
LogPluginManager: Mounting plugin ChaosNiagara
LogPluginManager: Mounting plugin ChaosSolverPlugin
LogPluginManager: Mounting plugin CharacterAI
LogPluginManager: Mounting plugin GeometryCache
LogPluginManager: Mounting plugin GeometryCollectionPlugin
LogPluginManager: Mounting plugin GeometryProcessing
LogPluginManager: Mounting plugin PlanarCut
LogPluginManager: Mounting plugin PlatformCrypto
LogPluginManager: Mounting plugin ProxyLODPlugin
LogPluginManager: Mounting plugin SkeletalReduction
LogPluginManager: Mounting plugin Niagara
LogPluginManager: Mounting plugin MagicLeap
LogPluginManager: Mounting plugin MagicLeapLightEstimation
LogPluginManager: Mounting plugin MagicLeapMedia
LogPluginManager: Mounting plugin MagicLeapPassableWorld
LogPluginManager: Mounting plugin MLSDK
LogPluginManager: Mounting plugin AndroidMedia
LogPluginManager: Mounting plugin AvfMedia
LogPluginManager: Mounting plugin ImgMedia
LogPluginManager: Mounting plugin MediaCompositing
LogPluginManager: Mounting plugin MediaPlayerEditor
LogPluginManager: Mounting plugin WebMMedia
LogPluginManager: Mounting plugin WmfMedia
LogPluginManager: Mounting plugin MeshPainting
LogPluginManager: Mounting plugin TcpMessaging
LogPluginManager: Mounting plugin UdpMessaging
LogPluginManager: Mounting plugin ActorSequence
LogPluginManager: Mounting plugin LevelSequenceEditor
LogPluginManager: Mounting plugin MatineeToLevelSequence
LogPluginManager: Mounting plugin MovieRenderPipeline
LogPluginManager: Mounting plugin TemplateSequence
LogPluginManager: Mounting plugin NetcodeUnitTest
LogPluginManager: Mounting plugin NUTUnrealEngine4
LogPluginManager: Mounting plugin OnlineSubsystemGooglePlay
LogPluginManager: Mounting plugin OnlineSubsystemIOS
LogPluginManager: Mounting plugin OnlineSubsystem
LogPluginManager: Mounting plugin OnlineSubsystemNull
LogPluginManager: Mounting plugin OnlineSubsystemUtils
LogPluginManager: Mounting plugin LauncherChunkInstaller
LogPluginManager: Mounting plugin AndroidDeviceProfileSelector
LogPluginManager: Mounting plugin AndroidMoviePlayer
LogPluginManager: Mounting plugin AndroidPermission
LogPluginManager: Mounting plugin AppleImageUtils
LogPluginManager: Mounting plugin AppleMoviePlayer
LogPluginManager: Mounting plugin ArchVisCharacter
LogPluginManager: Mounting plugin AssetTags
LogPluginManager: Mounting plugin AudioCapture
LogPluginManager: Mounting plugin CableComponent
LogPluginManager: Mounting plugin CustomMeshComponent
LogPluginManager: Mounting plugin EditableMesh
LogPluginManager: Mounting plugin ExampleDeviceProfileSelector
LogPluginManager: Mounting plugin GoogleCloudMessaging
LogPluginManager: Mounting plugin GooglePAD
LogPluginManager: Mounting plugin IOSDeviceProfileSelector
LogPluginManager: Mounting plugin LinuxDeviceProfileSelector
LogPluginManager: Mounting plugin LocationServicesBPLibrary
LogPluginManager: Mounting plugin MobilePatchingUtils
LogPluginManager: Mounting plugin OculusVR
LogPluginManager: Mounting plugin PhysXVehicles
LogPluginManager: Mounting plugin PostSplashScreen
LogPluginManager: Mounting plugin ProceduralMeshComponent
LogPluginManager: Mounting plugin RuntimePhysXCooking
LogPluginManager: Mounting plugin SignificanceManager
LogPluginManager: Mounting plugin SoundFields
LogPluginManager: Mounting plugin SteamVR
LogPluginManager: Mounting plugin Synthesis
LogPluginManager: Mounting plugin WebMMoviePlayer
LogPluginManager: Mounting plugin WindowsMoviePlayer
LogPluginManager: Mounting plugin ScreenshotTools
LogInit: Using libcurl 7.55.1-DEV
LogInit:  - built for x86_64-pc-win32
LogInit:  - supports SSL with OpenSSL/1.1.1
LogInit:  - supports HTTP deflate (compression) using libz 1.2.8
LogInit:  - other features:
LogInit:      CURL_VERSION_SSL
LogInit:      CURL_VERSION_LIBZ
LogInit:      CURL_VERSION_IPV6
LogInit:      CURL_VERSION_ASYNCHDNS
LogInit:      CURL_VERSION_LARGEFILE
LogInit:      CURL_VERSION_IDN
LogInit:  CurlRequestOptions (configurable via config and command line):
LogInit:  - bVerifyPeer = true  - Libcurl will verify peer certificate
LogInit:  - bUseHttpProxy = false  - Libcurl will NOT use HTTP proxy
LogInit:  - bDontReuseConnections = false  - Libcurl will reuse connections
LogInit:  - MaxHostConnections = 16  - Libcurl will limit the number of connections to a host
LogInit:  - LocalHostAddr = Default
LogInit:  - BufferSize = 65536
LogOnline: OSS: Creating online subsystem instance for: NULL
LogInit: WinSock: version 1.1 (2.2), MaxSocks=32767, MaxUdp=65467
LogOnline: OSS: TryLoadSubsystemAndSetDefault: Loaded subsystem for module [NULL]
LogInit: Build: ++UE4+Release-4.25-CL-14469661
LogInit: Engine Version: 4.25.4-14469661+++UE4+Release-4.25
LogInit: Compatible Engine Version: 4.25.0-13144385+++UE4+Release-4.25
LogInit: Net CL: 13144385
LogInit: OS: Windows 10 (Release 2009) (), CPU: Intel(R) Core(TM) i7-10750H CPU @ 2.60GHz, GPU: NVIDIA GeForce RTX 2080 Super
LogInit: Compiled (64-bit): Oct 11 2020 08:10:49
LogInit: Compiled with Visual C++: 19.24.28315.00
LogInit: Build Configuration: Development
LogInit: Branch Name: ++UE4+Release-4.25
LogInit: Command Line:  -skipcompile
LogInit: Base Directory: C:/Program Files/Epic Games/UE_4.25/Engine/Binaries/Win64/
LogInit: Allocator: TBB
LogInit: Installed Engine Build: 1
LogDevObjectVersion: Number of dev versions registered: 26
LogDevObjectVersion:   Dev-Blueprints (B0D832E4-1F89-4F0D-ACCF-7EB736FD4AA2): 10
LogDevObjectVersion:   Dev-Build (E1C64328-A22C-4D53-A36C-8E866417BD8C): 0
LogDevObjectVersion:   Dev-Core (375EC13C-06E4-48FB-B500-84F0262A717E): 4
LogDevObjectVersion:   Dev-Editor (E4B068ED-F494-42E9-A231-DA0B2E46BB41): 38
LogDevObjectVersion:   Dev-Framework (CFFC743F-43B0-4480-9391-14DF171D2073): 37
LogDevObjectVersion:   Dev-Mobile (B02B49B5-BB20-44E9-A304-32B752E40360): 2
LogDevObjectVersion:   Dev-Networking (A4E4105C-59A1-49B5-A7C5-40C4547EDFEE): 0
LogDevObjectVersion:   Dev-Online (39C831C9-5AE6-47DC-9A44-9C173E1C8E7C): 0
LogDevObjectVersion:   Dev-Physics (78F01B33-EBEA-4F98-B9B4-84EACCB95AA2): 4
LogDevObjectVersion:   Dev-Platform (6631380F-2D4D-43E0-8009-CF276956A95A): 0
LogDevObjectVersion:   Dev-Rendering (12F88B9F-8875-4AFC-A67C-D90C383ABD29): 43
LogDevObjectVersion:   Dev-Sequencer (7B5AE74C-D270-4C10-A958-57980B212A5A): 12
LogDevObjectVersion:   Dev-VR (D7296918-1DD6-4BDD-9DE2-64A83CC13884): 3
LogDevObjectVersion:   Dev-LoadTimes (C2A15278-BFE7-4AFE-6C17-90FF531DF755): 1
LogDevObjectVersion:   Private-Geometry (6EACA3D4-40EC-4CC1-B786-8BED09428FC5): 3
LogDevObjectVersion:   Dev-AnimPhys (29E575DD-E0A3-4627-9D10-D276232CDCEA): 17
LogDevObjectVersion:   Dev-Anim (AF43A65D-7FD3-4947-9873-3E8ED9C1BB05): 7
LogDevObjectVersion:   Dev-ReflectionCapture (6B266CEC-1EC7-4B8F-A30B-E4D90942FC07): 1
LogDevObjectVersion:   Dev-Automation (0DF73D61-A23F-47EA-B727-89E90C41499A): 1
LogDevObjectVersion:   FortniteMain (601D1886-AC64-4F84-AA16-D3DE0DEAC7D6): 31
LogDevObjectVersion:   Dev-Enterprise (9DFFBCD6-494F-0158-E221-12823C92A888): 10
LogDevObjectVersion:   Dev-Niagara (F2AED0AC-9AFE-416F-8664-AA7FFA26D6FC): 1
LogDevObjectVersion:   Dev-Destruction (174F1F0B-B4C6-45A5-B13F-2EE8D0FB917D): 10
LogDevObjectVersion:   Dev-Physics-Ext (35F94A83-E258-406C-A318-09F59610247C): 37
LogDevObjectVersion:   Dev-PhysicsMaterial-Chaos (B68FC16E-8B1B-42E2-B453-215C058844FE): 1
LogDevObjectVersion:   Dev-CineCamera (B2E18506-4273-CFC2-A54E-F4BB758BBA07): 1
LogInit: Presizing for max 25165824 objects, including 0 objects not considered by GC, pre-allocating 0 bytes for permanent pool.
LogConfig: Applying CVar settings from Section [/Script/Engine.StreamingSettings] File [D:/source/repos/BrackeysJamAug2021/BrackeysJamAug2021/Saved/Config/Windows/Engine.ini]
LogConfig: Setting CVar [[s.MinBulkDataSizeForAsyncLoading:131072]]
LogConfig: Setting CVar [[s.AsyncLoadingThreadEnabled:0]]
LogConfig: Setting CVar [[s.EventDrivenLoaderEnabled:1]]
LogConfig: Setting CVar [[s.WarnIfTimeLimitExceeded:0]]
LogConfig: Setting CVar [[s.TimeLimitExceededMultiplier:1.5]]
LogConfig: Setting CVar [[s.TimeLimitExceededMinTime:0.005]]
LogConfig: Setting CVar [[s.UseBackgroundLevelStreaming:1]]
LogConfig: Setting CVar [[s.PriorityAsyncLoadingExtraTime:15.0]]
LogConfig: Setting CVar [[s.LevelStreamingActorsUpdateTimeLimit:5.0]]
LogConfig: Setting CVar [[s.PriorityLevelStreamingActorsUpdateExtraTime:5.0]]
LogConfig: Setting CVar [[s.LevelStreamingComponentsRegistrationGranularity:10]]
LogConfig: Setting CVar [[s.UnregisterComponentsTimeLimit:1.0]]
LogConfig: Setting CVar [[s.LevelStreamingComponentsUnregistrationGranularity:5]]
LogConfig: Setting CVar [[s.FlushStreamingOnExit:1]]
LogInit: Object subsystem initialized
LogConfig: Setting CVar [[con.DebugEarlyDefault:1]]
LogConfig: Setting CVar [[r.setres:1280x720]]
[2021.08.28-04.42.54:859][  0]LogConfig: Setting CVar [[r.VSync:0]]
[2021.08.28-04.42.54:859][  0]LogConfig: Setting CVar [[r.RHICmdBypass:0]]
[2021.08.28-04.42.54:860][  0]LogConfig: Applying CVar settings from Section [/Script/Engine.RendererSettings] File [D:/source/repos/BrackeysJamAug2021/BrackeysJamAug2021/Saved/Config/Windows/Engine.ini]
[2021.08.28-04.42.54:860][  0]LogConfig: Setting CVar [[r.GPUCrashDebugging:0]]
[2021.08.28-04.42.54:860][  0]LogConfig: Applying CVar settings from Section [/Script/Engine.RendererOverrideSettings] File [D:/source/repos/BrackeysJamAug2021/BrackeysJamAug2021/Saved/Config/Windows/Engine.ini]
[2021.08.28-04.42.54:860][  0]LogConfig: Applying CVar settings from Section [/Script/Engine.StreamingSettings] File [D:/source/repos/BrackeysJamAug2021/BrackeysJamAug2021/Saved/Config/Windows/Engine.ini]
[2021.08.28-04.42.54:860][  0]LogConfig: Setting CVar [[s.MinBulkDataSizeForAsyncLoading:131072]]
[2021.08.28-04.42.54:860][  0]LogConfig: Setting CVar [[s.AsyncLoadingThreadEnabled:0]]
[2021.08.28-04.42.54:860][  0]LogConfig: Setting CVar [[s.EventDrivenLoaderEnabled:1]]
[2021.08.28-04.42.54:860][  0]LogConfig: Setting CVar [[s.WarnIfTimeLimitExceeded:0]]
[2021.08.28-04.42.54:860][  0]LogConfig: Setting CVar [[s.TimeLimitExceededMultiplier:1.5]]
[2021.08.28-04.42.54:860][  0]LogConfig: Setting CVar [[s.TimeLimitExceededMinTime:0.005]]
[2021.08.28-04.42.54:860][  0]LogConfig: Setting CVar [[s.UseBackgroundLevelStreaming:1]]
[2021.08.28-04.42.54:860][  0]LogConfig: Setting CVar [[s.PriorityAsyncLoadingExtraTime:15.0]]
[2021.08.28-04.42.54:860][  0]LogConfig: Setting CVar [[s.LevelStreamingActorsUpdateTimeLimit:5.0]]
[2021.08.28-04.42.54:860][  0]LogConfig: Setting CVar [[s.PriorityLevelStreamingActorsUpdateExtraTime:5.0]]
[2021.08.28-04.42.54:860][  0]LogConfig: Setting CVar [[s.LevelStreamingComponentsRegistrationGranularity:10]]
[2021.08.28-04.42.54:860][  0]LogConfig: Setting CVar [[s.UnregisterComponentsTimeLimit:1.0]]
[2021.08.28-04.42.54:860][  0]LogConfig: Setting CVar [[s.LevelStreamingComponentsUnregistrationGranularity:5]]
[2021.08.28-04.42.54:860][  0]LogConfig: Setting CVar [[s.FlushStreamingOnExit:1]]
[2021.08.28-04.42.54:860][  0]LogConfig: Applying CVar settings from Section [/Script/Engine.GarbageCollectionSettings] File [D:/source/repos/BrackeysJamAug2021/BrackeysJamAug2021/Saved/Config/Windows/Engine.ini]
[2021.08.28-04.42.54:860][  0]LogConfig: Setting CVar [[gc.MaxObjectsNotConsideredByGC:1]]
[2021.08.28-04.42.54:860][  0]LogConfig: Setting CVar [[gc.SizeOfPermanentObjectPool:0]]
[2021.08.28-04.42.54:860][  0]LogConfig: Setting CVar [[gc.FlushStreamingOnGC:0]]
[2021.08.28-04.42.54:860][  0]LogConfig: Setting CVar [[gc.NumRetriesBeforeForcingGC:10]]
[2021.08.28-04.42.54:860][  0]LogConfig: Setting CVar [[gc.AllowParallelGC:1]]
[2021.08.28-04.42.54:860][  0]LogConfig: Setting CVar [[gc.TimeBetweenPurgingPendingKillObjects:61.1]]
[2021.08.28-04.42.54:860][  0]LogConfig: Setting CVar [[gc.MaxObjectsInEditor:25165824]]
[2021.08.28-04.42.54:860][  0]LogConfig: Setting CVar [[gc.IncrementalBeginDestroyEnabled:1]]
[2021.08.28-04.42.54:860][  0]LogConfig: Setting CVar [[gc.CreateGCClusters:1]]
[2021.08.28-04.42.54:860][  0]LogConfig: Setting CVar [[gc.MinGCClusterSize:5]]
[2021.08.28-04.42.54:861][  0]LogConfig: Setting CVar [[gc.ActorClusteringEnabled:0]]
[2021.08.28-04.42.54:861][  0]LogConfig: Setting CVar [[gc.BlueprintClusteringEnabled:0]]
[2021.08.28-04.42.54:861][  0]LogConfig: Setting CVar [[gc.UseDisregardForGCOnDedicatedServers:0]]
[2021.08.28-04.42.54:861][  0]LogConfig: Applying CVar settings from Section [/Script/Engine.NetworkSettings] File [D:/source/repos/BrackeysJamAug2021/BrackeysJamAug2021/Saved/Config/Windows/Engine.ini]
[2021.08.28-04.42.54:861][  0]LogConfig: Applying CVar settings from Section [/Script/UnrealEd.CookerSettings] File [D:/source/repos/BrackeysJamAug2021/BrackeysJamAug2021/Saved/Config/Windows/Engine.ini]
[2021.08.28-04.42.54:873][  0]LogConfig: Applying CVar settings from Section [ViewDistanceQuality@3] File [D:/source/repos/BrackeysJamAug2021/BrackeysJamAug2021/Saved/Config/Windows/Scalability.ini]
[2021.08.28-04.42.54:873][  0]LogConfig: Setting CVar [[r.SkeletalMeshLODBias:0]]
[2021.08.28-04.42.54:873][  0]LogConfig: Setting CVar [[r.ViewDistanceScale:1.0]]
[2021.08.28-04.42.54:873][  0]LogConfig: Applying CVar settings from Section [AntiAliasingQuality@3] File [D:/source/repos/BrackeysJamAug2021/BrackeysJamAug2021/Saved/Config/Windows/Scalability.ini]
[2021.08.28-04.42.54:873][  0]LogConfig: Setting CVar [[r.PostProcessAAQuality:4]]
[2021.08.28-04.42.54:873][  0]LogConfig: Applying CVar settings from Section [ShadowQuality@3] File [D:/source/repos/BrackeysJamAug2021/BrackeysJamAug2021/Saved/Config/Windows/Scalability.ini]
[2021.08.28-04.42.54:873][  0]LogConfig: Setting CVar [[r.LightFunctionQuality:1]]
[2021.08.28-04.42.54:873][  0]LogConfig: Setting CVar [[r.ShadowQuality:5]]
[2021.08.28-04.42.54:873][  0]LogConfig: Setting CVar [[r.Shadow.CSM.MaxCascades:10]]
[2021.08.28-04.42.54:873][  0]LogConfig: Setting CVar [[r.Shadow.MaxResolution:2048]]
[2021.08.28-04.42.54:873][  0]LogConfig: Setting CVar [[r.Shadow.MaxCSMResolution:2048]]
[2021.08.28-04.42.54:873][  0]LogConfig: Setting CVar [[r.Shadow.RadiusThreshold:0.01]]
[2021.08.28-04.42.54:873][  0]LogConfig: Setting CVar [[r.Shadow.DistanceScale:1.0]]
[2021.08.28-04.42.54:873][  0]LogConfig: Setting CVar [[r.Shadow.CSM.TransitionScale:1.0]]
[2021.08.28-04.42.54:873][  0]LogConfig: Setting CVar [[r.Shadow.PreShadowResolutionFactor:1.0]]
[2021.08.28-04.42.54:873][  0]LogConfig: Setting CVar [[r.DistanceFieldShadowing:1]]
[2021.08.28-04.42.54:873][  0]LogConfig: Setting CVar [[r.DistanceFieldAO:1]]
[2021.08.28-04.42.54:873][  0]LogConfig: Setting CVar [[r.AOQuality:2]]
[2021.08.28-04.42.54:873][  0]LogConfig: Setting CVar [[r.VolumetricFog:1]]
[2021.08.28-04.42.54:873][  0]LogConfig: Setting CVar [[r.VolumetricFog.GridPixelSize:8]]
[2021.08.28-04.42.54:873][  0]LogConfig: Setting CVar [[r.VolumetricFog.GridSizeZ:128]]
[2021.08.28-04.42.54:874][  0]LogConfig: Setting CVar [[r.VolumetricFog.HistoryMissSupersampleCount:4]]
[2021.08.28-04.42.54:874][  0]LogConfig: Setting CVar [[r.LightMaxDrawDistanceScale:1]]
[2021.08.28-04.42.54:874][  0]LogConfig: Setting CVar [[r.CapsuleShadows:1]]
[2021.08.28-04.42.54:874][  0]LogConfig: Applying CVar settings from Section [PostProcessQuality@3] File [D:/source/repos/BrackeysJamAug2021/BrackeysJamAug2021/Saved/Config/Windows/Scalability.ini]
[2021.08.28-04.42.54:874][  0]LogConfig: Setting CVar [[r.MotionBlurQuality:4]]
[2021.08.28-04.42.54:874][  0]LogConfig: Setting CVar [[r.AmbientOcclusionMipLevelFactor:0.4]]
[2021.08.28-04.42.54:874][  0]LogConfig: Setting CVar [[r.AmbientOcclusionMaxQuality:100]]
[2021.08.28-04.42.54:874][  0]LogConfig: Setting CVar [[r.AmbientOcclusionLevels:-1]]
[2021.08.28-04.42.54:874][  0]LogConfig: Setting CVar [[r.AmbientOcclusionRadiusScale:1.0]]
[2021.08.28-04.42.54:874][  0]LogConfig: Setting CVar [[r.DepthOfFieldQuality:2]]
[2021.08.28-04.42.54:874][  0]LogConfig: Setting CVar [[r.RenderTargetPoolMin:400]]
[2021.08.28-04.42.54:874][  0]LogConfig: Setting CVar [[r.LensFlareQuality:2]]
[2021.08.28-04.42.54:874][  0]LogConfig: Setting CVar [[r.SceneColorFringeQuality:1]]
[2021.08.28-04.42.54:874][  0]LogConfig: Setting CVar [[r.EyeAdaptationQuality:2]]
[2021.08.28-04.42.54:874][  0]LogConfig: Setting CVar [[r.BloomQuality:5]]
[2021.08.28-04.42.54:874][  0]LogConfig: Setting CVar [[r.FastBlurThreshold:100]]
[2021.08.28-04.42.54:874][  0]LogConfig: Setting CVar [[r.Upscale.Quality:3]]
[2021.08.28-04.42.54:874][  0]LogConfig: Setting CVar [[r.Tonemapper.GrainQuantization:1]]
[2021.08.28-04.42.54:874][  0]LogConfig: Setting CVar [[r.LightShaftQuality:1]]
[2021.08.28-04.42.54:874][  0]LogConfig: Setting CVar [[r.Filter.SizeScale:1]]
[2021.08.28-04.42.54:874][  0]LogConfig: Setting CVar [[r.Tonemapper.Quality:5]]
[2021.08.28-04.42.54:874][  0]LogConfig: Setting CVar [[r.DOF.Gather.AccumulatorQuality:1        ; higher gathering accumulator quality]]
[2021.08.28-04.42.54:874][  0]LogConfig: Setting CVar [[r.DOF.Gather.PostfilterMethod:1          ; Median3x3 postfilering method]]
[2021.08.28-04.42.54:874][  0]LogConfig: Setting CVar [[r.DOF.Gather.EnableBokehSettings:0       ; no bokeh simulation when gathering]]
[2021.08.28-04.42.54:874][  0]LogConfig: Setting CVar [[r.DOF.Gather.RingCount:4                 ; medium number of samples when gathering]]
[2021.08.28-04.42.54:874][  0]LogConfig: Setting CVar [[r.DOF.Scatter.ForegroundCompositing:1    ; additive foreground scattering]]
[2021.08.28-04.42.54:874][  0]LogConfig: Setting CVar [[r.DOF.Scatter.BackgroundCompositing:2    ; additive background scattering]]
[2021.08.28-04.42.54:875][  0]LogConfig: Setting CVar [[r.DOF.Scatter.EnableBokehSettings:1      ; bokeh simulation when scattering]]
[2021.08.28-04.42.54:875][  0]LogConfig: Setting CVar [[r.DOF.Scatter.MaxSpriteRatio:0.1         ; only a maximum of 10% of scattered bokeh]]
[2021.08.28-04.42.54:875][  0]LogConfig: Setting CVar [[r.DOF.Recombine.Quality:1                ; cheap slight out of focus]]
[2021.08.28-04.42.54:875][  0]LogConfig: Setting CVar [[r.DOF.Recombine.EnableBokehSettings:0    ; no bokeh simulation on slight out of focus]]
[2021.08.28-04.42.54:875][  0]LogConfig: Setting CVar [[r.DOF.TemporalAAQuality:1                ; more stable temporal accumulation]]
[2021.08.28-04.42.54:875][  0]LogConfig: Setting CVar [[r.DOF.Kernel.MaxForegroundRadius:0.025]]
[2021.08.28-04.42.54:875][  0]LogConfig: Setting CVar [[r.DOF.Kernel.MaxBackgroundRadius:0.025]]
[2021.08.28-04.42.54:875][  0]LogConfig: Applying CVar settings from Section [TextureQuality@3] File [D:/source/repos/BrackeysJamAug2021/BrackeysJamAug2021/Saved/Config/Windows/Scalability.ini]
[2021.08.28-04.42.54:875][  0]LogConfig: Setting CVar [[r.Streaming.MipBias:0]]
[2021.08.28-04.42.54:875][  0]LogConfig: Setting CVar [[r.Streaming.AmortizeCPUToGPUCopy:0]]
[2021.08.28-04.42.54:875][  0]LogConfig: Setting CVar [[r.Streaming.MaxNumTexturesToStreamPerFrame:0]]
[2021.08.28-04.42.54:875][  0]LogConfig: Setting CVar [[r.Streaming.Boost:1]]
[2021.08.28-04.42.54:875][  0]LogConfig: Setting CVar [[r.MaxAnisotropy:8]]
[2021.08.28-04.42.54:875][  0]LogConfig: Setting CVar [[r.VT.MaxAnisotropy:8]]
[2021.08.28-04.42.54:875][  0]LogConfig: Setting CVar [[r.Streaming.LimitPoolSizeToVRAM:0]]
[2021.08.28-04.42.54:875][  0]LogConfig: Setting CVar [[r.Streaming.PoolSize:1000]]
[2021.08.28-04.42.54:875][  0]LogConfig: Setting CVar [[r.Streaming.MaxEffectiveScreenSize:0]]
[2021.08.28-04.42.54:875][  0]LogConfig: Applying CVar settings from Section [EffectsQuality@3] File [D:/source/repos/BrackeysJamAug2021/BrackeysJamAug2021/Saved/Config/Windows/Scalability.ini]
[2021.08.28-04.42.54:875][  0]LogConfig: Setting CVar [[r.TranslucencyLightingVolumeDim:64]]
[2021.08.28-04.42.54:875][  0]LogConfig: Setting CVar [[r.RefractionQuality:2]]
[2021.08.28-04.42.54:875][  0]LogConfig: Setting CVar [[r.SSR.Quality:3]]
[2021.08.28-04.42.54:875][  0]LogConfig: Setting CVar [[r.SSR.HalfResSceneColor:0]]
[2021.08.28-04.42.54:875][  0]LogConfig: Setting CVar [[r.SceneColorFormat:4]]
[2021.08.28-04.42.54:875][  0]LogConfig: Setting CVar [[r.DetailMode:2]]
[2021.08.28-04.42.54:875][  0]LogConfig: Setting CVar [[r.TranslucencyVolumeBlur:1]]
[2021.08.28-04.42.54:876][  0]LogConfig: Setting CVar [[r.MaterialQualityLevel:1 ; High quality]]
[2021.08.28-04.42.54:876][  0]LogConfig: Setting CVar [[r.SSS.Scale:1]]
[2021.08.28-04.42.54:876][  0]LogConfig: Setting CVar [[r.SSS.SampleSet:2]]
[2021.08.28-04.42.54:876][  0]LogConfig: Setting CVar [[r.SSS.Quality:1]]
[2021.08.28-04.42.54:876][  0]LogConfig: Setting CVar [[r.SSS.HalfRes:0]]
[2021.08.28-04.42.54:876][  0]LogConfig: Setting CVar [[r.SSGI.Quality:3]]
[2021.08.28-04.42.54:876][  0]LogConfig: Setting CVar [[r.EmitterSpawnRateScale:1.0]]
[2021.08.28-04.42.54:876][  0]LogConfig: Setting CVar [[r.ParticleLightQuality:2]]
[2021.08.28-04.42.54:876][  0]LogConfig: Setting CVar [[r.SkyAtmosphere.AerialPerspectiveLUT.FastApplyOnOpaque:1 ; Always have FastSkyLUT 1 in this case to avoid wrong sky]]
[2021.08.28-04.42.54:876][  0]LogConfig: Setting CVar [[r.SkyAtmosphere.AerialPerspectiveLUT.SampleCountPerSlice:1]]
[2021.08.28-04.42.54:876][  0]LogConfig: Setting CVar [[r.SkyAtmosphere.AerialPerspectiveLUT.DepthResolution:16.0]]
[2021.08.28-04.42.54:876][  0]LogConfig: Setting CVar [[r.SkyAtmosphere.FastSkyLUT:1]]
[2021.08.28-04.42.54:876][  0]LogConfig: Setting CVar [[r.SkyAtmosphere.FastSkyLUT.SampleCountMin:4.0]]
[2021.08.28-04.42.54:876][  0]LogConfig: Setting CVar [[r.SkyAtmosphere.FastSkyLUT.SampleCountMax:32.0]]
[2021.08.28-04.42.54:876][  0]LogConfig: Setting CVar [[r.SkyAtmosphere.SampleCountMin:4.0]]
[2021.08.28-04.42.54:876][  0]LogConfig: Setting CVar [[r.SkyAtmosphere.SampleCountMax:32.0]]
[2021.08.28-04.42.54:876][  0]LogConfig: Setting CVar [[r.SkyAtmosphere.TransmittanceLUT.UseSmallFormat:0]]
[2021.08.28-04.42.54:876][  0]LogConfig: Setting CVar [[r.SkyAtmosphere.TransmittanceLUT.SampleCount:10.0]]
[2021.08.28-04.42.54:876][  0]LogConfig: Setting CVar [[r.SkyAtmosphere.MultiScatteringLUT.SampleCount:15.0]]
[2021.08.28-04.42.54:876][  0]LogConfig: Applying CVar settings from Section [FoliageQuality@3] File [D:/source/repos/BrackeysJamAug2021/BrackeysJamAug2021/Saved/Config/Windows/Scalability.ini]
[2021.08.28-04.42.54:876][  0]LogConfig: Setting CVar [[foliage.DensityScale:1.0]]
[2021.08.28-04.42.54:876][  0]LogConfig: Setting CVar [[grass.DensityScale:1.0]]
[2021.08.28-04.42.54:876][  0]LogConfig: Applying CVar settings from Section [ShadingQuality@3] File [D:/source/repos/BrackeysJamAug2021/BrackeysJamAug2021/Saved/Config/Windows/Scalability.ini]
[2021.08.28-04.42.54:876][  0]LogConfig: Setting CVar [[r.HairStrands.SkyLighting.SampleCount:16]]
[2021.08.28-04.42.54:876][  0]LogConfig: Setting CVar [[r.HairStrands.SkyLighting.JitterIntegration:0]]
[2021.08.28-04.42.54:876][  0]LogConfig: Setting CVar [[r.HairStrands.SkyAO.SampleCount:16]]
[2021.08.28-04.42.54:876][  0]LogConfig: Setting CVar [[r.HairStrands.DeepShadow.SuperSampling:0]]
[2021.08.28-04.42.54:876][  0]LogConfig: Setting CVar [[r.HairStrands.VisibilityPPLL:0]]
[2021.08.28-04.42.54:877][  0]LogConfig: Setting CVar [[r.HairStrands.RasterizationScale:0.5]]
[2021.08.28-04.42.54:877][  0]LogConfig: Setting CVar [[r.HairStrands.VelocityRasterizationScale:1]]
[2021.08.28-04.42.54:877][  0]LogInit: Selected Device Profile: [Windows]
[2021.08.28-04.42.54:877][  0]LogInit: Applying CVar settings loaded from the selected device profile: [Windows]
[2021.08.28-04.42.54:877][  0]LogHAL: Display: Platform has ~ 16 GB [16991240192 / 17179869184 / 16], which maps to Larger [LargestMinGB=32, LargerMinGB=12, DefaultMinGB=8, SmallerMinGB=6, SmallestMinGB=0)
[2021.08.28-04.42.54:877][  0]LogInit: Going up to parent DeviceProfile []
[2021.08.28-04.42.54:877][  0]LogConfig: Applying CVar settings from Section [ViewDistanceQuality@3] File [D:/source/repos/BrackeysJamAug2021/BrackeysJamAug2021/Saved/Config/Windows/Scalability.ini]
[2021.08.28-04.42.54:877][  0]LogConfig: Setting CVar [[r.SkeletalMeshLODBias:0]]
[2021.08.28-04.42.54:877][  0]LogConfig: Setting CVar [[r.ViewDistanceScale:1.0]]
[2021.08.28-04.42.54:877][  0]LogConfig: Applying CVar settings from Section [AntiAliasingQuality@3] File [D:/source/repos/BrackeysJamAug2021/BrackeysJamAug2021/Saved/Config/Windows/Scalability.ini]
[2021.08.28-04.42.54:877][  0]LogConfig: Setting CVar [[r.PostProcessAAQuality:4]]
[2021.08.28-04.42.54:877][  0]LogConfig: Applying CVar settings from Section [ShadowQuality@3] File [D:/source/repos/BrackeysJamAug2021/BrackeysJamAug2021/Saved/Config/Windows/Scalability.ini]
[2021.08.28-04.42.54:877][  0]LogConfig: Setting CVar [[r.LightFunctionQuality:1]]
[2021.08.28-04.42.54:877][  0]LogConfig: Setting CVar [[r.ShadowQuality:5]]
[2021.08.28-04.42.54:877][  0]LogConfig: Setting CVar [[r.Shadow.CSM.MaxCascades:10]]
[2021.08.28-04.42.54:877][  0]LogConfig: Setting CVar [[r.Shadow.MaxResolution:2048]]
[2021.08.28-04.42.54:877][  0]LogConfig: Setting CVar [[r.Shadow.MaxCSMResolution:2048]]
[2021.08.28-04.42.54:877][  0]LogConfig: Setting CVar [[r.Shadow.RadiusThreshold:0.01]]
[2021.08.28-04.42.54:877][  0]LogConfig: Setting CVar [[r.Shadow.DistanceScale:1.0]]
[2021.08.28-04.42.54:877][  0]LogConfig: Setting CVar [[r.Shadow.CSM.TransitionScale:1.0]]
[2021.08.28-04.42.54:878][  0]LogConfig: Setting CVar [[r.Shadow.PreShadowResolutionFactor:1.0]]
[2021.08.28-04.42.54:878][  0]LogConfig: Setting CVar [[r.DistanceFieldShadowing:1]]
[2021.08.28-04.42.54:878][  0]LogConfig: Setting CVar [[r.DistanceFieldAO:1]]
[2021.08.28-04.42.54:878][  0]LogConfig: Setting CVar [[r.AOQuality:2]]
[2021.08.28-04.42.54:878][  0]LogConfig: Setting CVar [[r.VolumetricFog:1]]
[2021.08.28-04.42.54:878][  0]LogConfig: Setting CVar [[r.VolumetricFog.GridPixelSize:8]]
[2021.08.28-04.42.54:878][  0]LogConfig: Setting CVar [[r.VolumetricFog.GridSizeZ:128]]
[2021.08.28-04.42.54:878][  0]LogConfig: Setting CVar [[r.VolumetricFog.HistoryMissSupersampleCount:4]]
[2021.08.28-04.42.54:878][  0]LogConfig: Setting CVar [[r.LightMaxDrawDistanceScale:1]]
[2021.08.28-04.42.54:878][  0]LogConfig: Setting CVar [[r.CapsuleShadows:1]]
[2021.08.28-04.42.54:878][  0]LogConfig: Applying CVar settings from Section [PostProcessQuality@3] File [D:/source/repos/BrackeysJamAug2021/BrackeysJamAug2021/Saved/Config/Windows/Scalability.ini]
[2021.08.28-04.42.54:878][  0]LogConfig: Setting CVar [[r.MotionBlurQuality:4]]
[2021.08.28-04.42.54:878][  0]LogConfig: Setting CVar [[r.AmbientOcclusionMipLevelFactor:0.4]]
[2021.08.28-04.42.54:878][  0]LogConfig: Setting CVar [[r.AmbientOcclusionMaxQuality:100]]
[2021.08.28-04.42.54:878][  0]LogConfig: Setting CVar [[r.AmbientOcclusionLevels:-1]]
[2021.08.28-04.42.54:878][  0]LogConfig: Setting CVar [[r.AmbientOcclusionRadiusScale:1.0]]
[2021.08.28-04.42.54:878][  0]LogConfig: Setting CVar [[r.DepthOfFieldQuality:2]]
[2021.08.28-04.42.54:878][  0]LogConfig: Setting CVar [[r.RenderTargetPoolMin:400]]
[2021.08.28-04.42.54:878][  0]LogConfig: Setting CVar [[r.LensFlareQuality:2]]
[2021.08.28-04.42.54:878][  0]LogConfig: Setting CVar [[r.SceneColorFringeQuality:1]]
[2021.08.28-04.42.54:878][  0]LogConfig: Setting CVar [[r.EyeAdaptationQuality:2]]
[2021.08.28-04.42.54:878][  0]LogConfig: Setting CVar [[r.BloomQuality:5]]
[2021.08.28-04.42.54:879][  0]LogConfig: Setting CVar [[r.FastBlurThreshold:100]]
[2021.08.28-04.42.54:879][  0]LogConfig: Setting CVar [[r.Upscale.Quality:3]]
[2021.08.28-04.42.54:879][  0]LogConfig: Setting CVar [[r.Tonemapper.GrainQuantization:1]]
[2021.08.28-04.42.54:879][  0]LogConfig: Setting CVar [[r.LightShaftQuality:1]]
[2021.08.28-04.42.54:879][  0]LogConfig: Setting CVar [[r.Filter.SizeScale:1]]
[2021.08.28-04.42.54:879][  0]LogConfig: Setting CVar [[r.Tonemapper.Quality:5]]
[2021.08.28-04.42.54:879][  0]LogConfig: Setting CVar [[r.DOF.Gather.AccumulatorQuality:1        ; higher gathering accumulator quality]]
[2021.08.28-04.42.54:879][  0]LogConfig: Setting CVar [[r.DOF.Gather.PostfilterMethod:1          ; Median3x3 postfilering method]]
[2021.08.28-04.42.54:879][  0]LogConfig: Setting CVar [[r.DOF.Gather.EnableBokehSettings:0       ; no bokeh simulation when gathering]]
[2021.08.28-04.42.54:879][  0]LogConfig: Setting CVar [[r.DOF.Gather.RingCount:4                 ; medium number of samples when gathering]]
[2021.08.28-04.42.54:879][  0]LogConfig: Setting CVar [[r.DOF.Scatter.ForegroundCompositing:1    ; additive foreground scattering]]
[2021.08.28-04.42.54:879][  0]LogConfig: Setting CVar [[r.DOF.Scatter.BackgroundCompositing:2    ; additive background scattering]]
[2021.08.28-04.42.54:879][  0]LogConfig: Setting CVar [[r.DOF.Scatter.EnableBokehSettings:1      ; bokeh simulation when scattering]]
[2021.08.28-04.42.54:879][  0]LogConfig: Setting CVar [[r.DOF.Scatter.MaxSpriteRatio:0.1         ; only a maximum of 10% of scattered bokeh]]
[2021.08.28-04.42.54:879][  0]LogConfig: Setting CVar [[r.DOF.Recombine.Quality:1                ; cheap slight out of focus]]
[2021.08.28-04.42.54:879][  0]LogConfig: Setting CVar [[r.DOF.Recombine.EnableBokehSettings:0    ; no bokeh simulation on slight out of focus]]
[2021.08.28-04.42.54:879][  0]LogConfig: Setting CVar [[r.DOF.TemporalAAQuality:1                ; more stable temporal accumulation]]
[2021.08.28-04.42.54:879][  0]LogConfig: Setting CVar [[r.DOF.Kernel.MaxForegroundRadius:0.025]]
[2021.08.28-04.42.54:879][  0]LogConfig: Setting CVar [[r.DOF.Kernel.MaxBackgroundRadius:0.025]]
[2021.08.28-04.42.54:880][  0]LogConfig: Applying CVar settings from Section [TextureQuality@3] File [D:/source/repos/BrackeysJamAug2021/BrackeysJamAug2021/Saved/Config/Windows/Scalability.ini]
[2021.08.28-04.42.54:880][  0]LogConfig: Setting CVar [[r.Streaming.MipBias:0]]
[2021.08.28-04.42.54:880][  0]LogConfig: Setting CVar [[r.Streaming.AmortizeCPUToGPUCopy:0]]
[2021.08.28-04.42.54:880][  0]LogConfig: Setting CVar [[r.Streaming.MaxNumTexturesToStreamPerFrame:0]]
[2021.08.28-04.42.54:880][  0]LogConfig: Setting CVar [[r.Streaming.Boost:1]]
[2021.08.28-04.42.54:880][  0]LogConfig: Setting CVar [[r.MaxAnisotropy:8]]
[2021.08.28-04.42.54:880][  0]LogConfig: Setting CVar [[r.VT.MaxAnisotropy:8]]
[2021.08.28-04.42.54:880][  0]LogConfig: Setting CVar [[r.Streaming.LimitPoolSizeToVRAM:0]]
[2021.08.28-04.42.54:880][  0]LogConfig: Setting CVar [[r.Streaming.PoolSize:1000]]
[2021.08.28-04.42.54:880][  0]LogConfig: Setting CVar [[r.Streaming.MaxEffectiveScreenSize:0]]
[2021.08.28-04.42.54:880][  0]LogConfig: Applying CVar settings from Section [EffectsQuality@3] File [D:/source/repos/BrackeysJamAug2021/BrackeysJamAug2021/Saved/Config/Windows/Scalability.ini]
[2021.08.28-04.42.54:880][  0]LogConfig: Setting CVar [[r.TranslucencyLightingVolumeDim:64]]
[2021.08.28-04.42.54:880][  0]LogConfig: Setting CVar [[r.RefractionQuality:2]]
[2021.08.28-04.42.54:880][  0]LogConfig: Setting CVar [[r.SSR.Quality:3]]
[2021.08.28-04.42.54:880][  0]LogConfig: Setting CVar [[r.SSR.HalfResSceneColor:0]]
[2021.08.28-04.42.54:880][  0]LogConfig: Setting CVar [[r.SceneColorFormat:4]]
[2021.08.28-04.42.54:880][  0]LogConfig: Setting CVar [[r.DetailMode:2]]
[2021.08.28-04.42.54:880][  0]LogConfig: Setting CVar [[r.TranslucencyVolumeBlur:1]]
[2021.08.28-04.42.54:880][  0]LogConfig: Setting CVar [[r.MaterialQualityLevel:1 ; High quality]]
[2021.08.28-04.42.54:880][  0]LogConfig: Setting CVar [[r.SSS.Scale:1]]
[2021.08.28-04.42.54:880][  0]LogConfig: Setting CVar [[r.SSS.SampleSet:2]]
[2021.08.28-04.42.54:880][  0]LogConfig: Setting CVar [[r.SSS.Quality:1]]
[2021.08.28-04.42.54:880][  0]LogConfig: Setting CVar [[r.SSS.HalfRes:0]]
[2021.08.28-04.42.54:880][  0]LogConfig: Setting CVar [[r.SSGI.Quality:3]]
[2021.08.28-04.42.54:880][  0]LogConfig: Setting CVar [[r.EmitterSpawnRateScale:1.0]]
[2021.08.28-04.42.54:880][  0]LogConfig: Setting CVar [[r.ParticleLightQuality:2]]
[2021.08.28-04.42.54:880][  0]LogConfig: Setting CVar [[r.SkyAtmosphere.AerialPerspectiveLUT.FastApplyOnOpaque:1 ; Always have FastSkyLUT 1 in this case to avoid wrong sky]]
[2021.08.28-04.42.54:880][  0]LogConfig: Setting CVar [[r.SkyAtmosphere.AerialPerspectiveLUT.SampleCountPerSlice:1]]
[2021.08.28-04.42.54:880][  0]LogConfig: Setting CVar [[r.SkyAtmosphere.AerialPerspectiveLUT.DepthResolution:16.0]]
[2021.08.28-04.42.54:880][  0]LogConfig: Setting CVar [[r.SkyAtmosphere.FastSkyLUT:1]]
[2021.08.28-04.42.54:880][  0]LogConfig: Setting CVar [[r.SkyAtmosphere.FastSkyLUT.SampleCountMin:4.0]]
[2021.08.28-04.42.54:880][  0]LogConfig: Setting CVar [[r.SkyAtmosphere.FastSkyLUT.SampleCountMax:32.0]]
[2021.08.28-04.42.54:880][  0]LogConfig: Setting CVar [[r.SkyAtmosphere.SampleCountMin:4.0]]
[2021.08.28-04.42.54:880][  0]LogConfig: Setting CVar [[r.SkyAtmosphere.SampleCountMax:32.0]]
[2021.08.28-04.42.54:880][  0]LogConfig: Setting CVar [[r.SkyAtmosphere.TransmittanceLUT.UseSmallFormat:0]]
[2021.08.28-04.42.54:880][  0]LogConfig: Setting CVar [[r.SkyAtmosphere.TransmittanceLUT.SampleCount:10.0]]
[2021.08.28-04.42.54:880][  0]LogConfig: Setting CVar [[r.SkyAtmosphere.MultiScatteringLUT.SampleCount:15.0]]
[2021.08.28-04.42.54:880][  0]LogConfig: Applying CVar settings from Section [FoliageQuality@3] File [D:/source/repos/BrackeysJamAug2021/BrackeysJamAug2021/Saved/Config/Windows/Scalability.ini]
[2021.08.28-04.42.54:881][  0]LogConfig: Setting CVar [[foliage.DensityScale:1.0]]
[2021.08.28-04.42.54:881][  0]LogConfig: Setting CVar [[grass.DensityScale:1.0]]
[2021.08.28-04.42.54:881][  0]LogConfig: Applying CVar settings from Section [ShadingQuality@3] File [D:/source/repos/BrackeysJamAug2021/BrackeysJamAug2021/Saved/Config/Windows/Scalability.ini]
[2021.08.28-04.42.54:881][  0]LogConfig: Setting CVar [[r.HairStrands.SkyLighting.SampleCount:16]]
[2021.08.28-04.42.54:881][  0]LogConfig: Setting CVar [[r.HairStrands.SkyLighting.JitterIntegration:0]]
[2021.08.28-04.42.54:881][  0]LogConfig: Setting CVar [[r.HairStrands.SkyAO.SampleCount:16]]
[2021.08.28-04.42.54:881][  0]LogConfig: Setting CVar [[r.HairStrands.DeepShadow.SuperSampling:0]]
[2021.08.28-04.42.54:881][  0]LogConfig: Setting CVar [[r.HairStrands.VisibilityPPLL:0]]
[2021.08.28-04.42.54:881][  0]LogConfig: Setting CVar [[r.HairStrands.RasterizationScale:0.5]]
[2021.08.28-04.42.54:881][  0]LogConfig: Setting CVar [[r.HairStrands.VelocityRasterizationScale:1]]
[2021.08.28-04.42.54:881][  0]LogConfig: Applying CVar settings from Section [Startup] File [../../../Engine/Config/ConsoleVariables.ini]
[2021.08.28-04.42.54:881][  0]LogConfig: Setting CVar [[net.UseAdaptiveNetUpdateFrequency:0]]
[2021.08.28-04.42.54:881][  0]LogConfig: Setting CVar [[p.chaos.AllowCreatePhysxBodies:1]]
[2021.08.28-04.42.54:881][  0]LogConfig: Setting CVar [[fx.SkipVectorVMBackendOptimizations:1]]
[2021.08.28-04.42.54:881][  0]LogConfig: Applying CVar settings from Section [ConsoleVariables] File [D:/source/repos/BrackeysJamAug2021/BrackeysJamAug2021/Saved/Config/Windows/Engine.ini]
[2021.08.28-04.42.54:881][  0]LogInit: Computer: MSI
[2021.08.28-04.42.54:881][  0]LogInit: User: dalto
[2021.08.28-04.42.54:881][  0]LogInit: CPU Page size=4096, Cores=6
[2021.08.28-04.42.54:881][  0]LogInit: High frequency timer resolution =10.000000 MHz
[2021.08.28-04.42.54:882][  0]LogMemory: Memory total: Physical=15.8GB (16GB approx)
[2021.08.28-04.42.54:882][  0]LogMemory: Platform Memory Stats for Windows
[2021.08.28-04.42.54:882][  0]LogMemory: Process Physical Memory: 116.26 MB used, 116.26 MB peak
[2021.08.28-04.42.54:882][  0]LogMemory: Process Virtual Memory: 108.13 MB used, 108.13 MB peak
[2021.08.28-04.42.54:882][  0]LogMemory: Physical Memory: 10423.62 MB used,  5780.49 MB free, 16204.11 MB total
[2021.08.28-04.42.54:882][  0]LogMemory: Virtual Memory: 5176.85 MB used,  134212552.00 MB free, 134217728.00 MB total
[2021.08.28-04.42.54:896][  0]LogWindows: WindowsPlatformFeatures enabled
[2021.08.28-04.42.55:400][  0]LogInit: Physics initialised using underlying interface: PhysX
[2021.08.28-04.42.55:401][  0]LogInit: Using OS detected language (en-US).
[2021.08.28-04.42.55:401][  0]LogInit: Using OS detected locale (en-US).
[2021.08.28-04.42.55:407][  0]LogTextLocalizationManager: No specific localization for 'en-US' exists, so the 'en' localization will be used.
[2021.08.28-04.42.55:551][  0]LogInit: Setting process to per monitor DPI aware
[2021.08.28-04.42.55:686][  0]LogSlate: New Slate User Created.  User Index 0, Is Virtual User: 0
[2021.08.28-04.42.55:686][  0]LogSlate: Slate User Registered.  User Index 0, Is Virtual User: 0
[2021.08.28-04.42.55:842][  0]LogHMD: Failed to initialize OpenVR with code 110
[2021.08.28-04.42.55:843][  0]LogD3D11RHI: D3D11 min allowed feature level: 11_0
[2021.08.28-04.42.55:843][  0]LogD3D11RHI: D3D11 max allowed feature level: 11_0
[2021.08.28-04.42.55:843][  0]LogD3D11RHI: D3D11 adapters:
[2021.08.28-04.42.58:181][  0]LogD3D11RHI:    0. 'NVIDIA GeForce RTX 2080 Super' (Feature Level 11_0)
[2021.08.28-04.42.58:181][  0]LogD3D11RHI:       8010/0/8102 MB DedicatedVideo/DedicatedSystem/SharedSystem, Outputs:2, VendorId:0x10de
[2021.08.28-04.42.59:755][  0]LogD3D11RHI:    1. 'Intel(R) UHD Graphics' (Feature Level 11_0)
[2021.08.28-04.42.59:755][  0]LogD3D11RHI:       128/0/8102 MB DedicatedVideo/DedicatedSystem/SharedSystem, Outputs:0, VendorId:0x8086
[2021.08.28-04.42.59:764][  0]LogD3D11RHI:    2. 'Microsoft Basic Render Driver' (Feature Level 11_0)
[2021.08.28-04.42.59:764][  0]LogD3D11RHI:       0/0/8102 MB DedicatedVideo/DedicatedSystem/SharedSystem, Outputs:0, VendorId:0x1414
[2021.08.28-04.42.59:867][  0]LogD3D11RHI:    3. 'Intel(R) UHD Graphics' (Feature Level 11_0)
[2021.08.28-04.42.59:867][  0]LogD3D11RHI:       128/0/8102 MB DedicatedVideo/DedicatedSystem/SharedSystem, Outputs:0, VendorId:0x8086
[2021.08.28-04.42.59:867][  0]LogD3D11RHI: Chosen D3D11 Adapter: 0
[2021.08.28-04.42.59:873][  0]LogD3D11RHI: Creating new Direct3DDevice
[2021.08.28-04.42.59:873][  0]LogD3D11RHI:     GPU DeviceId: 0x1e93 (for the marketing name, search the web for "GPU Device Id")
[2021.08.28-04.42.59:873][  0]LogWindows: EnumDisplayDevices:
[2021.08.28-04.42.59:873][  0]LogWindows:    0. 'Intel(R) UHD Graphics' (P:0 D:0)
[2021.08.28-04.42.59:873][  0]LogWindows:    1. 'Intel(R) UHD Graphics' (P:0 D:0)
[2021.08.28-04.42.59:873][  0]LogWindows:    2. 'Intel(R) UHD Graphics' (P:0 D:0)
[2021.08.28-04.42.59:874][  0]LogWindows:    3. 'NVIDIA GeForce RTX 2080 Super' (P:1 D:1)
[2021.08.28-04.42.59:874][  0]LogWindows:    4. 'NVIDIA GeForce RTX 2080 Super' (P:0 D:1)
[2021.08.28-04.42.59:874][  0]LogWindows:    5. 'NVIDIA GeForce RTX 2080 Super' (P:0 D:0)
[2021.08.28-04.42.59:874][  0]LogWindows:    6. 'NVIDIA GeForce RTX 2080 Super' (P:0 D:0)
[2021.08.28-04.42.59:874][  0]LogWindows:    7. 'DisplayLink USB Device' (P:0 D:0)
[2021.08.28-04.42.59:875][  0]LogWindows:    8. 'DisplayLink USB Device' (P:0 D:0)
[2021.08.28-04.42.59:875][  0]LogWindows: DebugString: PrimaryIsNotTheChoosenAdapter PrimaryIsNotTheChoosenAdapter PrimaryIsNotTheChoosenAdapter GetVideoDriverDetailsInvalid PrimaryIsNotTheChoosenAdapter GetVideoDriverDetailsInvalid PrimaryIsNotTheChoosenAdapter FoundDriverCount:4 
[2021.08.28-04.42.59:875][  0]LogD3D11RHI:     Adapter Name: NVIDIA GeForce RTX 2080 Super
[2021.08.28-04.42.59:875][  0]LogD3D11RHI:   Driver Version: 460.89 (internal:27.21.14.6089, unified:460.89)
[2021.08.28-04.42.59:875][  0]LogD3D11RHI:      Driver Date: 12-11-2020
[2021.08.28-04.42.59:875][  0]LogRHI: Texture pool is 5607 MB (70% of 8010 MB)
[2021.08.28-04.42.59:952][  0]LogD3D11RHI: RHI has support for 64 bit atomics
[2021.08.28-04.42.59:952][  0]LogD3D11RHI: Async texture creation enabled
[2021.08.28-04.42.59:952][  0]LogD3D11RHI: Array index from any shader is supported
[2021.08.28-04.42.59:976][  0]LogD3D11RHI: GPU Timing Frequency: 1000.000000 (Debug: 2 1)
[2021.08.28-04.43.00:218][  0]LogTargetPlatformManager: Display: Loaded TargetPlatform 'AllDesktop'
[2021.08.28-04.43.00:240][  0]LogTargetPlatformManager: Display: Loaded TargetPlatform 'Android'
[2021.08.28-04.43.00:240][  0]LogTargetPlatformManager: Display: Loaded TargetPlatform 'Android_ASTC'
[2021.08.28-04.43.00:240][  0]LogTargetPlatformManager: Display: Loaded TargetPlatform 'Android_DXT'
[2021.08.28-04.43.00:240][  0]LogTargetPlatformManager: Display: Loaded TargetPlatform 'Android_ETC2'
[2021.08.28-04.43.00:240][  0]LogTargetPlatformManager: Display: Loaded TargetPlatform 'AndroidClient'
[2021.08.28-04.43.00:240][  0]LogTargetPlatformManager: Display: Loaded TargetPlatform 'Android_ASTCClient'
[2021.08.28-04.43.00:240][  0]LogTargetPlatformManager: Display: Loaded TargetPlatform 'Android_DXTClient'
[2021.08.28-04.43.00:241][  0]LogTargetPlatformManager: Display: Loaded TargetPlatform 'Android_ETC2Client'
[2021.08.28-04.43.00:241][  0]LogTargetPlatformManager: Display: Loaded TargetPlatform 'Android_Multi'
[2021.08.28-04.43.00:241][  0]LogTargetPlatformManager: Display: Loaded TargetPlatform 'Android_MultiClient'
[2021.08.28-04.43.00:278][  0]LogTargetPlatformManager: Display: Loaded TargetPlatform 'IOSClient'
[2021.08.28-04.43.00:278][  0]LogTargetPlatformManager: Display: Loaded TargetPlatform 'IOS'
[2021.08.28-04.43.00:291][  0]LogTargetPlatformManager: Display: Loaded TargetPlatform 'Linux'
[2021.08.28-04.43.00:303][  0]LogTargetPlatformManager: Display: Loaded TargetPlatform 'LinuxNoEditor'
[2021.08.28-04.43.00:314][  0]LogTargetPlatformManager: Display: Loaded TargetPlatform 'LinuxClient'
[2021.08.28-04.43.00:326][  0]LogTargetPlatformManager: Display: Loaded TargetPlatform 'LinuxServer'
[2021.08.28-04.43.00:337][  0]LogTargetPlatformManager: Display: Loaded TargetPlatform 'LinuxAArch64NoEditor'
[2021.08.28-04.43.00:349][  0]LogTargetPlatformManager: Display: Loaded TargetPlatform 'LinuxAArch64Client'
[2021.08.28-04.43.00:361][  0]LogTargetPlatformManager: Display: Loaded TargetPlatform 'LinuxAArch64Server'
[2021.08.28-04.43.00:388][  0]LogTargetPlatformManager: Display: Loaded TargetPlatform 'Lumin'
[2021.08.28-04.43.00:388][  0]LogTargetPlatformManager: Display: Loaded TargetPlatform 'LuminClient'
[2021.08.28-04.43.00:407][  0]LogTargetPlatformManager: Display: Loaded TargetPlatform 'TVOSClient'
[2021.08.28-04.43.00:407][  0]LogTargetPlatformManager: Display: Loaded TargetPlatform 'TVOS'
[2021.08.28-04.43.00:421][  0]LogTargetPlatformManager: Display: Loaded TargetPlatform 'WindowsNoEditor'
[2021.08.28-04.43.00:437][  0]LogTargetPlatformManager: Display: Loaded TargetPlatform 'Windows'
[2021.08.28-04.43.00:451][  0]LogTargetPlatformManager: Display: Loaded TargetPlatform 'WindowsClient'
[2021.08.28-04.43.00:467][  0]LogTargetPlatformManager: Display: Loaded TargetPlatform 'WindowsServer'
[2021.08.28-04.43.00:467][  0]LogTargetPlatformManager: Display: Building Assets For Windows
[2021.08.28-04.43.01:028][  0]LogAudioDebug: Display: Lib vorbis DLL was dynamically loaded.
[2021.08.28-04.43.01:694][  0]LogShaderCompilers: Guid format shader working directory is -8 characters bigger than the processId version (D:/source/repos/BrackeysJamAug2021/BrackeysJamAug2021/Intermediate/Shaders/WorkingDirectory/19024/).
[2021.08.28-04.43.01:694][  0]LogShaderCompilers: Cleaned the shader compiler working directory 'C:/Users/dalto/AppData/Local/Temp/UnrealShaderWorkingDir/CAE5A37541FEE799FE28D18E7226098D/'.
[2021.08.28-04.43.01:695][  0]LogXGEController: Cleaning working directory: C:/Users/dalto/AppData/Local/Temp/UnrealXGEWorkingDir/
[2021.08.28-04.43.01:695][  0]LogXGEController: Cannot use XGE Controller as Incredibuild is not installed on this machine.
[2021.08.28-04.43.01:695][  0]LogShaderCompilers: Cannot use XGE Shader Compiler as Incredibuild is not installed on this machine.
[2021.08.28-04.43.01:695][  0]LogShaderCompilers: Display: Using Local Shader Compiler.
[2021.08.28-04.43.02:338][  0]LogDerivedDataCache: Display: Max Cache Size: 512 MB
[2021.08.28-04.43.02:384][  0]LogDerivedDataCache: Loaded boot cache 0.05s 76MB C:/Users/dalto/AppData/Local/UnrealEngine/4.25/DerivedDataCache/Boot.ddc.
[2021.08.28-04.43.02:384][  0]LogDerivedDataCache: Display: Loaded Boot cache: C:/Users/dalto/AppData/Local/UnrealEngine/4.25/DerivedDataCache/Boot.ddc
[2021.08.28-04.43.02:384][  0]LogDerivedDataCache: FDerivedDataBackendGraph:  Pak pak cache file D:/source/repos/BrackeysJamAug2021/BrackeysJamAug2021/DerivedDataCache/DDC.ddp not found, will not use a pak cache.
[2021.08.28-04.43.02:385][  0]LogDerivedDataCache: Unable to find inner node Pak for hierarchical cache Hierarchy.
[2021.08.28-04.43.02:385][  0]LogDerivedDataCache: FDerivedDataBackendGraph:  CompressedPak pak cache file D:/source/repos/BrackeysJamAug2021/BrackeysJamAug2021/DerivedDataCache/Compressed.ddp not found, will not use a pak cache.
[2021.08.28-04.43.02:385][  0]LogDerivedDataCache: Unable to find inner node CompressedPak for hierarchical cache Hierarchy.
[2021.08.28-04.43.02:393][  0]LogDerivedDataCache: Display: Pak cache opened for reading ../../../Engine/DerivedDataCache/Compressed.ddp.
[2021.08.28-04.43.02:394][  0]LogDerivedDataCache: FDerivedDataBackendGraph:  EnterprisePak pak cache file ../../../Enterprise/DerivedDataCache/Compressed.ddp not found, will not use a pak cache.
[2021.08.28-04.43.02:394][  0]LogDerivedDataCache: Unable to find inner node EnterprisePak for hierarchical cache Hierarchy.
[2021.08.28-04.43.02:396][  0]LogDerivedDataCache: Using Local data cache path C:/Users/dalto/AppData/Local/UnrealEngine/Common/DerivedDataCache: Writable
[2021.08.28-04.43.02:397][  0]LogDerivedDataCache: Shared data cache path not found in *engine.ini, will not use an Shared cache.
[2021.08.28-04.43.02:397][  0]LogDerivedDataCache: Unable to find inner node Shared for hierarchical cache Hierarchy.
[2021.08.28-04.43.02:440][  0]LogSlate: Using FreeType 2.10.0
[2021.08.28-04.43.02:441][  0]LogSlate: SlateFontServices - WITH_FREETYPE: 1, WITH_HARFBUZZ: 1
[2021.08.28-04.43.02:469][  0]LogAssetRegistry: FAssetRegistry took 0.0034 seconds to start up
[2021.08.28-04.43.02:681][  0]LogInit: Selected Device Profile: [Windows]
[2021.08.28-04.43.03:701][  0]LogMeshReduction: Using QuadricMeshReduction for automatic static mesh reduction
[2021.08.28-04.43.03:701][  0]LogMeshReduction: Using SimplygonMeshReduction for automatic skeletal mesh reduction
[2021.08.28-04.43.03:701][  0]LogMeshReduction: Using ProxyLODMeshReduction for automatic mesh merging
[2021.08.28-04.43.03:701][  0]LogMeshReduction: No distributed automatic mesh merging module available
[2021.08.28-04.43.03:701][  0]LogMeshMerging: No distributed automatic mesh merging module available
[2021.08.28-04.43.03:721][  0]LogNetVersion: BrackeysJamAug2021 1.0.0, NetCL: 13144385, EngineNetVer: 14, GameNetVer: 0 (Checksum: 3832355746)
[2021.08.28-04.43.04:063][  0]LogAISub: UAISubsystem::UAISubsystem AISubsystem (0000016B8CB14B40), frame # 0
[2021.08.28-04.43.04:063][  0]LogAISub: UAISubsystem::UAISubsystem AIPerceptionSystem (0000016B8F1CBB00), frame # 0
[2021.08.28-04.43.04:064][  0]LogAISub: UAISubsystem::UAISubsystem EnvQueryManager (0000016B8F216600), frame # 0
[2021.08.28-04.43.04:102][  0]LogPackageLocalizationCache: Processed 19 localized package path(s) for 1 prioritized culture(s) in 0.032394 seconds
[2021.08.28-04.43.04:106][  0]LogUObjectArray: 15917 objects as part of root set at end of initial load.
[2021.08.28-04.43.04:107][  0]LogUObjectAllocator: 3965568 out of 0 bytes used by permanent object pool.
[2021.08.28-04.43.04:107][  0]LogUObjectArray: CloseDisregardForGC: 0/0 objects in disregard for GC pool
[2021.08.28-04.43.05:039][  0]LogTcpMessaging: Initializing TcpMessaging bridge
[2021.08.28-04.43.05:051][  0]LogUdpMessaging: Initializing bridge on interface 0.0.0.0:0 to multicast group 230.0.0.1:6666.
[2021.08.28-04.43.05:818][  0]SourceControl: Source control is disabled
[2021.08.28-04.43.05:818][  0]SourceControl: Source control is disabled
[2021.08.28-04.43.05:841][  0]SourceControl: Source control is disabled
[2021.08.28-04.43.05:852][  0]SourceControl: Source control is disabled
[2021.08.28-04.43.05:872][  0]SourceControl: Source control is disabled
[2021.08.28-04.43.06:622][  0]LogAndroidPermission: UAndroidPermissionCallbackProxy::GetInstance
[2021.08.28-04.43.06:687][  0]LogAudioCaptureCore: Display: No Audio Capture implementations found. Audio input will be silent.
[2021.08.28-04.43.06:687][  0]LogAudioCaptureCore: Display: No Audio Capture implementations found. Audio input will be silent.
[2021.08.28-04.43.06:795][  0]LogOcInput: OculusInput pre-init called
[2021.08.28-04.43.06:820][  0]LogWindows: Failed to load 'OVRPlugin.dll' (GetLastError=126)
[2021.08.28-04.43.06:820][  0]LogWindows: File 'OVRPlugin.dll' does not exist
[2021.08.28-04.43.06:931][  0]LogEngine: Initializing Engine...
[2021.08.28-04.43.06:932][  0]LogHMD: Failed to initialize OpenVR with code 110
[2021.08.28-04.43.06:933][  0]LogMagicLeap: Warning: VR disabled because ZI is not enabled.  To enable, in the editor, Edit -> Project Settings -> Plugins -> Magic Leap Plugin -> Enable Zero Iteration
[2021.08.28-04.43.06:933][  0]LogStats: UGameplayTagsManager::InitializeManager -  0.000 s
[2021.08.28-04.43.07:027][  0]LogInit: Initializing FReadOnlyCVARCache
[2021.08.28-04.43.07:046][  0]LogAIModule: Creating AISystem for world Untitled
[2021.08.28-04.43.07:046][  0]LogAISub: UAISubsystem::UAISubsystem EnvQueryManager (0000016B92B7FC00), frame # 0
[2021.08.28-04.43.07:046][  0]LogAISub: UAISubsystem::UAISubsystem AIPerceptionSystem (0000016B92C30680), frame # 0
[2021.08.28-04.43.07:068][  0]LogAudioMixer: Display: Audio Mixer Platform Settings:
[2021.08.28-04.43.07:068][  0]LogAudioMixer: Display: 	Sample Rate:						  48000
[2021.08.28-04.43.07:069][  0]LogAudioMixer: Display: 	Callback Buffer Frame Size Requested: 1024
[2021.08.28-04.43.07:069][  0]LogAudioMixer: Display: 	Callback Buffer Frame Size To Use:	  1024
[2021.08.28-04.43.07:069][  0]LogAudioMixer: Display: 	Number of buffers to queue:			  2
[2021.08.28-04.43.07:069][  0]LogAudioMixer: Display: 	Max Channels (voices):				  32
[2021.08.28-04.43.07:069][  0]LogAudioMixer: Display: 	Number of Async Source Workers:		  0
[2021.08.28-04.43.07:069][  0]LogAudio: Display: AudioDevice MaxSources: 32
[2021.08.28-04.43.07:069][  0]LogAudio: Display: Using built-in audio occlusion.
[2021.08.28-04.43.07:069][  0]LogAudioMixer: Display: Initializing audio mixer.
[2021.08.28-04.43.07:461][  0]LogAudioMixer: Display: 0: FrontLeft
[2021.08.28-04.43.07:461][  0]LogAudioMixer: Display: 1: FrontRight
[2021.08.28-04.43.07:512][  0]LogAudioMixer: Display: Using Audio Device Headphones (Dalton’s AirPods #2 Stereo)
[2021.08.28-04.43.07:514][  0]LogAudioMixer: Display: Initializing Sound Submixes...
[2021.08.28-04.43.07:516][  0]LogAudioMixer: Display: Creating Master Submix 'MasterSubmixDefault'
[2021.08.28-04.43.07:516][  0]LogAudioMixer: Display: Creating Master Submix 'MasterReverbSubmixDefault'
[2021.08.28-04.43.07:517][  0]LogAudioMixer: Display: Creating Master Submix 'MasterEQSubmixDefault'
[2021.08.28-04.43.07:519][  0]LogInit: FAudioDevice initialized.
[2021.08.28-04.43.07:520][  0]LogNetVersion: Set ProjectVersion to 1.0.0.0. Version Checksum will be recalculated on next use.
[2021.08.28-04.43.07:557][  0]LogDerivedDataCache: Saved boot cache 0.04s 76MB C:/Users/dalto/AppData/Local/UnrealEngine/4.25/DerivedDataCache/Boot.ddc.
[2021.08.28-04.43.07:557][  0]LogInit: Texture streaming: Enabled
[2021.08.28-04.43.07:597][  0]LogEngineSessionManager: EngineSessionManager initialized
[2021.08.28-04.43.07:597][  0]LogEngineSessionManager: EngineSessionManager sent abnormal shutdown report. Type=Debugger, SessionId={407E16FF-49B0-4291-49D7-63BB582541E2}
[2021.08.28-04.43.07:598][  0]LogEditorSessionSummary: Verbose: Initializing EditorSessionSummaryWriter for editor session tracking
[2021.08.28-04.43.07:601][  0]LogEditorSessionSummary: EditorSessionSummaryWriter initialized
[2021.08.28-04.43.07:661][  0]LogInit: Transaction tracking system initialized
[2021.08.28-04.43.07:741][  0]BlueprintLog: New page: Editor Load
[2021.08.28-04.43.07:964][  0]LocalizationService: Localization service is disabled
[2021.08.28-04.43.08:236][  0]LogCook: Display: Max memory allowance for cook 16384mb min free memory 0mb
[2021.08.28-04.43.08:236][  0]LogCook: Display: Mobile HDR setting 1
[2021.08.28-04.43.08:574][  0]LogFileCache: Scanning file cache for directory 'D:/source/repos/BrackeysJamAug2021/BrackeysJamAug2021/Content/' took 0.00s
[2021.08.28-04.43.08:807][  0]SourceControl: Source control is disabled
[2021.08.28-04.43.08:807][  0]LogUnrealEdMisc: Loading editor; pre map load, took 18.150
[2021.08.28-04.43.08:808][  0]Cmd: MAP LOAD FILE="D:/source/repos/BrackeysJamAug2021/BrackeysJamAug2021/Content/TopDownBP/Maps/TopDownExampleMap.umap" TEMPLATE=0 SHOWPROGRESS=1 FEATURELEVEL=3
[2021.08.28-04.43.08:808][  0]LightingResults: New page: Lighting Build
[2021.08.28-04.43.08:810][  0]LogWorld: UWorld::CleanupWorld for Untitled, bSessionEnded=true, bCleanupResources=true
[2021.08.28-04.43.08:810][  0]LogSlate: InvalidateAllWidgets triggered.  All widgets were invalidated
[2021.08.28-04.43.08:810][  0]MapCheck: New page: Map Check
[2021.08.28-04.43.08:811][  0]LightingResults: New page: Lighting Build
[2021.08.28-04.43.08:820][  0]LogAISub: UAISubsystem::~UAISubsystem EnvQueryManager (0000016B92B7FC00), frame # 0
[2021.08.28-04.43.08:820][  0]LogAISub: UAISubsystem::~UAISubsystem AIPerceptionSystem (0000016B92C30680), frame # 0
[2021.08.28-04.43.08:821][  0]LogUObjectHash: Compacting FUObjectHashTables data took   0.56ms
[2021.08.28-04.43.08:994][  0]LogAIModule: Creating AISystem for world TopDownExampleMap
[2021.08.28-04.43.08:994][  0]LogAISub: UAISubsystem::UAISubsystem EnvQueryManager (0000016B855BBE00), frame # 0
[2021.08.28-04.43.08:994][  0]LogAISub: UAISubsystem::UAISubsystem AIPerceptionSystem (0000016B8561BB00), frame # 0
[2021.08.28-04.43.09:003][  0]LogEditorServer: Finished looking for orphan Actors (0.000 secs)
[2021.08.28-04.43.09:016][  0]LogUObjectHash: Compacting FUObjectHashTables data took   0.81ms
[2021.08.28-04.43.09:017][  0]Cmd: MAP CHECKDEP NOCLEARLOG
[2021.08.28-04.43.09:017][  0]MapCheck: Map check complete: 0 Error(s), 0 Warning(s), took 0.122ms to complete.
[2021.08.28-04.43.09:017][  0]LogFileHelpers: Loading map 'TopDownExampleMap' took 0.209
[2021.08.28-04.43.09:019][  0]LogUnrealEdMisc: Total Editor Startup Time, took 18.361
[2021.08.28-04.43.09:196][  0]LogSlate: Updating window title bar state: overlay mode, drag disabled, window buttons hidden, title bar hidden
[2021.08.28-04.43.09:203][  0]LogSlate: Updating window title bar state: overlay mode, drag disabled, window buttons hidden, title bar hidden
[2021.08.28-04.43.09:209][  0]LogSlate: Updating window title bar state: overlay mode, drag disabled, window buttons hidden, title bar hidden
[2021.08.28-04.43.09:214][  0]LogSlate: Updating window title bar state: overlay mode, drag disabled, window buttons hidden, title bar hidden
[2021.08.28-04.43.09:229][  0]LogCollectionManager: Loaded 0 collections in 0.002303 seconds
[2021.08.28-04.43.09:244][  0]LogFileCache: Scanning file cache for directory 'D:/source/repos/BrackeysJamAug2021/BrackeysJamAug2021/Saved/Collections/' took 0.00s
[2021.08.28-04.43.09:244][  0]LogFileCache: Scanning file cache for directory 'D:/source/repos/BrackeysJamAug2021/BrackeysJamAug2021/Content/Developers/dalto/Collections/' took 0.00s
[2021.08.28-04.43.09:244][  0]LogFileCache: Scanning file cache for directory 'D:/source/repos/BrackeysJamAug2021/BrackeysJamAug2021/Content/Collections/' took 0.00s
[2021.08.28-04.43.09:245][  0]LogContentBrowser: Native class hierarchy populated in 0.0077 seconds. Added 3429 classes and 823 folders.
[2021.08.28-04.43.09:248][  0]LogContentBrowser: Native class hierarchy updated for 'WidgetCarousel' in 0.0003 seconds. Added 0 classes and 0 folders.
[2021.08.28-04.43.09:357][  0]LogContentBrowser: Native class hierarchy updated for 'AddContentDialog' in 0.0003 seconds. Added 0 classes and 0 folders.
[2021.08.28-04.43.09:361][  0]LogContentBrowser: Native class hierarchy updated for 'SceneOutliner' in 0.0003 seconds. Added 2 classes and 0 folders.
[2021.08.28-04.43.09:395][  0]LogSlate: Took 0.001210 seconds to synchronously load lazily loaded font '../../../Engine/Content/Slate/Fonts/Roboto-Regular.ttf' (155K)
[2021.08.28-04.43.09:398][  0]LogSlate: Took 0.000672 seconds to synchronously load lazily loaded font '../../../Engine/Content/Slate/Fonts/Roboto-Bold.ttf' (160K)
[2021.08.28-04.43.09:461][  0]LogRenderer: Reallocating scene render targets to support 1132x628 Format 10 NumSamples 1 (Frame:1).
[2021.08.28-04.43.09:640][  0]LogContentBrowser: Native class hierarchy updated for 'HierarchicalLODOutliner' in 0.0003 seconds. Added 0 classes and 0 folders.
[2021.08.28-04.43.09:640][  0]LogLoad: (Engine Initialization) Total time: 18.98 seconds
[2021.08.28-04.43.09:640][  0]LogLoad: (Engine Initialization) Total Blueprint compile time: 0.00 seconds
[2021.08.28-04.43.09:671][  0]LogAssetRegistry: Asset discovery search completed in 7.2040 seconds
[2021.08.28-04.43.09:675][  0]LogCollectionManager: Fixed up redirectors for 0 collections in 0.000002 seconds (updated 0 objects)
[2021.08.28-04.43.09:676][  0]LogContentStreaming: Texture pool size now 1000 MB
[2021.08.28-04.43.09:713][  1]LogRenderer: Reallocating scene render targets to support 1132x644 Format 10 NumSamples 1 (Frame:3).
[2021.08.28-04.43.10:668][ 72]LogSlate: Took 0.000879 seconds to synchronously load lazily loaded font '../../../Engine/Content/Slate/Fonts/Roboto-Light.ttf' (167K)
[2021.08.28-04.43.12:535][199]LogTemp: Repeating last play command: Selected Viewport
[2021.08.28-04.43.12:545][199]LogPlayLevel: PlayLevel: No blueprints needed recompiling
[2021.08.28-04.43.12:546][199]PIE: New page: PIE session: TopDownExampleMap (Aug 27, 2021, 8:43:12 PM)
[2021.08.28-04.43.12:548][199]LogOnline: OSS: Creating online subsystem instance for: NULL
[2021.08.28-04.43.12:549][199]LogOnline: OSS: TryLoadSubsystemAndSetDefault: Loaded subsystem for module [NULL]
[2021.08.28-04.43.12:550][199]LogPlayLevel: Creating play world package: /Game/TopDownBP/Maps/UEDPIE_0_TopDownExampleMap
[2021.08.28-04.43.12:563][199]LogPlayLevel: PIE: StaticDuplicateObject took: (0.013815s)
[2021.08.28-04.43.12:565][199]LogAIModule: Creating AISystem for world TopDownExampleMap
[2021.08.28-04.43.12:565][199]LogAISub: UAISubsystem::UAISubsystem EnvQueryManager (0000016BAA3B1A00), frame # 199
[2021.08.28-04.43.12:565][199]LogAISub: UAISubsystem::UAISubsystem AIPerceptionSystem (0000016B8E8B42C0), frame # 199
[2021.08.28-04.43.12:566][199]LogPlayLevel: PIE: World Init took: (0.001913s)
[2021.08.28-04.43.12:566][199]LogPlayLevel: PIE: Created PIE world by copying editor world from /Game/TopDownBP/Maps/TopDownExampleMap.TopDownExampleMap to /Game/TopDownBP/Maps/UEDPIE_0_TopDownExampleMap.TopDownExampleMap (0.016343s)
[2021.08.28-04.43.12:577][199]LogUObjectHash: Compacting FUObjectHashTables data took   0.70ms
[2021.08.28-04.43.12:578][199]LogAudioMixer: Display: Audio Mixer Platform Settings:
[2021.08.28-04.43.12:578][199]LogAudioMixer: Display: 	Sample Rate:						  48000
[2021.08.28-04.43.12:578][199]LogAudioMixer: Display: 	Callback Buffer Frame Size Requested: 1024
[2021.08.28-04.43.12:578][199]LogAudioMixer: Display: 	Callback Buffer Frame Size To Use:	  1024
[2021.08.28-04.43.12:578][199]LogAudioMixer: Display: 	Number of buffers to queue:			  2
[2021.08.28-04.43.12:578][199]LogAudioMixer: Display: 	Max Channels (voices):				  32
[2021.08.28-04.43.12:578][199]LogAudioMixer: Display: 	Number of Async Source Workers:		  0
[2021.08.28-04.43.12:579][199]LogAudio: Display: AudioDevice MaxSources: 32
[2021.08.28-04.43.12:579][199]LogAudio: Display: Using built-in audio occlusion.
[2021.08.28-04.43.12:579][199]LogAudioMixer: Display: Initializing audio mixer.
[2021.08.28-04.43.12:581][199]LogAudioMixer: Display: 0: FrontLeft
[2021.08.28-04.43.12:582][199]LogAudioMixer: Display: 1: FrontRight
[2021.08.28-04.43.12:606][199]LogAudioMixer: Display: Using Audio Device Headphones (Dalton’s AirPods #2 Stereo)
[2021.08.28-04.43.12:606][199]LogAudioMixer: Display: Initializing Sound Submixes...
[2021.08.28-04.43.12:606][199]LogAudioMixer: Display: Creating Master Submix 'MasterSubmixDefault'
[2021.08.28-04.43.12:606][199]LogAudioMixer: Display: Creating Master Submix 'MasterReverbSubmixDefault'
[2021.08.28-04.43.12:606][199]LogAudioMixer: Display: Creating Master Submix 'MasterEQSubmixDefault'
[2021.08.28-04.43.12:617][199]LogInit: FAudioDevice initialized.
[2021.08.28-04.43.12:628][199]LogLinker: Warning: While loading 'D:/source/repos/BrackeysJamAug2021/BrackeysJamAug2021/Content/Blueprints/BP_BrackeysJamAug2021GameModeBase.uasset' failed to load '/Game/Blueprints/BP_Character': Can't find file.
[2021.08.28-04.43.12:628][199]LogLinker: Warning: While loading 'D:/source/repos/BrackeysJamAug2021/BrackeysJamAug2021/Content/Blueprints/BP_BrackeysJamAug2021GameModeBase.uasset' failed to load '/Game/Blueprints/BP_Character': Can't find file.
[2021.08.28-04.43.12:629][199]LogLinker: Warning: CreateExport: Failed to load Parent for BlueprintGeneratedClass /Game/Blueprints/BP_PlayerController.BP_PlayerController_C
[2021.08.28-04.43.12:629][199]LogLinker: Warning: CreateExport: Failed to load Parent for BlueprintGeneratedClass /Game/Blueprints/BP_PlayerController.BP_PlayerController_C
[2021.08.28-04.43.12:629][199]LogLinker: Warning: CreateExport: Failed to load Parent for BlueprintGeneratedClass /Game/Blueprints/BP_PlayerController.BP_PlayerController_C
[2021.08.28-04.43.12:629][199]LogLinker: Warning: CreateExport: Failed to load Parent for BlueprintGeneratedClass /Game/Blueprints/BP_PlayerController.BP_PlayerController_C
[2021.08.28-04.43.12:629][199]LogLinker: Warning: Unable to load Default__BP_PlayerController_C with outer Package /Game/Blueprints/BP_PlayerController because its class does not exist
[2021.08.28-04.43.12:629][199]LogLinker: Warning: CreateExport: Failed to load Parent for BlueprintGeneratedClass /Game/Blueprints/BP_PlayerController.BP_PlayerController_C
[2021.08.28-04.43.12:629][199]LogLinker: Warning: CreateExport: Failed to load Parent for BlueprintGeneratedClass /Game/Blueprints/BP_PlayerController.BP_PlayerController_C
[2021.08.28-04.43.12:630][199]LogLinker: Warning: While loading 'D:/source/repos/BrackeysJamAug2021/BrackeysJamAug2021/Content/Blueprints/BP_BrackeysJamAug2021GameModeBase.uasset' failed to load '/Game/Blueprints/BP_Character': Can't find file.
[2021.08.28-04.43.12:630][199]LogLinker: Warning: While loading 'D:/source/repos/BrackeysJamAug2021/BrackeysJamAug2021/Content/Blueprints/BP_BrackeysJamAug2021GameModeBase.uasset' failed to load '/Game/Blueprints/BP_Character': Can't find file.
[2021.08.28-04.43.12:630][199]LogLinker: Warning: CreateExport: Failed to load Parent for BlueprintGeneratedClass /Game/Blueprints/BP_BrackeysJamAug2021GameModeBase.BP_BrackeysJamAug2021GameModeBase_C
[2021.08.28-04.43.12:630][199]LogLinker: Warning: CreateExport: Failed to load Parent for BlueprintGeneratedClass /Game/Blueprints/BP_BrackeysJamAug2021GameModeBase.BP_BrackeysJamAug2021GameModeBase_C
[2021.08.28-04.43.12:630][199]LogLinker: Warning: Unable to load Default__BP_BrackeysJamAug2021GameModeBase_C with outer Package /Game/Blueprints/BP_BrackeysJamAug2021GameModeBase because its class does not exist
[2021.08.28-04.43.12:630][199]LogLinker: Warning: CreateExport: Failed to load Parent for BlueprintGeneratedClass /Game/Blueprints/BP_BrackeysJamAug2021GameModeBase.BP_BrackeysJamAug2021GameModeBase_C
[2021.08.28-04.43.12:630][199]LogLinker: Warning: CreateExport: Failed to load Parent for BlueprintGeneratedClass /Game/Blueprints/BP_BrackeysJamAug2021GameModeBase.BP_BrackeysJamAug2021GameModeBase_C
[2021.08.28-04.43.12:630][199]LogLinker: Warning: CreateExport: Failed to load Parent for BlueprintGeneratedClass /Game/Blueprints/BP_BrackeysJamAug2021GameModeBase.BP_BrackeysJamAug2021GameModeBase_C
[2021.08.28-04.43.12:630][199]LogLinker: Warning: CreateExport: Failed to load Parent for BlueprintGeneratedClass /Game/Blueprints/BP_BrackeysJamAug2021GameModeBase.BP_BrackeysJamAug2021GameModeBase_C
[2021.08.28-04.43.12:630][199]LogLinker: Warning: CreateExport: Failed to load Parent for BlueprintGeneratedClass /Game/Blueprints/BP_PlayerController.BP_PlayerController_C
[2021.08.28-04.43.12:631][199]LogLinker: Warning: CreateExport: Failed to load Parent for BlueprintGeneratedClass /Game/Blueprints/BP_PlayerController.BP_PlayerController_C
[2021.08.28-04.43.12:631][199]LogUObjectGlobals: Warning: Failed to find object 'Class /Game/Blueprints/BP_BrackeysJamAug2021GameModeBase.BP_BrackeysJamAug2021GameModeBase_C'
[2021.08.28-04.43.12:631][199]LogLoad: Game class is 'GameModeBase'
[2021.08.28-04.43.12:633][199]LogWorld: Bringing World /Game/TopDownBP/Maps/UEDPIE_0_TopDownExampleMap.TopDownExampleMap up for play (max tick rate 0) at 2021.08.28-00.43.12
[2021.08.28-04.43.12:633][199]LogWorld: Bringing up level for play took: 0.001550
[2021.08.28-04.43.12:633][199]LogOnline: OSS: Creating online subsystem instance for: :Context_1
[2021.08.28-04.43.12:640][199]LogContentBrowser: Native class hierarchy updated for 'MovieSceneCapture' in 0.0003 seconds. Added 20 classes and 0 folders.
[2021.08.28-04.43.12:640][199]PIE: Server logged in
[2021.08.28-04.43.12:641][199]PIE: Play in editor total start time 0.098 seconds.
[2021.08.28-04.43.12:671][200]LoadErrors: Warning: CreateExport: Failed to load Outer for resource 'ExecuteUbergraph_BP_PlayerController': BlueprintGeneratedClass /Game/Blueprints/BP_PlayerController.BP_PlayerController_C
[2021.08.28-04.43.12:671][200]LoadErrors: Warning: CreateExport: Failed to load Outer for resource 'ReceiveBeginPlay': BlueprintGeneratedClass /Game/Blueprints/BP_PlayerController.BP_PlayerController_C
[2021.08.28-04.43.12:671][200]LoadErrors: Warning: CreateExport: Failed to load Outer for resource 'DefaultSceneRoot_GEN_VARIABLE': BlueprintGeneratedClass /Game/Blueprints/BP_PlayerController.BP_PlayerController_C
[2021.08.28-04.43.12:672][200]LoadErrors: Warning: CreateExport: Failed to load Outer for resource 'TransformComponent0': BP_PlayerController_C /Game/Blueprints/BP_PlayerController.Default__BP_PlayerController_C
[2021.08.28-04.43.12:672][200]LoadErrors: Warning: CreateExport: Failed to load Outer for resource 'SimpleConstructionScript_0': BlueprintGeneratedClass /Game/Blueprints/BP_PlayerController.BP_PlayerController_C
[2021.08.28-04.43.12:672][200]LoadErrors: Warning: CreateExport: Failed to load Outer for resource 'SCS_Node_0': SimpleConstructionScript /Game/Blueprints/BP_PlayerController.BP_PlayerController_C:SimpleConstructionScript_0
[2021.08.28-04.43.12:672][200]LoadErrors: Warning: CreateExport: Failed to load Outer for resource 'DefaultSceneRoot_GEN_VARIABLE': BlueprintGeneratedClass /Game/Blueprints/BP_BrackeysJamAug2021GameModeBase.BP_BrackeysJamAug2021GameModeBase_C
[2021.08.28-04.43.12:672][200]LoadErrors: Warning: CreateExport: Failed to load Outer for resource 'SimpleConstructionScript_0': BlueprintGeneratedClass /Game/Blueprints/BP_BrackeysJamAug2021GameModeBase.BP_BrackeysJamAug2021GameModeBase_C
[2021.08.28-04.43.12:672][200]LoadErrors: Warning: CreateExport: Failed to load Outer for resource 'SCS_Node_0': SimpleConstructionScript /Game/Blueprints/BP_BrackeysJamAug2021GameModeBase.BP_BrackeysJamAug2021GameModeBase_C:SimpleConstructionScript_0
[2021.08.28-04.43.16:450][556]LogSlate: Updating window title bar state: overlay mode, drag disabled, window buttons hidden, title bar hidden
[2021.08.28-04.43.16:451][556]LogWorld: BeginTearingDown for /Game/TopDownBP/Maps/UEDPIE_0_TopDownExampleMap
[2021.08.28-04.43.16:451][556]LogWorld: UWorld::CleanupWorld for TopDownExampleMap, bSessionEnded=true, bCleanupResources=true
[2021.08.28-04.43.16:452][556]LogSlate: InvalidateAllWidgets triggered.  All widgets were invalidated
[2021.08.28-04.43.16:466][556]LogPlayLevel: Display: Shutting down PIE online subsystems
[2021.08.28-04.43.16:467][556]LogSlate: InvalidateAllWidgets triggered.  All widgets were invalidated
[2021.08.28-04.43.16:503][556]LogSlate: Updating window title bar state: overlay mode, drag disabled, window buttons hidden, title bar hidden
[2021.08.28-04.43.16:504][556]LogAISub: UAISubsystem::~UAISubsystem AIPerceptionSystem (0000016B8E8B42C0), frame # 556
[2021.08.28-04.43.16:504][556]LogAISub: UAISubsystem::~UAISubsystem EnvQueryManager (0000016BAA3B1A00), frame # 556
[2021.08.28-04.43.16:505][556]LogUObjectHash: Compacting FUObjectHashTables data took   0.70ms
[2021.08.28-04.43.16:528][557]LogPlayLevel: Display: Destroying online subsystem :Context_1
[2021.08.28-04.43.18:603][748]LogSlate: Took 0.001995 seconds to synchronously load lazily loaded font '../../../Engine/Content/Editor/Slate/Fonts/FontAwesome.ttf' (139K)
[2021.08.28-04.43.18:619][748]LogSlate: Took 0.000151 seconds to synchronously load lazily loaded font '../../../Engine/Content/Slate/Fonts/Roboto-Light.ttf' (167K)
[2021.08.28-04.43.26:872][502]LogAssetEditorSubsystem: Opening Asset editor for World /Game/TopDownBP/Maps/TopDownExampleMap.TopDownExampleMap
[2021.08.28-04.43.26:882][502]LogUObjectHash: Compacting FUObjectHashTables data took   0.51ms
[2021.08.28-04.43.26:883][502]Cmd: MAP LOAD FILE="D:/source/repos/BrackeysJamAug2021/BrackeysJamAug2021/Content/TopDownBP/Maps/TopDownExampleMap.umap" TEMPLATE=0 SHOWPROGRESS=1 FEATURELEVEL=3
[2021.08.28-04.43.26:883][502]LightingResults: New page: Lighting Build
[2021.08.28-04.43.26:884][502]LoadErrors: New page: Loading map: TopDownExampleMap.umap
[2021.08.28-04.43.26:885][502]LogWorld: UWorld::CleanupWorld for TopDownExampleMap, bSessionEnded=true, bCleanupResources=true
[2021.08.28-04.43.26:885][502]LogSlate: InvalidateAllWidgets triggered.  All widgets were invalidated
[2021.08.28-04.43.26:885][502]MapCheck: New page: Map Check
[2021.08.28-04.43.26:885][502]LightingResults: New page: Lighting Build
[2021.08.28-04.43.26:894][502]LogAISub: UAISubsystem::~UAISubsystem EnvQueryManager (0000016B855BBE00), frame # 1502
[2021.08.28-04.43.26:894][502]LogAISub: UAISubsystem::~UAISubsystem AIPerceptionSystem (0000016B8561BB00), frame # 1502
[2021.08.28-04.43.26:896][502]LogUObjectHash: Compacting FUObjectHashTables data took   1.02ms
[2021.08.28-04.43.26:913][502]LogAIModule: Creating AISystem for world TopDownExampleMap
[2021.08.28-04.43.26:913][502]LogAISub: UAISubsystem::UAISubsystem EnvQueryManager (0000016BAD001000), frame # 1502
[2021.08.28-04.43.26:913][502]LogAISub: UAISubsystem::UAISubsystem AIPerceptionSystem (0000016B809A1940), frame # 1502
[2021.08.28-04.43.26:930][502]LogEditorServer: Finished looking for orphan Actors (0.000 secs)
[2021.08.28-04.43.26:941][502]LogUObjectHash: Compacting FUObjectHashTables data took   0.63ms
[2021.08.28-04.43.26:957][502]Cmd: MAP CHECKDEP NOCLEARLOG
[2021.08.28-04.43.26:958][502]MapCheck: Map check complete: 0 Error(s), 0 Warning(s), took 0.092ms to complete.
[2021.08.28-04.43.26:958][502]LogFileHelpers: Loading map 'TopDownExampleMap' took 0.074
[2021.08.28-04.43.28:866][683]LogTemp: Repeating last play command: Selected Viewport
[2021.08.28-04.43.28:877][683]LogPlayLevel: PlayLevel: No blueprints needed recompiling
[2021.08.28-04.43.28:877][683]PIE: New page: PIE session: TopDownExampleMap (Aug 27, 2021, 8:43:28 PM)
[2021.08.28-04.43.28:899][683]LogPlayLevel: Creating play world package: /Game/TopDownBP/Maps/UEDPIE_0_TopDownExampleMap
[2021.08.28-04.43.28:913][683]LogPlayLevel: PIE: StaticDuplicateObject took: (0.013160s)
[2021.08.28-04.43.28:914][683]LogAIModule: Creating AISystem for world TopDownExampleMap
[2021.08.28-04.43.28:914][683]LogAISub: UAISubsystem::UAISubsystem EnvQueryManager (0000016BAABFE800), frame # 1683
[2021.08.28-04.43.28:914][683]LogAISub: UAISubsystem::UAISubsystem AIPerceptionSystem (0000016B8E80EFC0), frame # 1683
[2021.08.28-04.43.28:915][683]LogPlayLevel: PIE: World Init took: (0.001581s)
[2021.08.28-04.43.28:915][683]LogPlayLevel: PIE: Created PIE world by copying editor world from /Game/TopDownBP/Maps/TopDownExampleMap.TopDownExampleMap to /Game/TopDownBP/Maps/UEDPIE_0_TopDownExampleMap.TopDownExampleMap (0.015352s)
[2021.08.28-04.43.28:924][683]LogUObjectHash: Compacting FUObjectHashTables data took   0.61ms
[2021.08.28-04.43.28:925][683]LogAudioMixer: Display: Audio Mixer Platform Settings:
[2021.08.28-04.43.28:925][683]LogAudioMixer: Display: 	Sample Rate:						  48000
[2021.08.28-04.43.28:925][683]LogAudioMixer: Display: 	Callback Buffer Frame Size Requested: 1024
[2021.08.28-04.43.28:926][683]LogAudioMixer: Display: 	Callback Buffer Frame Size To Use:	  1024
[2021.08.28-04.43.28:926][683]LogAudioMixer: Display: 	Number of buffers to queue:			  2
[2021.08.28-04.43.28:926][683]LogAudioMixer: Display: 	Max Channels (voices):				  32
[2021.08.28-04.43.28:926][683]LogAudioMixer: Display: 	Number of Async Source Workers:		  0
[2021.08.28-04.43.28:926][683]LogAudio: Display: AudioDevice MaxSources: 32
[2021.08.28-04.43.28:927][683]LogAudio: Display: Using built-in audio occlusion.
[2021.08.28-04.43.28:927][683]LogAudioMixer: Display: Initializing audio mixer.
[2021.08.28-04.43.28:929][683]LogAudioMixer: Display: 0: FrontLeft
[2021.08.28-04.43.28:929][683]LogAudioMixer: Display: 1: FrontRight
[2021.08.28-04.43.28:952][683]LogAudioMixer: Display: Using Audio Device Headphones (Dalton’s AirPods #2 Stereo)
[2021.08.28-04.43.28:953][683]LogAudioMixer: Display: Initializing Sound Submixes...
[2021.08.28-04.43.28:953][683]LogAudioMixer: Display: Creating Master Submix 'MasterSubmixDefault'
[2021.08.28-04.43.28:953][683]LogAudioMixer: Display: Creating Master Submix 'MasterReverbSubmixDefault'
[2021.08.28-04.43.28:953][683]LogAudioMixer: Display: Creating Master Submix 'MasterEQSubmixDefault'
[2021.08.28-04.43.28:963][683]LogInit: FAudioDevice initialized.
[2021.08.28-04.43.28:971][683]LogLoad: Game class is 'GameModeBase'
[2021.08.28-04.43.28:973][683]LogWorld: Bringing World /Game/TopDownBP/Maps/UEDPIE_0_TopDownExampleMap.TopDownExampleMap up for play (max tick rate 0) at 2021.08.28-00.43.28
[2021.08.28-04.43.28:973][683]LogWorld: Bringing up level for play took: 0.001578
[2021.08.28-04.43.28:973][683]LogOnline: OSS: Creating online subsystem instance for: :Context_2
[2021.08.28-04.43.28:976][683]PIE: Server logged in
[2021.08.28-04.43.28:977][683]PIE: Play in editor total start time 0.101 seconds.
[2021.08.28-04.43.31:910][951]LogSlate: Updating window title bar state: overlay mode, drag disabled, window buttons hidden, title bar hidden
[2021.08.28-04.43.31:911][951]LogWorld: BeginTearingDown for /Game/TopDownBP/Maps/UEDPIE_0_TopDownExampleMap
[2021.08.28-04.43.31:911][951]LogWorld: UWorld::CleanupWorld for TopDownExampleMap, bSessionEnded=true, bCleanupResources=true
[2021.08.28-04.43.31:912][951]LogSlate: InvalidateAllWidgets triggered.  All widgets were invalidated
[2021.08.28-04.43.31:925][951]LogPlayLevel: Display: Shutting down PIE online subsystems
[2021.08.28-04.43.31:926][951]LogSlate: InvalidateAllWidgets triggered.  All widgets were invalidated
[2021.08.28-04.43.31:935][951]LogSlate: Updating window title bar state: overlay mode, drag disabled, window buttons hidden, title bar hidden
[2021.08.28-04.43.31:968][951]LogAISub: UAISubsystem::~UAISubsystem AIPerceptionSystem (0000016B8E80EFC0), frame # 1951
[2021.08.28-04.43.31:968][951]LogAISub: UAISubsystem::~UAISubsystem EnvQueryManager (0000016BAABFE800), frame # 1951
[2021.08.28-04.43.31:969][951]LogUObjectHash: Compacting FUObjectHashTables data took   0.52ms
[2021.08.28-04.43.31:992][952]LogPlayLevel: Display: Destroying online subsystem :Context_2
[2021.08.28-04.43.35:786][269]LogAssetEditorSubsystem: Opening Asset editor for Blueprint /Game/TopDownBP/Blueprints/Gamemode.Gamemode
[2021.08.28-04.43.35:980][269]LogContentBrowser: Native class hierarchy updated for 'BlueprintGraph' in 0.0005 seconds. Added 125 classes and 0 folders.
[2021.08.28-04.43.50:835][566]LogAssetEditorSubsystem: Opening Asset editor for Blueprint /Game/TopDownBP/Blueprints/TopDownController.TopDownController
[2021.08.28-04.43.51:156][566]LogSlate: Took 0.002647 seconds to synchronously load lazily loaded font '../../../Engine/Content/Slate/Fonts/Roboto-BoldCondensed.ttf' (158K)
[2021.08.28-04.43.51:195][567]LogSlate: Took 0.000864 seconds to synchronously load lazily loaded font '../../../Engine/Content/Slate/Fonts/Roboto-Italic.ttf' (157K)
[2021.08.28-04.43.57:583][ 93]LogSlate: Window 'Gamemode' being destroyed
[2021.08.28-04.44.10:015][203]LogTemp: Repeating last play command: Selected Viewport
[2021.08.28-04.44.10:025][203]LogPlayLevel: PlayLevel: No blueprints needed recompiling
[2021.08.28-04.44.10:026][203]PIE: New page: PIE session: TopDownExampleMap (Aug 27, 2021, 8:44:10 PM)
[2021.08.28-04.44.10:049][203]LogPlayLevel: Creating play world package: /Game/TopDownBP/Maps/UEDPIE_0_TopDownExampleMap
[2021.08.28-04.44.10:060][203]LogPlayLevel: PIE: StaticDuplicateObject took: (0.010972s)
[2021.08.28-04.44.10:061][203]LogAIModule: Creating AISystem for world TopDownExampleMap
[2021.08.28-04.44.10:062][203]LogAISub: UAISubsystem::UAISubsystem EnvQueryManager (0000016C1CA77E00), frame # 5203
[2021.08.28-04.44.10:062][203]LogAISub: UAISubsystem::UAISubsystem AIPerceptionSystem (0000016C15926200), frame # 5203
[2021.08.28-04.44.10:062][203]LogPlayLevel: PIE: World Init took: (0.001582s)
[2021.08.28-04.44.10:062][203]LogPlayLevel: PIE: Created PIE world by copying editor world from /Game/TopDownBP/Maps/TopDownExampleMap.TopDownExampleMap to /Game/TopDownBP/Maps/UEDPIE_0_TopDownExampleMap.TopDownExampleMap (0.013081s)
[2021.08.28-04.44.10:084][203]LogUObjectHash: Compacting FUObjectHashTables data took   1.75ms
[2021.08.28-04.44.10:086][203]LogAudioMixer: Display: Audio Mixer Platform Settings:
[2021.08.28-04.44.10:086][203]LogAudioMixer: Display: 	Sample Rate:						  48000
[2021.08.28-04.44.10:086][203]LogAudioMixer: Display: 	Callback Buffer Frame Size Requested: 1024
[2021.08.28-04.44.10:086][203]LogAudioMixer: Display: 	Callback Buffer Frame Size To Use:	  1024
[2021.08.28-04.44.10:086][203]LogAudioMixer: Display: 	Number of buffers to queue:			  2
[2021.08.28-04.44.10:086][203]LogAudioMixer: Display: 	Max Channels (voices):				  32
[2021.08.28-04.44.10:086][203]LogAudioMixer: Display: 	Number of Async Source Workers:		  0
[2021.08.28-04.44.10:086][203]LogAudio: Display: AudioDevice MaxSources: 32
[2021.08.28-04.44.10:087][203]LogAudio: Display: Using built-in audio occlusion.
[2021.08.28-04.44.10:087][203]LogAudioMixer: Display: Initializing audio mixer.
[2021.08.28-04.44.10:089][203]LogAudioMixer: Display: 0: FrontLeft
[2021.08.28-04.44.10:089][203]LogAudioMixer: Display: 1: FrontRight
[2021.08.28-04.44.10:112][203]LogAudioMixer: Display: Using Audio Device Headphones (Dalton’s AirPods #2 Stereo)
[2021.08.28-04.44.10:113][203]LogAudioMixer: Display: Initializing Sound Submixes...
[2021.08.28-04.44.10:113][203]LogAudioMixer: Display: Creating Master Submix 'MasterSubmixDefault'
[2021.08.28-04.44.10:113][203]LogAudioMixer: Display: Creating Master Submix 'MasterReverbSubmixDefault'
[2021.08.28-04.44.10:113][203]LogAudioMixer: Display: Creating Master Submix 'MasterEQSubmixDefault'
[2021.08.28-04.44.10:124][203]LogInit: FAudioDevice initialized.
[2021.08.28-04.44.10:130][203]LogLoad: Game class is 'GameModeBase'
[2021.08.28-04.44.10:132][203]LogWorld: Bringing World /Game/TopDownBP/Maps/UEDPIE_0_TopDownExampleMap.TopDownExampleMap up for play (max tick rate 0) at 2021.08.28-00.44.10
[2021.08.28-04.44.10:132][203]LogWorld: Bringing up level for play took: 0.001554
[2021.08.28-04.44.10:133][203]LogOnline: OSS: Creating online subsystem instance for: :Context_7
[2021.08.28-04.44.10:135][203]PIE: Server logged in
[2021.08.28-04.44.10:136][203]PIE: Play in editor total start time 0.112 seconds.
[2021.08.28-04.44.18:851][  6]LogSlate: Updating window title bar state: overlay mode, drag disabled, window buttons hidden, title bar hidden
[2021.08.28-04.44.18:851][  6]LogWorld: BeginTearingDown for /Game/TopDownBP/Maps/UEDPIE_0_TopDownExampleMap
[2021.08.28-04.44.18:852][  6]LogWorld: UWorld::CleanupWorld for TopDownExampleMap, bSessionEnded=true, bCleanupResources=true
[2021.08.28-04.44.18:852][  6]LogSlate: InvalidateAllWidgets triggered.  All widgets were invalidated
[2021.08.28-04.44.18:866][  6]LogPlayLevel: Display: Shutting down PIE online subsystems
[2021.08.28-04.44.18:869][  6]LogSlate: InvalidateAllWidgets triggered.  All widgets were invalidated
[2021.08.28-04.44.18:917][  6]LogSlate: Updating window title bar state: overlay mode, drag disabled, window buttons hidden, title bar hidden
[2021.08.28-04.44.18:918][  6]LogAISub: UAISubsystem::~UAISubsystem EnvQueryManager (0000016C1CA77E00), frame # 6006
[2021.08.28-04.44.18:918][  6]LogAISub: UAISubsystem::~UAISubsystem AIPerceptionSystem (0000016C15926200), frame # 6006
[2021.08.28-04.44.18:920][  6]LogUObjectHash: Compacting FUObjectHashTables data took   1.50ms
[2021.08.28-04.44.18:941][  7]LogPlayLevel: Display: Destroying online subsystem :Context_7
[2021.08.28-04.44.23:577][409]LogSlate: Prevented a slow task dialog from being summoned while a context menu was open
[2021.08.28-04.44.29:516][905]LogTemp: Repeating last play command: Selected Viewport
[2021.08.28-04.44.29:527][905]LogPlayLevel: PlayLevel: No blueprints needed recompiling
[2021.08.28-04.44.29:527][905]PIE: New page: PIE session: TopDownExampleMap (Aug 27, 2021, 8:44:29 PM)
[2021.08.28-04.44.29:527][905]LogPlayLevel: Creating play world package: /Game/TopDownBP/Maps/UEDPIE_0_TopDownExampleMap
[2021.08.28-04.44.29:538][905]LogPlayLevel: PIE: StaticDuplicateObject took: (0.010934s)
[2021.08.28-04.44.29:539][905]LogAIModule: Creating AISystem for world TopDownExampleMap
[2021.08.28-04.44.29:539][905]LogAISub: UAISubsystem::UAISubsystem EnvQueryManager (0000016BFB1C9C00), frame # 6905
[2021.08.28-04.44.29:539][905]LogAISub: UAISubsystem::UAISubsystem AIPerceptionSystem (0000016BFBFADBC0), frame # 6905
[2021.08.28-04.44.29:540][905]LogPlayLevel: PIE: World Init took: (0.001621s)
[2021.08.28-04.44.29:540][905]LogPlayLevel: PIE: Created PIE world by copying editor world from /Game/TopDownBP/Maps/TopDownExampleMap.TopDownExampleMap to /Game/TopDownBP/Maps/UEDPIE_0_TopDownExampleMap.TopDownExampleMap (0.013141s)
[2021.08.28-04.44.29:559][905]LogUObjectHash: Compacting FUObjectHashTables data took   1.35ms
[2021.08.28-04.44.29:560][905]LogAudioMixer: Display: Audio Mixer Platform Settings:
[2021.08.28-04.44.29:560][905]LogAudioMixer: Display: 	Sample Rate:						  48000
[2021.08.28-04.44.29:560][905]LogAudioMixer: Display: 	Callback Buffer Frame Size Requested: 1024
[2021.08.28-04.44.29:560][905]LogAudioMixer: Display: 	Callback Buffer Frame Size To Use:	  1024
[2021.08.28-04.44.29:561][905]LogAudioMixer: Display: 	Number of buffers to queue:			  2
[2021.08.28-04.44.29:561][905]LogAudioMixer: Display: 	Max Channels (voices):				  32
[2021.08.28-04.44.29:561][905]LogAudioMixer: Display: 	Number of Async Source Workers:		  0
[2021.08.28-04.44.29:561][905]LogAudio: Display: AudioDevice MaxSources: 32
[2021.08.28-04.44.29:561][905]LogAudio: Display: Using built-in audio occlusion.
[2021.08.28-04.44.29:561][905]LogAudioMixer: Display: Initializing audio mixer.
[2021.08.28-04.44.29:564][905]LogAudioMixer: Display: 0: FrontLeft
[2021.08.28-04.44.29:564][905]LogAudioMixer: Display: 1: FrontRight
[2021.08.28-04.44.29:587][905]LogAudioMixer: Display: Using Audio Device Headphones (Dalton’s AirPods #2 Stereo)
[2021.08.28-04.44.29:587][905]LogAudioMixer: Display: Initializing Sound Submixes...
[2021.08.28-04.44.29:588][905]LogAudioMixer: Display: Creating Master Submix 'MasterSubmixDefault'
[2021.08.28-04.44.29:588][905]LogAudioMixer: Display: Creating Master Submix 'MasterReverbSubmixDefault'
[2021.08.28-04.44.29:588][905]LogAudioMixer: Display: Creating Master Submix 'MasterEQSubmixDefault'
[2021.08.28-04.44.29:598][905]LogInit: FAudioDevice initialized.
[2021.08.28-04.44.29:608][905]LogLoad: Game class is 'Gamemode_C'
[2021.08.28-04.44.29:609][905]LogWorld: Bringing World /Game/TopDownBP/Maps/UEDPIE_0_TopDownExampleMap.TopDownExampleMap up for play (max tick rate 0) at 2021.08.28-00.44.29
[2021.08.28-04.44.29:609][905]LogWorld: Bringing up level for play took: 0.001840
[2021.08.28-04.44.29:610][905]LogOnline: OSS: Creating online subsystem instance for: :Context_8
[2021.08.28-04.44.29:612][905]PIE: Server logged in
[2021.08.28-04.44.29:613][905]PIE: Play in editor total start time 0.088 seconds.
[2021.08.28-04.44.39:729][432]LogTemp: Resetting audio stream to device id 
[2021.08.28-04.44.39:763][432]LogAudioMixer: Display: 0: FrontLeft
[2021.08.28-04.44.39:763][432]LogAudioMixer: Display: 1: FrontRight
[2021.08.28-04.44.39:786][432]LogTemp: Resetting audio stream to device id 
[2021.08.28-04.44.39:821][432]LogAudioMixer: Display: 0: FrontLeft
[2021.08.28-04.44.39:821][432]LogAudioMixer: Display: 1: FrontRight
[2021.08.28-04.44.44:920][811]LogSlate: Updating window title bar state: overlay mode, drag disabled, window buttons hidden, title bar hidden
[2021.08.28-04.44.44:920][811]LogWorld: BeginTearingDown for /Game/TopDownBP/Maps/UEDPIE_0_TopDownExampleMap
[2021.08.28-04.44.44:921][811]LogWorld: UWorld::CleanupWorld for TopDownExampleMap, bSessionEnded=true, bCleanupResources=true
[2021.08.28-04.44.44:922][811]LogSlate: InvalidateAllWidgets triggered.  All widgets were invalidated
[2021.08.28-04.44.44:935][811]LogPlayLevel: Display: Shutting down PIE online subsystems
[2021.08.28-04.44.44:938][811]LogSlate: InvalidateAllWidgets triggered.  All widgets were invalidated
[2021.08.28-04.44.44:984][811]LogSlate: Updating window title bar state: overlay mode, drag disabled, window buttons hidden, title bar hidden
[2021.08.28-04.44.44:984][811]LogAISub: UAISubsystem::~UAISubsystem AIPerceptionSystem (0000016BFBFADBC0), frame # 7811
[2021.08.28-04.44.44:984][811]LogAISub: UAISubsystem::~UAISubsystem EnvQueryManager (0000016BFB1C9C00), frame # 7811
[2021.08.28-04.44.44:986][811]LogUObjectHash: Compacting FUObjectHashTables data took   1.34ms
[2021.08.28-04.44.45:014][812]LogPlayLevel: Display: Destroying online subsystem :Context_8
[2021.08.28-04.44.45:559][862]LogEditorViewport: Clicking on Actor (LMB): TextRenderActor (TemplateLabel)
[2021.08.28-04.45.23:331][280]LogAssetEditorSubsystem: Opening Asset editor for Blueprint /Game/Blueprints/BP_PlayerController.BP_PlayerController
[2021.08.28-04.45.24:683][280]LogSlate: Window 'Message' being destroyed
[2021.08.28-04.45.24:688][280]Message dialog closed, result: Cancel, title: Message, text: Blueprint could not be loaded because it derives from an invalid class.  Check to make sure the parent class for this blueprint hasn't been removed! Do you want to continue (it can crash the editor)?
[2021.08.28-04.45.27:896][568]LogUObjectHash: Compacting FUObjectHashTables data took   1.38ms
[2021.08.28-04.45.29:451][568]LogSlate: Window 'Delete Assets' being destroyed
[2021.08.28-04.45.29:563][568]LogUObjectHash: Compacting FUObjectHashTables data took   1.24ms
[2021.08.28-04.45.29:611][568]LogUObjectHash: Compacting FUObjectHashTables data took   1.12ms
[2021.08.28-04.45.29:631][568]LogUObjectHash: Compacting FUObjectHashTables data took   0.57ms
[2021.08.28-04.45.30:712][662]LogUObjectHash: Compacting FUObjectHashTables data took   0.37ms
[2021.08.28-04.45.31:688][662]LogSlate: Window 'Delete Assets' being destroyed
[2021.08.28-04.45.31:813][662]LogUObjectHash: Compacting FUObjectHashTables data took   1.15ms
[2021.08.28-04.45.31:838][662]LogUObjectHash: Compacting FUObjectHashTables data took   1.08ms
[2021.08.28-04.45.31:857][662]LogUObjectHash: Compacting FUObjectHashTables data took   0.37ms
[2021.08.28-04.45.35:002][804]LogSlate: Window 'Pick Parent Class' being destroyed
[2021.08.28-04.45.46:215][803]LogAssetEditorSubsystem: Opening Asset editor for Class /Script/BrackeysJamAug2021.MyCharacter
[2021.08.28-04.46.00:579][540]LogAssetEditorSubsystem: Opening Asset editor for Class /Script/BrackeysJamAug2021.MyCharacter
[2021.08.28-04.46.12:248][  1]LogUObjectHash: Compacting FUObjectHashTables data took   1.43ms
[2021.08.28-04.46.13:349][  1]LogSlate: Window 'Delete Assets' being destroyed
[2021.08.28-04.46.13:503][  1]LogUObjectHash: Compacting FUObjectHashTables data took   1.20ms
[2021.08.28-04.46.17:794][414]LogAssetEditorSubsystem: Opening Asset editor for Class /Script/BrackeysJamAug2021.MyCharacter
[2021.08.28-04.46.37:635][952]LogSlate: Prevented a slow task dialog from being summoned while a context menu was open
[2021.08.28-04.46.50:616][ 78]BlueprintLog: New page: Compile Gamemode
[2021.08.28-04.46.50:651][ 78]LogUObjectHash: Compacting FUObjectHashTables data took   1.68ms
[2021.08.28-04.46.51:049][113]Cmd: OBJ SAVEPACKAGE PACKAGE="/Game/TopDownBP/Blueprints/Gamemode" FILE="D:/source/repos/BrackeysJamAug2021/BrackeysJamAug2021/Content/TopDownBP/Blueprints/Gamemode.uasset" SILENT=true
[2021.08.28-04.46.51:058][113]LogSavePackage: Moving 'D:/source/repos/BrackeysJamAug2021/BrackeysJamAug2021/Saved/Gamemode01E6977845146BF13F09198CA8E5CB5F.tmp' to 'D:/source/repos/BrackeysJamAug2021/BrackeysJamAug2021/Content/TopDownBP/Blueprints/Gamemode.uasset'
[2021.08.28-04.46.51:086][113]AssetCheck: New page: Asset Save: Gamemode
[2021.08.28-04.46.51:086][113]LogContentValidation: Display: Validating Blueprint /Game/TopDownBP/Blueprints/Gamemode.Gamemode
[2021.08.28-04.46.52:213][210]LogTemp: Repeating last play command: Selected Viewport
[2021.08.28-04.46.52:224][210]LogPlayLevel: PlayLevel: No blueprints needed recompiling
[2021.08.28-04.46.52:224][210]PIE: New page: PIE session: TopDownExampleMap (Aug 27, 2021, 8:46:52 PM)
[2021.08.28-04.46.52:225][210]LogPlayLevel: Creating play world package: /Game/TopDownBP/Maps/UEDPIE_0_TopDownExampleMap
[2021.08.28-04.46.52:236][210]LogPlayLevel: PIE: StaticDuplicateObject took: (0.010946s)
[2021.08.28-04.46.52:237][210]LogAIModule: Creating AISystem for world TopDownExampleMap
[2021.08.28-04.46.52:237][210]LogAISub: UAISubsystem::UAISubsystem EnvQueryManager (0000016BB5553E00), frame # 16210
[2021.08.28-04.46.52:237][210]LogAISub: UAISubsystem::UAISubsystem AIPerceptionSystem (0000016BFC6C2840), frame # 16210
[2021.08.28-04.46.52:238][210]LogPlayLevel: PIE: World Init took: (0.001692s)
[2021.08.28-04.46.52:238][210]LogPlayLevel: PIE: Created PIE world by copying editor world from /Game/TopDownBP/Maps/TopDownExampleMap.TopDownExampleMap to /Game/TopDownBP/Maps/UEDPIE_0_TopDownExampleMap.TopDownExampleMap (0.013331s)
[2021.08.28-04.46.52:259][210]LogUObjectHash: Compacting FUObjectHashTables data took   1.67ms
[2021.08.28-04.46.52:260][210]LogAudioMixer: Display: Audio Mixer Platform Settings:
[2021.08.28-04.46.52:260][210]LogAudioMixer: Display: 	Sample Rate:						  48000
[2021.08.28-04.46.52:260][210]LogAudioMixer: Display: 	Callback Buffer Frame Size Requested: 1024
[2021.08.28-04.46.52:260][210]LogAudioMixer: Display: 	Callback Buffer Frame Size To Use:	  1024
[2021.08.28-04.46.52:260][210]LogAudioMixer: Display: 	Number of buffers to queue:			  2
[2021.08.28-04.46.52:261][210]LogAudioMixer: Display: 	Max Channels (voices):				  32
[2021.08.28-04.46.52:261][210]LogAudioMixer: Display: 	Number of Async Source Workers:		  0
[2021.08.28-04.46.52:261][210]LogAudio: Display: AudioDevice MaxSources: 32
[2021.08.28-04.46.52:261][210]LogAudio: Display: Using built-in audio occlusion.
[2021.08.28-04.46.52:261][210]LogAudioMixer: Display: Initializing audio mixer.
[2021.08.28-04.46.52:264][210]LogAudioMixer: Display: 0: FrontLeft
[2021.08.28-04.46.52:264][210]LogAudioMixer: Display: 1: FrontRight
[2021.08.28-04.46.52:288][210]LogAudioMixer: Display: Using Audio Device Headphones (Dalton’s AirPods #2 Stereo)
[2021.08.28-04.46.52:288][210]LogAudioMixer: Display: Initializing Sound Submixes...
[2021.08.28-04.46.52:288][210]LogAudioMixer: Display: Creating Master Submix 'MasterSubmixDefault'
[2021.08.28-04.46.52:288][210]LogAudioMixer: Display: Creating Master Submix 'MasterReverbSubmixDefault'
[2021.08.28-04.46.52:289][210]LogAudioMixer: Display: Creating Master Submix 'MasterEQSubmixDefault'
[2021.08.28-04.46.52:299][210]LogInit: FAudioDevice initialized.
[2021.08.28-04.46.52:313][210]LogLoad: Game class is 'Gamemode_C'
[2021.08.28-04.46.52:315][210]LogWorld: Bringing World /Game/TopDownBP/Maps/UEDPIE_0_TopDownExampleMap.TopDownExampleMap up for play (max tick rate 0) at 2021.08.28-00.46.52
[2021.08.28-04.46.52:315][210]LogWorld: Bringing up level for play took: 0.001585
[2021.08.28-04.46.52:316][210]LogOnline: OSS: Creating online subsystem instance for: :Context_9
[2021.08.28-04.46.52:318][210]PIE: Server logged in
[2021.08.28-04.46.52:319][210]PIE: Play in editor total start time 0.096 seconds.
[2021.08.28-04.46.55:780][526]LogSlate: Updating window title bar state: overlay mode, drag disabled, window buttons hidden, title bar hidden
[2021.08.28-04.46.55:781][526]LogWorld: BeginTearingDown for /Game/TopDownBP/Maps/UEDPIE_0_TopDownExampleMap
[2021.08.28-04.46.55:781][526]LogWorld: UWorld::CleanupWorld for TopDownExampleMap, bSessionEnded=true, bCleanupResources=true
[2021.08.28-04.46.55:781][526]LogSlate: InvalidateAllWidgets triggered.  All widgets were invalidated
[2021.08.28-04.46.55:796][526]LogPlayLevel: Display: Shutting down PIE online subsystems
[2021.08.28-04.46.55:799][526]LogSlate: InvalidateAllWidgets triggered.  All widgets were invalidated
[2021.08.28-04.46.55:842][526]LogSlate: Updating window title bar state: overlay mode, drag disabled, window buttons hidden, title bar hidden
[2021.08.28-04.46.55:843][526]LogAISub: UAISubsystem::~UAISubsystem AIPerceptionSystem (0000016BFC6C2840), frame # 16526
[2021.08.28-04.46.55:843][526]LogAISub: UAISubsystem::~UAISubsystem EnvQueryManager (0000016BB5553E00), frame # 16526
[2021.08.28-04.46.55:844][526]LogUObjectHash: Compacting FUObjectHashTables data took   1.36ms
[2021.08.28-04.46.55:869][527]LogPlayLevel: Display: Destroying online subsystem :Context_9
[2021.08.28-04.46.58:544][769]LogAssetEditorSubsystem: Opening Asset editor for Class /Script/BrackeysJamAug2021.MyCharacter
